[ 2015-11-12T09:12:03+08:00 ] ::1 /hmall/
INFO: [ app_init ] --START--
INFO: Run Behavior\BuildLiteBehavior [ RunTime:0.000000s ]
INFO: [ app_init ] --END-- [ RunTime:0.001000s ]
INFO: [ app_begin ] --START--
INFO: Run Behavior\ReadHtmlCacheBehavior [ RunTime:0.001000s ]
INFO: [ app_begin ] --END-- [ RunTime:0.001000s ]
SQL: SHOW COLUMNS FROM `hm_goods_class` [ RunTime:0.0910s ]
SQL: SELECT * FROM `hm_goods_class` ORDER BY gc_id ASC  [ RunTime:0.0010s ]
SQL: SHOW COLUMNS FROM `hm_goods` [ RunTime:0.0200s ]
SQL: SELECT * FROM `hm_goods` ORDER BY goods_add_time DESC  [ RunTime:0.0000s ]
INFO: [ view_parse ] --START--
INFO: [ template_filter ] --START--
INFO: Run Behavior\ContentReplaceBehavior [ RunTime:0.000000s ]
INFO: [ template_filter ] --END-- [ RunTime:0.000000s ]
INFO: Run Behavior\ParseTemplateBehavior [ RunTime:0.058000s ]
INFO: [ view_parse ] --END-- [ RunTime:0.058000s ]
INFO: [ view_filter ] --START--
INFO: Run Behavior\WriteHtmlCacheBehavior [ RunTime:0.001000s ]
INFO: [ view_filter ] --END-- [ RunTime:0.001000s ]
INFO: [ app_end ] --START--
INFO: Run Behavior\ShowPageTraceBehavior [ RunTime:0.001000s ]
INFO: [ app_end ] --END-- [ RunTime:0.002000s ]

[ 2015-11-12T09:43:02+08:00 ] ::1 /hmall/
INFO: [ app_init ] --START--
INFO: Run Behavior\BuildLiteBehavior [ RunTime:0.000000s ]
INFO: [ app_init ] --END-- [ RunTime:0.000000s ]
INFO: [ app_begin ] --START--
INFO: Run Behavior\ReadHtmlCacheBehavior [ RunTime:0.001000s ]
INFO: [ app_begin ] --END-- [ RunTime:0.001000s ]
SQL: SHOW COLUMNS FROM `hm_goods_class` [ RunTime:0.0040s ]
SQL: SELECT * FROM `hm_goods_class` ORDER BY gc_id ASC  [ RunTime:0.0000s ]
SQL: SHOW COLUMNS FROM `hm_goods` [ RunTime:0.0030s ]
SQL: SELECT * FROM `hm_goods` ORDER BY goods_add_time DESC  [ RunTime:0.0010s ]
INFO: [ view_parse ] --START--
INFO: [ template_filter ] --START--
INFO: Run Behavior\ContentReplaceBehavior [ RunTime:0.001000s ]
INFO: [ template_filter ] --END-- [ RunTime:0.001000s ]
INFO: Run Behavior\ParseTemplateBehavior [ RunTime:0.032000s ]
INFO: [ view_parse ] --END-- [ RunTime:0.032000s ]
INFO: [ view_filter ] --START--
INFO: Run Behavior\WriteHtmlCacheBehavior [ RunTime:0.000000s ]
INFO: [ view_filter ] --END-- [ RunTime:0.000000s ]
INFO: [ app_end ] --START--
INFO: Run Behavior\ShowPageTraceBehavior [ RunTime:0.001000s ]
INFO: [ app_end ] --END-- [ RunTime:0.001000s ]

[ 2015-11-12T09:51:34+08:00 ] ::1 /hmall/index.php/Home/goods/show/id/21.html
INFO: [ app_init ] --START--
INFO: Run Behavior\BuildLiteBehavior [ RunTime:0.001000s ]
INFO: [ app_init ] --END-- [ RunTime:0.001000s ]
INFO: [ app_begin ] --START--
INFO: Run Behavior\ReadHtmlCacheBehavior [ RunTime:0.001000s ]
INFO: [ app_begin ] --END-- [ RunTime:0.002000s ]
NOTIC: [2048] Declaration of Home\Controller\GoodsController::show() should be compatible with Think\Controller::show($content, $charset = '', $contentType = '', $prefix = '') F:\wamp\www\hmall\Application\Home\Controller\GoodsController.class.php 第 70 行.
SQL: SHOW COLUMNS FROM `hm_goods` [ RunTime:0.0030s ]
SQL: SELECT * FROM `hm_goods` WHERE `goods_id` = 21 LIMIT 1   [ RunTime:0.0000s ]
SQL: SELECT * FROM `hm_goods` WHERE `goods_id` = 21 LIMIT 1   [ RunTime:0.0000s ]
SQL: SHOW COLUMNS FROM `hm_attachment` [ RunTime:0.0030s ]
SQL: SELECT * FROM `hm_attachment` WHERE `related_id` = 21  [ RunTime:0.0000s ]
SQL: SHOW COLUMNS FROM `hm_goods_attr_value` [ RunTime:0.0040s ]
SQL: SELECT * FROM `hm_goods_attr_value` WHERE `goods_id` = 21  [ RunTime:0.0010s ]
SQL: SHOW COLUMNS FROM `hm_goods_spec_value` [ RunTime:0.0040s ]
SQL: SELECT * FROM `hm_goods_spec_value` WHERE `goods_id` = 21  [ RunTime:0.0010s ]
SQL: SHOW COLUMNS FROM `hm_goods_class` [ RunTime:0.0030s ]
SQL: SELECT `type_id` FROM `hm_goods_class` WHERE `gc_id` = 1 LIMIT 1   [ RunTime:0.0010s ]
SQL: SHOW COLUMNS FROM `hm_goods_type` [ RunTime:0.0040s ]
SQL: SELECT * FROM `hm_goods_type` WHERE `type_id` = 1 LIMIT 1   [ RunTime:0.0010s ]
SQL: SHOW COLUMNS FROM `hm_goods_attr` [ RunTime:0.0040s ]
SQL: SELECT * FROM `hm_goods_attr` WHERE `attr_id` IN ('2','5')  [ RunTime:0.0010s ]
SQL: SHOW COLUMNS FROM `hm_goods_spec` [ RunTime:0.0030s ]
SQL: SELECT * FROM `hm_goods_spec` WHERE `spec_id` IN ('1','6','7')  [ RunTime:0.0010s ]
SQL: SHOW COLUMNS FROM `hm_goods_brand` [ RunTime:0.0050s ]
SQL: SELECT * FROM `hm_goods_brand` WHERE `brand_id` IN ('4','5','6')  [ RunTime:0.0000s ]
INFO: [ view_parse ] --START--
INFO: [ template_filter ] --START--
INFO: Run Behavior\ContentReplaceBehavior [ RunTime:0.000000s ]
INFO: [ template_filter ] --END-- [ RunTime:0.002000s ]
NOTIC: [8] Undefined variable: list_tree F:\wamp\www\hmall\Application\Runtime\Cache\Home\54008e408fa304c7303b79a38c85d02c.php 第 204 行.
INFO: Run Behavior\ParseTemplateBehavior [ RunTime:0.038000s ]
INFO: [ view_parse ] --END-- [ RunTime:0.038000s ]
INFO: [ view_filter ] --START--
INFO: Run Behavior\WriteHtmlCacheBehavior [ RunTime:0.001000s ]
INFO: [ view_filter ] --END-- [ RunTime:0.001000s ]
INFO: [ app_end ] --START--
INFO: Run Behavior\ShowPageTraceBehavior [ RunTime:0.002000s ]
INFO: [ app_end ] --END-- [ RunTime:0.002000s ]

[ 2015-11-12T09:51:35+08:00 ] ::1 /hmall/index.php/Home/goods/show/id/index.php?act=show_store&op=ajax_flowstat_record&store_id=1&goods_id=46&act_param=goods&op_param=index
INFO: [ app_init ] --START--
INFO: Run Behavior\BuildLiteBehavior [ RunTime:0.000000s ]
INFO: [ app_init ] --END-- [ RunTime:0.001000s ]
INFO: [ app_begin ] --START--
INFO: Run Behavior\ReadHtmlCacheBehavior [ RunTime:0.000000s ]
INFO: [ app_begin ] --END-- [ RunTime:0.001000s ]
NOTIC: [2048] Declaration of Home\Controller\GoodsController::show() should be compatible with Think\Controller::show($content, $charset = '', $contentType = '', $prefix = '') F:\wamp\www\hmall\Application\Home\Controller\GoodsController.class.php 第 70 行.
SQL: SHOW COLUMNS FROM `hm_goods` [ RunTime:0.0110s ]
SQL: SELECT * FROM `hm_goods` WHERE `goods_id` = 0 LIMIT 1   [ RunTime:0.0010s ]
SQL: SELECT * FROM `hm_goods` WHERE `goods_id` = 0 LIMIT 1   [ RunTime:0.0000s ]
SQL: SHOW COLUMNS FROM `hm_attachment` [ RunTime:0.0030s ]
SQL: SELECT * FROM `hm_attachment` WHERE `related_id` = 0  [ RunTime:0.0000s ]
SQL: SHOW COLUMNS FROM `hm_goods_attr_value` [ RunTime:0.0030s ]
SQL: SELECT * FROM `hm_goods_attr_value` WHERE `goods_id` = 0  [ RunTime:0.0010s ]
SQL: SHOW COLUMNS FROM `hm_goods_spec_value` [ RunTime:0.0030s ]
SQL: SELECT * FROM `hm_goods_spec_value` WHERE `goods_id` = 0  [ RunTime:0.0000s ]
SQL: SHOW COLUMNS FROM `hm_goods_class` [ RunTime:0.0050s ]
SQL: SELECT `type_id` FROM `hm_goods_class` WHERE `gc_id` = null LIMIT 1   [ RunTime:0.0010s ]
INFO: [ view_parse ] --START--
INFO: [ template_filter ] --START--
INFO: Run Behavior\ContentReplaceBehavior [ RunTime:0.001000s ]
INFO: [ template_filter ] --END-- [ RunTime:0.001000s ]
NOTIC: [8] Undefined variable: list_tree F:\wamp\www\hmall\Application\Runtime\Cache\Home\54008e408fa304c7303b79a38c85d02c.php 第 204 行.
INFO: Run Behavior\ParseTemplateBehavior [ RunTime:0.042000s ]
INFO: [ view_parse ] --END-- [ RunTime:0.043000s ]
INFO: [ view_filter ] --START--
INFO: Run Behavior\WriteHtmlCacheBehavior [ RunTime:0.001000s ]
INFO: [ view_filter ] --END-- [ RunTime:0.001000s ]
INFO: [ app_end ] --START--
INFO: Run Behavior\ShowPageTraceBehavior [ RunTime:0.002000s ]
INFO: [ app_end ] --END-- [ RunTime:0.002000s ]

[ 2015-11-12T09:54:18+08:00 ] ::1 /hmall/index.php/Home/goods/show/id/21.html
INFO: [ app_init ] --START--
INFO: Run Behavior\BuildLiteBehavior [ RunTime:0.000000s ]
INFO: [ app_init ] --END-- [ RunTime:0.002000s ]
INFO: [ app_begin ] --START--
INFO: Run Behavior\ReadHtmlCacheBehavior [ RunTime:0.001000s ]
INFO: [ app_begin ] --END-- [ RunTime:0.001000s ]
NOTIC: [2048] Declaration of Home\Controller\GoodsController::show() should be compatible with Think\Controller::show($content, $charset = '', $contentType = '', $prefix = '') F:\wamp\www\hmall\Application\Home\Controller\GoodsController.class.php 第 70 行.
SQL: SHOW COLUMNS FROM `hm_goods` [ RunTime:0.0040s ]
SQL: SELECT * FROM `hm_goods` WHERE `goods_id` = 21 LIMIT 1   [ RunTime:0.0020s ]
SQL: SELECT * FROM `hm_goods` WHERE `goods_id` = 21 LIMIT 1   [ RunTime:0.0010s ]
SQL: SHOW COLUMNS FROM `hm_attachment` [ RunTime:0.0050s ]
SQL: SELECT * FROM `hm_attachment` WHERE `related_id` = 21  [ RunTime:0.0000s ]
SQL: SHOW COLUMNS FROM `hm_goods_attr_value` [ RunTime:0.0070s ]
SQL: SELECT * FROM `hm_goods_attr_value` WHERE `goods_id` = 21  [ RunTime:0.0020s ]
SQL: SHOW COLUMNS FROM `hm_goods_spec_value` [ RunTime:0.0040s ]
SQL: SELECT * FROM `hm_goods_spec_value` WHERE `goods_id` = 21  [ RunTime:0.0010s ]
SQL: SHOW COLUMNS FROM `hm_goods_class` [ RunTime:0.0030s ]
SQL: SELECT `type_id` FROM `hm_goods_class` WHERE `gc_id` = 1 LIMIT 1   [ RunTime:0.0010s ]
SQL: SHOW COLUMNS FROM `hm_goods_type` [ RunTime:0.0040s ]
SQL: SELECT * FROM `hm_goods_type` WHERE `type_id` = 1 LIMIT 1   [ RunTime:0.0010s ]
SQL: SHOW COLUMNS FROM `hm_goods_attr` [ RunTime:0.0040s ]
SQL: SELECT * FROM `hm_goods_attr` WHERE `attr_id` IN ('2','5')  [ RunTime:0.0010s ]
SQL: SHOW COLUMNS FROM `hm_goods_spec` [ RunTime:0.0060s ]
SQL: SELECT * FROM `hm_goods_spec` WHERE `spec_id` IN ('1','6','7')  [ RunTime:0.0010s ]
SQL: SHOW COLUMNS FROM `hm_goods_brand` [ RunTime:0.0040s ]
SQL: SELECT * FROM `hm_goods_brand` WHERE `brand_id` IN ('4','5','6')  [ RunTime:0.0020s ]
INFO: [ view_parse ] --START--
INFO: [ template_filter ] --START--
INFO: Run Behavior\ContentReplaceBehavior [ RunTime:0.001000s ]
INFO: [ template_filter ] --END-- [ RunTime:0.001000s ]
NOTIC: [8] Undefined variable: list_tree F:\wamp\www\hmall\Application\Runtime\Cache\Home\54008e408fa304c7303b79a38c85d02c.php 第 204 行.
INFO: Run Behavior\ParseTemplateBehavior [ RunTime:0.042000s ]
INFO: [ view_parse ] --END-- [ RunTime:0.043000s ]
INFO: [ view_filter ] --START--
INFO: Run Behavior\WriteHtmlCacheBehavior [ RunTime:0.001000s ]
INFO: [ view_filter ] --END-- [ RunTime:0.002000s ]
INFO: [ app_end ] --START--
INFO: Run Behavior\ShowPageTraceBehavior [ RunTime:0.004000s ]
INFO: [ app_end ] --END-- [ RunTime:0.004000s ]

[ 2015-11-12T09:54:19+08:00 ] ::1 /hmall/index.php/Home/goods/show/id/index.php?act=show_store&op=ajax_flowstat_record&store_id=1&goods_id=46&act_param=goods&op_param=index
INFO: [ app_init ] --START--
INFO: Run Behavior\BuildLiteBehavior [ RunTime:0.000000s ]
INFO: [ app_init ] --END-- [ RunTime:0.001000s ]
INFO: [ app_begin ] --START--
INFO: Run Behavior\ReadHtmlCacheBehavior [ RunTime:0.001000s ]
INFO: [ app_begin ] --END-- [ RunTime:0.001000s ]
NOTIC: [2048] Declaration of Home\Controller\GoodsController::show() should be compatible with Think\Controller::show($content, $charset = '', $contentType = '', $prefix = '') F:\wamp\www\hmall\Application\Home\Controller\GoodsController.class.php 第 70 行.
SQL: SHOW COLUMNS FROM `hm_goods` [ RunTime:0.0050s ]
SQL: SELECT * FROM `hm_goods` WHERE `goods_id` = 0 LIMIT 1   [ RunTime:0.0010s ]
SQL: SELECT * FROM `hm_goods` WHERE `goods_id` = 0 LIMIT 1   [ RunTime:0.0010s ]
SQL: SHOW COLUMNS FROM `hm_attachment` [ RunTime:0.0040s ]
SQL: SELECT * FROM `hm_attachment` WHERE `related_id` = 0  [ RunTime:0.0010s ]
SQL: SHOW COLUMNS FROM `hm_goods_attr_value` [ RunTime:0.0030s ]
SQL: SELECT * FROM `hm_goods_attr_value` WHERE `goods_id` = 0  [ RunTime:0.0010s ]
SQL: SHOW COLUMNS FROM `hm_goods_spec_value` [ RunTime:0.0170s ]
SQL: SELECT * FROM `hm_goods_spec_value` WHERE `goods_id` = 0  [ RunTime:0.0010s ]
SQL: SHOW COLUMNS FROM `hm_goods_class` [ RunTime:0.0040s ]
SQL: SELECT `type_id` FROM `hm_goods_class` WHERE `gc_id` = null LIMIT 1   [ RunTime:0.0000s ]
INFO: [ view_parse ] --START--
INFO: [ template_filter ] --START--
INFO: Run Behavior\ContentReplaceBehavior [ RunTime:0.000000s ]
INFO: [ template_filter ] --END-- [ RunTime:0.001000s ]
NOTIC: [8] Undefined variable: list_tree F:\wamp\www\hmall\Application\Runtime\Cache\Home\54008e408fa304c7303b79a38c85d02c.php 第 204 行.
INFO: Run Behavior\ParseTemplateBehavior [ RunTime:0.028000s ]
INFO: [ view_parse ] --END-- [ RunTime:0.029000s ]
INFO: [ view_filter ] --START--
INFO: Run Behavior\WriteHtmlCacheBehavior [ RunTime:0.000000s ]
INFO: [ view_filter ] --END-- [ RunTime:0.000000s ]
INFO: [ app_end ] --START--
INFO: Run Behavior\ShowPageTraceBehavior [ RunTime:0.001000s ]
INFO: [ app_end ] --END-- [ RunTime:0.001000s ]

[ 2015-11-12T15:09:12+08:00 ] ::1 /hmall/index.php/Home/goods/show/id/21.html
INFO: [ app_init ] --START--
INFO: Run Behavior\BuildLiteBehavior [ RunTime:0.000000s ]
INFO: [ app_init ] --END-- [ RunTime:0.001000s ]
INFO: [ app_begin ] --START--
INFO: Run Behavior\ReadHtmlCacheBehavior [ RunTime:0.001000s ]
INFO: [ app_begin ] --END-- [ RunTime:0.001000s ]
NOTIC: [2048] Declaration of Home\Controller\GoodsController::show() should be compatible with Think\Controller::show($content, $charset = '', $contentType = '', $prefix = '') F:\wamp\www\hmall\Application\Home\Controller\GoodsController.class.php 第 70 行.
SQL: SHOW COLUMNS FROM `hm_goods` [ RunTime:0.0030s ]
SQL: SELECT * FROM `hm_goods` WHERE `goods_id` = 21 LIMIT 1   [ RunTime:0.0010s ]
SQL: SELECT * FROM `hm_goods` WHERE `goods_id` = 21 LIMIT 1   [ RunTime:0.0010s ]
SQL: SHOW COLUMNS FROM `hm_attachment` [ RunTime:0.0100s ]
SQL: SELECT * FROM `hm_attachment` WHERE `related_id` = 21  [ RunTime:0.0120s ]
SQL: SHOW COLUMNS FROM `hm_goods_attr_value` [ RunTime:0.0110s ]
SQL: SELECT * FROM `hm_goods_attr_value` WHERE `goods_id` = 21  [ RunTime:0.0010s ]
SQL: SHOW COLUMNS FROM `hm_goods_spec_value` [ RunTime:0.0150s ]
SQL: SELECT * FROM `hm_goods_spec_value` WHERE `goods_id` = 21  [ RunTime:0.0010s ]
SQL: SHOW COLUMNS FROM `hm_goods_class` [ RunTime:0.0040s ]
SQL: SELECT `type_id` FROM `hm_goods_class` WHERE `gc_id` = 1 LIMIT 1   [ RunTime:0.0010s ]
SQL: SHOW COLUMNS FROM `hm_goods_type` [ RunTime:0.0210s ]
SQL: SELECT * FROM `hm_goods_type` WHERE `type_id` = 1 LIMIT 1   [ RunTime:0.0010s ]
SQL: SHOW COLUMNS FROM `hm_goods_attr` [ RunTime:0.0300s ]
SQL: SELECT * FROM `hm_goods_attr` WHERE `attr_id` IN ('2','5')  [ RunTime:0.0010s ]
SQL: SHOW COLUMNS FROM `hm_goods_spec` [ RunTime:0.0050s ]
SQL: SELECT * FROM `hm_goods_spec` WHERE `spec_id` IN ('1','6','7')  [ RunTime:0.0110s ]
SQL: SHOW COLUMNS FROM `hm_goods_brand` [ RunTime:0.0050s ]
SQL: SELECT * FROM `hm_goods_brand` WHERE `brand_id` IN ('4','5','6')  [ RunTime:0.0000s ]
INFO: [ view_parse ] --START--
INFO: [ template_filter ] --START--
INFO: Run Behavior\ContentReplaceBehavior [ RunTime:0.000000s ]
INFO: [ template_filter ] --END-- [ RunTime:0.001000s ]
NOTIC: [8] Undefined variable: list_tree F:\wamp\www\hmall\Application\Runtime\Cache\Home\54008e408fa304c7303b79a38c85d02c.php 第 204 行.
INFO: Run Behavior\ParseTemplateBehavior [ RunTime:0.066000s ]
INFO: [ view_parse ] --END-- [ RunTime:0.066000s ]
INFO: [ view_filter ] --START--
INFO: Run Behavior\WriteHtmlCacheBehavior [ RunTime:0.001000s ]
INFO: [ view_filter ] --END-- [ RunTime:0.001000s ]
INFO: [ app_end ] --START--
INFO: Run Behavior\ShowPageTraceBehavior [ RunTime:0.003000s ]
INFO: [ app_end ] --END-- [ RunTime:0.003000s ]

[ 2015-11-12T15:09:14+08:00 ] ::1 /hmall/index.php/Home/goods/show/id/index.php?act=show_store&op=ajax_flowstat_record&store_id=1&goods_id=46&act_param=goods&op_param=index
INFO: [ app_init ] --START--
INFO: Run Behavior\BuildLiteBehavior [ RunTime:0.000000s ]
INFO: [ app_init ] --END-- [ RunTime:0.001000s ]
INFO: [ app_begin ] --START--
INFO: Run Behavior\ReadHtmlCacheBehavior [ RunTime:0.001000s ]
INFO: [ app_begin ] --END-- [ RunTime:0.001000s ]
NOTIC: [2048] Declaration of Home\Controller\GoodsController::show() should be compatible with Think\Controller::show($content, $charset = '', $contentType = '', $prefix = '') F:\wamp\www\hmall\Application\Home\Controller\GoodsController.class.php 第 70 行.
SQL: SHOW COLUMNS FROM `hm_goods` [ RunTime:0.0030s ]
SQL: SELECT * FROM `hm_goods` WHERE `goods_id` = 0 LIMIT 1   [ RunTime:0.0000s ]
SQL: SELECT * FROM `hm_goods` WHERE `goods_id` = 0 LIMIT 1   [ RunTime:0.0020s ]
SQL: SHOW COLUMNS FROM `hm_attachment` [ RunTime:0.0030s ]
SQL: SELECT * FROM `hm_attachment` WHERE `related_id` = 0  [ RunTime:0.0010s ]
SQL: SHOW COLUMNS FROM `hm_goods_attr_value` [ RunTime:0.0030s ]
SQL: SELECT * FROM `hm_goods_attr_value` WHERE `goods_id` = 0  [ RunTime:0.0000s ]
SQL: SHOW COLUMNS FROM `hm_goods_spec_value` [ RunTime:0.0030s ]
SQL: SELECT * FROM `hm_goods_spec_value` WHERE `goods_id` = 0  [ RunTime:0.0010s ]
SQL: SHOW COLUMNS FROM `hm_goods_class` [ RunTime:0.0030s ]
SQL: SELECT `type_id` FROM `hm_goods_class` WHERE `gc_id` = null LIMIT 1   [ RunTime:0.0010s ]
INFO: [ view_parse ] --START--
INFO: [ template_filter ] --START--
INFO: Run Behavior\ContentReplaceBehavior [ RunTime:0.001000s ]
INFO: [ template_filter ] --END-- [ RunTime:0.001000s ]
NOTIC: [8] Undefined variable: list_tree F:\wamp\www\hmall\Application\Runtime\Cache\Home\54008e408fa304c7303b79a38c85d02c.php 第 204 行.
INFO: Run Behavior\ParseTemplateBehavior [ RunTime:0.043000s ]
INFO: [ view_parse ] --END-- [ RunTime:0.044000s ]
INFO: [ view_filter ] --START--
INFO: Run Behavior\WriteHtmlCacheBehavior [ RunTime:0.000000s ]
INFO: [ view_filter ] --END-- [ RunTime:0.000000s ]
INFO: [ app_end ] --START--
INFO: Run Behavior\ShowPageTraceBehavior [ RunTime:0.004000s ]
INFO: [ app_end ] --END-- [ RunTime:0.004000s ]

[ 2015-11-12T15:09:40+08:00 ] ::1 /hmall/index.php/Home/goods/show/id/21.html
INFO: [ app_init ] --START--
INFO: Run Behavior\BuildLiteBehavior [ RunTime:0.000000s ]
INFO: [ app_init ] --END-- [ RunTime:0.000000s ]
INFO: [ app_begin ] --START--
INFO: Run Behavior\ReadHtmlCacheBehavior [ RunTime:0.004000s ]
INFO: [ app_begin ] --END-- [ RunTime:0.004000s ]
NOTIC: [2048] Declaration of Home\Controller\GoodsController::show() should be compatible with Think\Controller::show($content, $charset = '', $contentType = '', $prefix = '') F:\wamp\www\hmall\Application\Home\Controller\GoodsController.class.php 第 70 行.
SQL: SHOW COLUMNS FROM `hm_goods` [ RunTime:0.0030s ]
SQL: SELECT * FROM `hm_goods` WHERE `goods_id` = 21 LIMIT 1   [ RunTime:0.0010s ]
SQL: SELECT * FROM `hm_goods` WHERE `goods_id` = 21 LIMIT 1   [ RunTime:0.0010s ]
SQL: SHOW COLUMNS FROM `hm_attachment` [ RunTime:0.0040s ]
SQL: SELECT * FROM `hm_attachment` WHERE `related_id` = 21  [ RunTime:0.0000s ]
SQL: SHOW COLUMNS FROM `hm_goods_attr_value` [ RunTime:0.0030s ]
SQL: SELECT * FROM `hm_goods_attr_value` WHERE `goods_id` = 21  [ RunTime:0.0000s ]
SQL: SHOW COLUMNS FROM `hm_goods_spec_value` [ RunTime:0.0070s ]
SQL: SELECT * FROM `hm_goods_spec_value` WHERE `goods_id` = 21  [ RunTime:0.0000s ]
SQL: SHOW COLUMNS FROM `hm_goods_class` [ RunTime:0.0030s ]
SQL: SELECT `type_id` FROM `hm_goods_class` WHERE `gc_id` = 1 LIMIT 1   [ RunTime:0.0000s ]
SQL: SHOW COLUMNS FROM `hm_goods_type` [ RunTime:0.0040s ]
SQL: SELECT * FROM `hm_goods_type` WHERE `type_id` = 1 LIMIT 1   [ RunTime:0.0010s ]
SQL: SHOW COLUMNS FROM `hm_goods_attr` [ RunTime:0.0030s ]
SQL: SELECT * FROM `hm_goods_attr` WHERE `attr_id` IN ('2','5')  [ RunTime:0.0000s ]
SQL: SHOW COLUMNS FROM `hm_goods_spec` [ RunTime:0.0050s ]
SQL: SELECT * FROM `hm_goods_spec` WHERE `spec_id` IN ('1','6','7')  [ RunTime:0.0000s ]
SQL: SHOW COLUMNS FROM `hm_goods_brand` [ RunTime:0.0030s ]
SQL: SELECT * FROM `hm_goods_brand` WHERE `brand_id` IN ('4','5','6')  [ RunTime:0.0010s ]
INFO: [ view_parse ] --START--
INFO: [ template_filter ] --START--
INFO: Run Behavior\ContentReplaceBehavior [ RunTime:0.001000s ]
INFO: [ template_filter ] --END-- [ RunTime:0.001000s ]
NOTIC: [8] Undefined variable: list_tree F:\wamp\www\hmall\Application\Runtime\Cache\Home\54008e408fa304c7303b79a38c85d02c.php 第 204 行.
INFO: Run Behavior\ParseTemplateBehavior [ RunTime:0.047000s ]
INFO: [ view_parse ] --END-- [ RunTime:0.048000s ]
INFO: [ view_filter ] --START--
INFO: Run Behavior\WriteHtmlCacheBehavior [ RunTime:0.001000s ]
INFO: [ view_filter ] --END-- [ RunTime:0.001000s ]
INFO: [ app_end ] --START--
INFO: Run Behavior\ShowPageTraceBehavior [ RunTime:0.001000s ]
INFO: [ app_end ] --END-- [ RunTime:0.002000s ]

[ 2015-11-12T15:09:40+08:00 ] ::1 /hmall/index.php/Home/goods/show/id/index.php?act=show_store&op=ajax_flowstat_record&store_id=1&goods_id=46&act_param=goods&op_param=index
INFO: [ app_init ] --START--
INFO: Run Behavior\BuildLiteBehavior [ RunTime:0.000000s ]
INFO: [ app_init ] --END-- [ RunTime:0.001000s ]
INFO: [ app_begin ] --START--
INFO: Run Behavior\ReadHtmlCacheBehavior [ RunTime:0.001000s ]
INFO: [ app_begin ] --END-- [ RunTime:0.001000s ]
NOTIC: [2048] Declaration of Home\Controller\GoodsController::show() should be compatible with Think\Controller::show($content, $charset = '', $contentType = '', $prefix = '') F:\wamp\www\hmall\Application\Home\Controller\GoodsController.class.php 第 70 行.
SQL: SHOW COLUMNS FROM `hm_goods` [ RunTime:0.0030s ]
SQL: SELECT * FROM `hm_goods` WHERE `goods_id` = 0 LIMIT 1   [ RunTime:0.0000s ]
SQL: SELECT * FROM `hm_goods` WHERE `goods_id` = 0 LIMIT 1   [ RunTime:0.0000s ]
SQL: SHOW COLUMNS FROM `hm_attachment` [ RunTime:0.0030s ]
SQL: SELECT * FROM `hm_attachment` WHERE `related_id` = 0  [ RunTime:0.0010s ]
SQL: SHOW COLUMNS FROM `hm_goods_attr_value` [ RunTime:0.0030s ]
SQL: SELECT * FROM `hm_goods_attr_value` WHERE `goods_id` = 0  [ RunTime:0.0000s ]
SQL: SHOW COLUMNS FROM `hm_goods_spec_value` [ RunTime:0.0050s ]
SQL: SELECT * FROM `hm_goods_spec_value` WHERE `goods_id` = 0  [ RunTime:0.0000s ]
SQL: SHOW COLUMNS FROM `hm_goods_class` [ RunTime:0.0030s ]
SQL: SELECT `type_id` FROM `hm_goods_class` WHERE `gc_id` = null LIMIT 1   [ RunTime:0.0000s ]
INFO: [ view_parse ] --START--
INFO: [ template_filter ] --START--
INFO: Run Behavior\ContentReplaceBehavior [ RunTime:0.000000s ]
INFO: [ template_filter ] --END-- [ RunTime:0.000000s ]
NOTIC: [8] Undefined variable: list_tree F:\wamp\www\hmall\Application\Runtime\Cache\Home\54008e408fa304c7303b79a38c85d02c.php 第 204 行.
INFO: Run Behavior\ParseTemplateBehavior [ RunTime:0.034000s ]
INFO: [ view_parse ] --END-- [ RunTime:0.034000s ]
INFO: [ view_filter ] --START--
INFO: Run Behavior\WriteHtmlCacheBehavior [ RunTime:0.001000s ]
INFO: [ view_filter ] --END-- [ RunTime:0.001000s ]
INFO: [ app_end ] --START--
INFO: Run Behavior\ShowPageTraceBehavior [ RunTime:0.003000s ]
INFO: [ app_end ] --END-- [ RunTime:0.003000s ]

[ 2015-11-12T15:12:07+08:00 ] ::1 /hmall/index.php/Home/goods/show/id/21.html
INFO: [ app_init ] --START--
INFO: Run Behavior\BuildLiteBehavior [ RunTime:0.000000s ]
INFO: [ app_init ] --END-- [ RunTime:0.000000s ]
INFO: [ app_begin ] --START--
INFO: Run Behavior\ReadHtmlCacheBehavior [ RunTime:0.001000s ]
INFO: [ app_begin ] --END-- [ RunTime:0.001000s ]
NOTIC: [2048] Declaration of Home\Controller\GoodsController::show() should be compatible with Think\Controller::show($content, $charset = '', $contentType = '', $prefix = '') F:\wamp\www\hmall\Application\Home\Controller\GoodsController.class.php 第 70 行.
SQL: SHOW COLUMNS FROM `hm_goods` [ RunTime:0.0030s ]
SQL: SELECT * FROM `hm_goods` WHERE `goods_id` = 21 LIMIT 1   [ RunTime:0.0000s ]
SQL: SELECT * FROM `hm_goods` WHERE `goods_id` = 21 LIMIT 1   [ RunTime:0.0000s ]
SQL: SHOW COLUMNS FROM `hm_attachment` [ RunTime:0.0030s ]
SQL: SELECT * FROM `hm_attachment` WHERE `related_id` = 21  [ RunTime:0.0030s ]
SQL: SHOW COLUMNS FROM `hm_goods_attr_value` [ RunTime:0.0030s ]
SQL: SELECT * FROM `hm_goods_attr_value` WHERE `goods_id` = 21  [ RunTime:0.0010s ]
SQL: SHOW COLUMNS FROM `hm_goods_spec_value` [ RunTime:0.0030s ]
SQL: SELECT * FROM `hm_goods_spec_value` WHERE `goods_id` = 21  [ RunTime:0.0020s ]
SQL: SHOW COLUMNS FROM `hm_goods_class` [ RunTime:0.0030s ]
SQL: SELECT `type_id` FROM `hm_goods_class` WHERE `gc_id` = 1 LIMIT 1   [ RunTime:0.0000s ]
SQL: SHOW COLUMNS FROM `hm_goods_type` [ RunTime:0.0050s ]
SQL: SELECT * FROM `hm_goods_type` WHERE `type_id` = 1 LIMIT 1   [ RunTime:0.0010s ]
SQL: SHOW COLUMNS FROM `hm_goods_attr` [ RunTime:0.0040s ]
SQL: SELECT * FROM `hm_goods_attr` WHERE `attr_id` IN ('2','5')  [ RunTime:0.0010s ]
SQL: SHOW COLUMNS FROM `hm_goods_spec` [ RunTime:0.0030s ]
SQL: SELECT * FROM `hm_goods_spec` WHERE `spec_id` IN ('1','6','7')  [ RunTime:0.0000s ]
SQL: SHOW COLUMNS FROM `hm_goods_brand` [ RunTime:0.0030s ]
SQL: SELECT * FROM `hm_goods_brand` WHERE `brand_id` IN ('4','5','6')  [ RunTime:0.0010s ]
INFO: [ view_parse ] --START--
INFO: [ template_filter ] --START--
INFO: Run Behavior\ContentReplaceBehavior [ RunTime:0.001000s ]
INFO: [ template_filter ] --END-- [ RunTime:0.001000s ]
NOTIC: [8] Undefined variable: list_tree F:\wamp\www\hmall\Application\Runtime\Cache\Home\54008e408fa304c7303b79a38c85d02c.php 第 204 行.
NOTIC: [8] Undefined variable: test F:\wamp\www\hmall\Application\Runtime\Cache\Home\54008e408fa304c7303b79a38c85d02c.php 第 381 行.
INFO: Run Behavior\ParseTemplateBehavior [ RunTime:0.037000s ]
INFO: [ view_parse ] --END-- [ RunTime:0.038000s ]
INFO: [ view_filter ] --START--
INFO: Run Behavior\WriteHtmlCacheBehavior [ RunTime:0.000000s ]
INFO: [ view_filter ] --END-- [ RunTime:0.000000s ]
INFO: [ app_end ] --START--
INFO: Run Behavior\ShowPageTraceBehavior [ RunTime:0.003000s ]
INFO: [ app_end ] --END-- [ RunTime:0.005000s ]

[ 2015-11-12T15:12:08+08:00 ] ::1 /hmall/index.php/Home/goods/show/id/index.php?act=show_store&op=ajax_flowstat_record&store_id=1&goods_id=46&act_param=goods&op_param=index
INFO: [ app_init ] --START--
INFO: Run Behavior\BuildLiteBehavior [ RunTime:0.000000s ]
INFO: [ app_init ] --END-- [ RunTime:0.001000s ]
INFO: [ app_begin ] --START--
INFO: Run Behavior\ReadHtmlCacheBehavior [ RunTime:0.000000s ]
INFO: [ app_begin ] --END-- [ RunTime:0.001000s ]
NOTIC: [2048] Declaration of Home\Controller\GoodsController::show() should be compatible with Think\Controller::show($content, $charset = '', $contentType = '', $prefix = '') F:\wamp\www\hmall\Application\Home\Controller\GoodsController.class.php 第 70 行.
SQL: SHOW COLUMNS FROM `hm_goods` [ RunTime:0.0030s ]
SQL: SELECT * FROM `hm_goods` WHERE `goods_id` = 0 LIMIT 1   [ RunTime:0.0010s ]
SQL: SELECT * FROM `hm_goods` WHERE `goods_id` = 0 LIMIT 1   [ RunTime:0.0000s ]
SQL: SHOW COLUMNS FROM `hm_attachment` [ RunTime:0.0040s ]
SQL: SELECT * FROM `hm_attachment` WHERE `related_id` = 0  [ RunTime:0.0010s ]
SQL: SHOW COLUMNS FROM `hm_goods_attr_value` [ RunTime:0.0030s ]
SQL: SELECT * FROM `hm_goods_attr_value` WHERE `goods_id` = 0  [ RunTime:0.0010s ]
SQL: SHOW COLUMNS FROM `hm_goods_spec_value` [ RunTime:0.0030s ]
SQL: SELECT * FROM `hm_goods_spec_value` WHERE `goods_id` = 0  [ RunTime:0.0010s ]
SQL: SHOW COLUMNS FROM `hm_goods_class` [ RunTime:0.0030s ]
SQL: SELECT `type_id` FROM `hm_goods_class` WHERE `gc_id` = null LIMIT 1   [ RunTime:0.0010s ]
INFO: [ view_parse ] --START--
INFO: [ template_filter ] --START--
INFO: Run Behavior\ContentReplaceBehavior [ RunTime:0.000000s ]
INFO: [ template_filter ] --END-- [ RunTime:0.001000s ]
NOTIC: [8] Undefined variable: list_tree F:\wamp\www\hmall\Application\Runtime\Cache\Home\54008e408fa304c7303b79a38c85d02c.php 第 204 行.
INFO: Run Behavior\ParseTemplateBehavior [ RunTime:0.032000s ]
INFO: [ view_parse ] --END-- [ RunTime:0.033000s ]
INFO: [ view_filter ] --START--
INFO: Run Behavior\WriteHtmlCacheBehavior [ RunTime:0.000000s ]
INFO: [ view_filter ] --END-- [ RunTime:0.001000s ]
INFO: [ app_end ] --START--
INFO: Run Behavior\ShowPageTraceBehavior [ RunTime:0.002000s ]
INFO: [ app_end ] --END-- [ RunTime:0.002000s ]

[ 2015-11-12T15:12:25+08:00 ] ::1 /hmall/index.php/Home/goods/show/id/21.html
INFO: [ app_init ] --START--
INFO: Run Behavior\BuildLiteBehavior [ RunTime:0.000000s ]
INFO: [ app_init ] --END-- [ RunTime:0.000000s ]
INFO: [ app_begin ] --START--
INFO: Run Behavior\ReadHtmlCacheBehavior [ RunTime:0.001000s ]
INFO: [ app_begin ] --END-- [ RunTime:0.001000s ]
NOTIC: [2048] Declaration of Home\Controller\GoodsController::show() should be compatible with Think\Controller::show($content, $charset = '', $contentType = '', $prefix = '') F:\wamp\www\hmall\Application\Home\Controller\GoodsController.class.php 第 70 行.
SQL: SHOW COLUMNS FROM `hm_goods` [ RunTime:0.0030s ]
SQL: SELECT * FROM `hm_goods` WHERE `goods_id` = 21 LIMIT 1   [ RunTime:0.0000s ]
SQL: SELECT * FROM `hm_goods` WHERE `goods_id` = 21 LIMIT 1   [ RunTime:0.0000s ]
SQL: SHOW COLUMNS FROM `hm_attachment` [ RunTime:0.0040s ]
SQL: SELECT * FROM `hm_attachment` WHERE `related_id` = 21  [ RunTime:0.0000s ]
SQL: SHOW COLUMNS FROM `hm_goods_attr_value` [ RunTime:0.0030s ]
SQL: SELECT * FROM `hm_goods_attr_value` WHERE `goods_id` = 21  [ RunTime:0.0000s ]
SQL: SHOW COLUMNS FROM `hm_goods_spec_value` [ RunTime:0.0060s ]
SQL: SELECT * FROM `hm_goods_spec_value` WHERE `goods_id` = 21  [ RunTime:0.0010s ]
SQL: SHOW COLUMNS FROM `hm_goods_class` [ RunTime:0.0030s ]
SQL: SELECT `type_id` FROM `hm_goods_class` WHERE `gc_id` = 1 LIMIT 1   [ RunTime:0.0010s ]
SQL: SHOW COLUMNS FROM `hm_goods_type` [ RunTime:0.0030s ]
SQL: SELECT * FROM `hm_goods_type` WHERE `type_id` = 1 LIMIT 1   [ RunTime:0.0010s ]
SQL: SHOW COLUMNS FROM `hm_goods_attr` [ RunTime:0.0050s ]
SQL: SELECT * FROM `hm_goods_attr` WHERE `attr_id` IN ('2','5')  [ RunTime:0.0000s ]
SQL: SHOW COLUMNS FROM `hm_goods_spec` [ RunTime:0.0030s ]
SQL: SELECT * FROM `hm_goods_spec` WHERE `spec_id` IN ('1','6','7')  [ RunTime:0.0000s ]
SQL: SHOW COLUMNS FROM `hm_goods_brand` [ RunTime:0.0040s ]
SQL: SELECT * FROM `hm_goods_brand` WHERE `brand_id` IN ('4','5','6')  [ RunTime:0.0010s ]
INFO: [ view_parse ] --START--
INFO: [ template_filter ] --START--
INFO: Run Behavior\ContentReplaceBehavior [ RunTime:0.000000s ]
INFO: [ template_filter ] --END-- [ RunTime:0.000000s ]
NOTIC: [8] Undefined variable: list_tree F:\wamp\www\hmall\Application\Runtime\Cache\Home\54008e408fa304c7303b79a38c85d02c.php 第 204 行.
INFO: Run Behavior\ParseTemplateBehavior [ RunTime:0.028000s ]
INFO: [ view_parse ] --END-- [ RunTime:0.029000s ]
INFO: [ view_filter ] --START--
INFO: Run Behavior\WriteHtmlCacheBehavior [ RunTime:0.001000s ]
INFO: [ view_filter ] --END-- [ RunTime:0.001000s ]
INFO: [ app_end ] --START--
INFO: Run Behavior\ShowPageTraceBehavior [ RunTime:0.001000s ]
INFO: [ app_end ] --END-- [ RunTime:0.001000s ]

[ 2015-11-12T15:12:26+08:00 ] ::1 /hmall/index.php/Home/goods/show/id/index.php?act=show_store&op=ajax_flowstat_record&store_id=1&goods_id=46&act_param=goods&op_param=index
INFO: [ app_init ] --START--
INFO: Run Behavior\BuildLiteBehavior [ RunTime:0.000000s ]
INFO: [ app_init ] --END-- [ RunTime:0.001000s ]
INFO: [ app_begin ] --START--
INFO: Run Behavior\ReadHtmlCacheBehavior [ RunTime:0.001000s ]
INFO: [ app_begin ] --END-- [ RunTime:0.001000s ]
NOTIC: [2048] Declaration of Home\Controller\GoodsController::show() should be compatible with Think\Controller::show($content, $charset = '', $contentType = '', $prefix = '') F:\wamp\www\hmall\Application\Home\Controller\GoodsController.class.php 第 70 行.
SQL: SHOW COLUMNS FROM `hm_goods` [ RunTime:0.0040s ]
SQL: SELECT * FROM `hm_goods` WHERE `goods_id` = 0 LIMIT 1   [ RunTime:0.0000s ]
SQL: SELECT * FROM `hm_goods` WHERE `goods_id` = 0 LIMIT 1   [ RunTime:0.0000s ]
SQL: SHOW COLUMNS FROM `hm_attachment` [ RunTime:0.0030s ]
SQL: SELECT * FROM `hm_attachment` WHERE `related_id` = 0  [ RunTime:0.0010s ]
SQL: SHOW COLUMNS FROM `hm_goods_attr_value` [ RunTime:0.0040s ]
SQL: SELECT * FROM `hm_goods_attr_value` WHERE `goods_id` = 0  [ RunTime:0.0000s ]
SQL: SHOW COLUMNS FROM `hm_goods_spec_value` [ RunTime:0.0040s ]
SQL: SELECT * FROM `hm_goods_spec_value` WHERE `goods_id` = 0  [ RunTime:0.0010s ]
SQL: SHOW COLUMNS FROM `hm_goods_class` [ RunTime:0.0040s ]
SQL: SELECT `type_id` FROM `hm_goods_class` WHERE `gc_id` = null LIMIT 1   [ RunTime:0.0010s ]
INFO: [ view_parse ] --START--
INFO: [ template_filter ] --START--
INFO: Run Behavior\ContentReplaceBehavior [ RunTime:0.011000s ]
INFO: [ template_filter ] --END-- [ RunTime:0.011000s ]
NOTIC: [8] Undefined variable: list_tree F:\wamp\www\hmall\Application\Runtime\Cache\Home\54008e408fa304c7303b79a38c85d02c.php 第 204 行.
NOTIC: [8] Undefined variable: test F:\wamp\www\hmall\Application\Runtime\Cache\Home\54008e408fa304c7303b79a38c85d02c.php 第 381 行.
INFO: Run Behavior\ParseTemplateBehavior [ RunTime:0.051000s ]
INFO: [ view_parse ] --END-- [ RunTime:0.051000s ]
INFO: [ view_filter ] --START--
INFO: Run Behavior\WriteHtmlCacheBehavior [ RunTime:0.000000s ]
INFO: [ view_filter ] --END-- [ RunTime:0.000000s ]
INFO: [ app_end ] --START--
INFO: Run Behavior\ShowPageTraceBehavior [ RunTime:0.002000s ]
INFO: [ app_end ] --END-- [ RunTime:0.002000s ]

[ 2015-11-12T15:16:53+08:00 ] ::1 /hmall/index.php/Home/goods/show/id/21.html
INFO: [ app_init ] --START--
INFO: Run Behavior\BuildLiteBehavior [ RunTime:0.000000s ]
INFO: [ app_init ] --END-- [ RunTime:0.001000s ]
INFO: [ app_begin ] --START--
INFO: Run Behavior\ReadHtmlCacheBehavior [ RunTime:0.001000s ]
INFO: [ app_begin ] --END-- [ RunTime:0.001000s ]
NOTIC: [2048] Declaration of Home\Controller\GoodsController::show() should be compatible with Think\Controller::show($content, $charset = '', $contentType = '', $prefix = '') F:\wamp\www\hmall\Application\Home\Controller\GoodsController.class.php 第 70 行.
SQL: SHOW COLUMNS FROM `hm_goods` [ RunTime:0.0310s ]
SQL: SELECT * FROM `hm_goods` WHERE `goods_id` = 21 LIMIT 1   [ RunTime:0.0010s ]
SQL: SELECT * FROM `hm_goods` WHERE `goods_id` = 21 LIMIT 1   [ RunTime:0.0000s ]
SQL: SHOW COLUMNS FROM `hm_attachment` [ RunTime:0.0030s ]
SQL: SELECT * FROM `hm_attachment` WHERE `related_id` = 21  [ RunTime:0.0010s ]
SQL: SHOW COLUMNS FROM `hm_goods_attr_value` [ RunTime:0.0040s ]
SQL: SELECT * FROM `hm_goods_attr_value` WHERE `goods_id` = 21  [ RunTime:0.0000s ]
SQL: SHOW COLUMNS FROM `hm_goods_spec_value` [ RunTime:0.0030s ]
SQL: SELECT * FROM `hm_goods_spec_value` WHERE `goods_id` = 21  [ RunTime:0.0010s ]
SQL: SHOW COLUMNS FROM `hm_goods_class` [ RunTime:0.0040s ]
SQL: SELECT `type_id` FROM `hm_goods_class` WHERE `gc_id` = 1 LIMIT 1   [ RunTime:0.0010s ]
SQL: SHOW COLUMNS FROM `hm_goods_type` [ RunTime:0.0040s ]
SQL: SELECT * FROM `hm_goods_type` WHERE `type_id` = 1 LIMIT 1   [ RunTime:0.0010s ]
SQL: SHOW COLUMNS FROM `hm_goods_attr` [ RunTime:0.0040s ]
SQL: SELECT * FROM `hm_goods_attr` WHERE `attr_id` IN ('2','5')  [ RunTime:0.0010s ]
SQL: SHOW COLUMNS FROM `hm_goods_spec` [ RunTime:0.0040s ]
SQL: SELECT * FROM `hm_goods_spec` WHERE `spec_id` IN ('1','6','7')  [ RunTime:0.0010s ]
SQL: SHOW COLUMNS FROM `hm_goods_brand` [ RunTime:0.0040s ]
SQL: SELECT * FROM `hm_goods_brand` WHERE `brand_id` IN ('4','5','6')  [ RunTime:0.0010s ]
INFO: [ view_parse ] --START--
INFO: [ template_filter ] --START--
INFO: Run Behavior\ContentReplaceBehavior [ RunTime:0.000000s ]
INFO: [ template_filter ] --END-- [ RunTime:0.000000s ]
NOTIC: [8] Undefined variable: list_tree F:\wamp\www\hmall\Application\Runtime\Cache\Home\54008e408fa304c7303b79a38c85d02c.php 第 204 行.
INFO: Run Behavior\ParseTemplateBehavior [ RunTime:0.031000s ]
INFO: [ view_parse ] --END-- [ RunTime:0.031000s ]
INFO: [ view_filter ] --START--
INFO: Run Behavior\WriteHtmlCacheBehavior [ RunTime:0.000000s ]
INFO: [ view_filter ] --END-- [ RunTime:0.001000s ]
INFO: [ app_end ] --START--
INFO: Run Behavior\ShowPageTraceBehavior [ RunTime:0.001000s ]
INFO: [ app_end ] --END-- [ RunTime:0.001000s ]

[ 2015-11-12T15:16:53+08:00 ] ::1 /hmall/index.php/Home/goods/show/id/index.php?act=show_store&op=ajax_flowstat_record&store_id=1&goods_id=46&act_param=goods&op_param=index
INFO: [ app_init ] --START--
INFO: Run Behavior\BuildLiteBehavior [ RunTime:0.001000s ]
INFO: [ app_init ] --END-- [ RunTime:0.001000s ]
INFO: [ app_begin ] --START--
INFO: Run Behavior\ReadHtmlCacheBehavior [ RunTime:0.001000s ]
INFO: [ app_begin ] --END-- [ RunTime:0.001000s ]
NOTIC: [2048] Declaration of Home\Controller\GoodsController::show() should be compatible with Think\Controller::show($content, $charset = '', $contentType = '', $prefix = '') F:\wamp\www\hmall\Application\Home\Controller\GoodsController.class.php 第 70 行.
SQL: SHOW COLUMNS FROM `hm_goods` [ RunTime:0.0030s ]
SQL: SELECT * FROM `hm_goods` WHERE `goods_id` = 0 LIMIT 1   [ RunTime:0.0010s ]
SQL: SELECT * FROM `hm_goods` WHERE `goods_id` = 0 LIMIT 1   [ RunTime:0.0000s ]
SQL: SHOW COLUMNS FROM `hm_attachment` [ RunTime:0.0030s ]
SQL: SELECT * FROM `hm_attachment` WHERE `related_id` = 0  [ RunTime:0.0020s ]
SQL: SHOW COLUMNS FROM `hm_goods_attr_value` [ RunTime:0.0040s ]
SQL: SELECT * FROM `hm_goods_attr_value` WHERE `goods_id` = 0  [ RunTime:0.0000s ]
SQL: SHOW COLUMNS FROM `hm_goods_spec_value` [ RunTime:0.0040s ]
SQL: SELECT * FROM `hm_goods_spec_value` WHERE `goods_id` = 0  [ RunTime:0.0000s ]
SQL: SHOW COLUMNS FROM `hm_goods_class` [ RunTime:0.0070s ]
SQL: SELECT `type_id` FROM `hm_goods_class` WHERE `gc_id` = null LIMIT 1   [ RunTime:0.0000s ]
INFO: [ view_parse ] --START--
INFO: [ template_filter ] --START--
INFO: Run Behavior\ContentReplaceBehavior [ RunTime:0.001000s ]
INFO: [ template_filter ] --END-- [ RunTime:0.001000s ]
NOTIC: [8] Undefined variable: list_tree F:\wamp\www\hmall\Application\Runtime\Cache\Home\54008e408fa304c7303b79a38c85d02c.php 第 204 行.
NOTIC: [8] Undefined variable: test F:\wamp\www\hmall\Application\Runtime\Cache\Home\54008e408fa304c7303b79a38c85d02c.php 第 381 行.
INFO: Run Behavior\ParseTemplateBehavior [ RunTime:0.030000s ]
INFO: [ view_parse ] --END-- [ RunTime:0.031000s ]
INFO: [ view_filter ] --START--
INFO: Run Behavior\WriteHtmlCacheBehavior [ RunTime:0.001000s ]
INFO: [ view_filter ] --END-- [ RunTime:0.001000s ]
INFO: [ app_end ] --START--
INFO: Run Behavior\ShowPageTraceBehavior [ RunTime:0.002000s ]
INFO: [ app_end ] --END-- [ RunTime:0.002000s ]

