[ 2015-11-18T09:09:52+08:00 ] ::1 /hmall/
INFO: [ app_init ] --START--
INFO: Run Behavior\BuildLiteBehavior [ RunTime:0.000000s ]
INFO: [ app_init ] --END-- [ RunTime:0.001000s ]
INFO: [ app_begin ] --START--
INFO: Run Behavior\ReadHtmlCacheBehavior [ RunTime:0.000000s ]
INFO: [ app_begin ] --END-- [ RunTime:0.001000s ]
SQL: SHOW COLUMNS FROM `hm_goods_class` [ RunTime:0.1150s ]
SQL: SELECT * FROM `hm_goods_class` ORDER BY gc_id ASC  [ RunTime:0.0010s ]
SQL: SHOW COLUMNS FROM `hm_goods` [ RunTime:0.0270s ]
SQL: SELECT * FROM `hm_goods` ORDER BY goods_add_time DESC  [ RunTime:0.0010s ]
INFO: [ view_parse ] --START--
INFO: [ template_filter ] --START--
INFO: Run Behavior\ContentReplaceBehavior [ RunTime:0.000000s ]
INFO: [ template_filter ] --END-- [ RunTime:0.001000s ]
NOTIC: [8] Undefined variable: member_auth F:\wamp\www\hmall\Application\Runtime\Cache\Home\769e70f2e46f34ceb60619bbda5e4691.php 第 118 行.
NOTIC: [8] Undefined variable: member_auth F:\wamp\www\hmall\Application\Runtime\Cache\Home\769e70f2e46f34ceb60619bbda5e4691.php 第 119 行.
NOTIC: [8] Undefined variable: member_auth F:\wamp\www\hmall\Application\Runtime\Cache\Home\769e70f2e46f34ceb60619bbda5e4691.php 第 122 行.
NOTIC: [8] Undefined variable: member_auth F:\wamp\www\hmall\Application\Runtime\Cache\Home\769e70f2e46f34ceb60619bbda5e4691.php 第 128 行.
INFO: Run Behavior\ParseTemplateBehavior [ RunTime:0.048000s ]
INFO: [ view_parse ] --END-- [ RunTime:0.048000s ]
INFO: [ view_filter ] --START--
INFO: Run Behavior\WriteHtmlCacheBehavior [ RunTime:0.001000s ]
INFO: [ view_filter ] --END-- [ RunTime:0.001000s ]
INFO: [ app_end ] --START--
INFO: Run Behavior\ShowPageTraceBehavior [ RunTime:0.000000s ]
INFO: [ app_end ] --END-- [ RunTime:0.002000s ]

[ 2015-11-18T09:10:11+08:00 ] ::1 /hmall/index.php/Home/goods/show/id/21.html
INFO: [ app_init ] --START--
INFO: Run Behavior\BuildLiteBehavior [ RunTime:0.000000s ]
INFO: [ app_init ] --END-- [ RunTime:0.001000s ]
INFO: [ app_begin ] --START--
INFO: Run Behavior\ReadHtmlCacheBehavior [ RunTime:0.001000s ]
INFO: [ app_begin ] --END-- [ RunTime:0.002000s ]
NOTIC: [2048] Declaration of Home\Controller\GoodsController::show() should be compatible with Think\Controller::show($content, $charset = '', $contentType = '', $prefix = '') F:\wamp\www\hmall\Application\Home\Controller\GoodsController.class.php 第 4 行.
SQL: SHOW COLUMNS FROM `hm_goods` [ RunTime:0.0040s ]
SQL: SELECT * FROM `hm_goods` WHERE `goods_id` = 21 LIMIT 1   [ RunTime:0.0000s ]
SQL: SELECT * FROM `hm_goods` WHERE `goods_id` = 21 LIMIT 1   [ RunTime:0.0010s ]
SQL: SHOW COLUMNS FROM `hm_attachment` [ RunTime:0.0250s ]
SQL: SELECT * FROM `hm_attachment` WHERE `related_id` = 21  [ RunTime:0.0010s ]
SQL: SHOW COLUMNS FROM `hm_goods_attr_value` [ RunTime:0.0200s ]
SQL: SELECT * FROM `hm_goods_attr_value` WHERE `goods_id` = 21  [ RunTime:0.0000s ]
SQL: SHOW COLUMNS FROM `hm_goods_spec_value` [ RunTime:0.0050s ]
SQL: SELECT * FROM `hm_goods_spec_value` WHERE `goods_id` = 21  [ RunTime:0.0010s ]
SQL: SHOW COLUMNS FROM `hm_goods_class` [ RunTime:0.0030s ]
SQL: SELECT `type_id` FROM `hm_goods_class` WHERE `gc_id` = 1 LIMIT 1   [ RunTime:0.0000s ]
SQL: SHOW COLUMNS FROM `hm_goods_type` [ RunTime:0.0390s ]
SQL: SELECT * FROM `hm_goods_type` WHERE `type_id` = 1 LIMIT 1   [ RunTime:0.0000s ]
SQL: SHOW COLUMNS FROM `hm_goods_attr` [ RunTime:0.0210s ]
SQL: SELECT * FROM `hm_goods_attr` WHERE `attr_id` IN ('2','5')  [ RunTime:0.0010s ]
SQL: SHOW COLUMNS FROM `hm_goods_spec` [ RunTime:0.0050s ]
SQL: SELECT * FROM `hm_goods_spec` WHERE `spec_id` IN ('1','6','7')  [ RunTime:0.0110s ]
SQL: SHOW COLUMNS FROM `hm_goods_brand` [ RunTime:0.0040s ]
SQL: SELECT * FROM `hm_goods_brand` WHERE `brand_id` IN ('4','5','6')  [ RunTime:0.0010s ]
INFO: [ view_parse ] --START--
INFO: [ template_filter ] --START--
INFO: Run Behavior\ContentReplaceBehavior [ RunTime:0.000000s ]
INFO: [ template_filter ] --END-- [ RunTime:0.001000s ]
NOTIC: [8] Undefined variable: member_auth F:\wamp\www\hmall\Application\Runtime\Cache\Home\54008e408fa304c7303b79a38c85d02c.php 第 118 行.
NOTIC: [8] Undefined variable: member_auth F:\wamp\www\hmall\Application\Runtime\Cache\Home\54008e408fa304c7303b79a38c85d02c.php 第 119 行.
NOTIC: [8] Undefined variable: member_auth F:\wamp\www\hmall\Application\Runtime\Cache\Home\54008e408fa304c7303b79a38c85d02c.php 第 122 行.
NOTIC: [8] Undefined variable: member_auth F:\wamp\www\hmall\Application\Runtime\Cache\Home\54008e408fa304c7303b79a38c85d02c.php 第 128 行.
NOTIC: [8] Undefined variable: list_tree F:\wamp\www\hmall\Application\Runtime\Cache\Home\54008e408fa304c7303b79a38c85d02c.php 第 194 行.
INFO: Run Behavior\ParseTemplateBehavior [ RunTime:0.037000s ]
INFO: [ view_parse ] --END-- [ RunTime:0.037000s ]
INFO: [ view_filter ] --START--
INFO: Run Behavior\WriteHtmlCacheBehavior [ RunTime:0.001000s ]
INFO: [ view_filter ] --END-- [ RunTime:0.002000s ]
INFO: [ app_end ] --START--
INFO: Run Behavior\ShowPageTraceBehavior [ RunTime:0.001000s ]
INFO: [ app_end ] --END-- [ RunTime:0.001000s ]

[ 2015-11-18T09:10:11+08:00 ] ::1 /hmall/index.php/Home/Public/upload/day_151112/201511120941113354.jpg
INFO: [ app_init ] --START--
INFO: Run Behavior\BuildLiteBehavior [ RunTime:0.000000s ]
INFO: [ app_init ] --END-- [ RunTime:0.003000s ]

[ 2015-11-18T09:10:11+08:00 ] ::1 /hmall/index.php/Home/Public/upload/day_151112/201511120941113354.jpg
INFO: [ app_init ] --START--
INFO: Run Behavior\BuildLiteBehavior [ RunTime:0.000000s ]
INFO: [ app_init ] --END-- [ RunTime:0.001000s ]

[ 2015-11-18T09:10:11+08:00 ] ::1 /hmall/index.php/Home/goods/show/id/index.php?act=show_store&op=ajax_flowstat_record&store_id=1&goods_id=46&act_param=goods&op_param=index
INFO: [ app_init ] --START--
INFO: Run Behavior\BuildLiteBehavior [ RunTime:0.000000s ]
INFO: [ app_init ] --END-- [ RunTime:0.001000s ]
INFO: [ app_begin ] --START--
INFO: Run Behavior\ReadHtmlCacheBehavior [ RunTime:0.001000s ]
INFO: [ app_begin ] --END-- [ RunTime:0.001000s ]
NOTIC: [2048] Declaration of Home\Controller\GoodsController::show() should be compatible with Think\Controller::show($content, $charset = '', $contentType = '', $prefix = '') F:\wamp\www\hmall\Application\Home\Controller\GoodsController.class.php 第 4 行.
SQL: SHOW COLUMNS FROM `hm_goods` [ RunTime:0.0030s ]
SQL: SELECT * FROM `hm_goods` WHERE `goods_id` = 0 LIMIT 1   [ RunTime:0.0000s ]
SQL: SELECT * FROM `hm_goods` WHERE `goods_id` = 0 LIMIT 1   [ RunTime:0.0010s ]
SQL: SHOW COLUMNS FROM `hm_attachment` [ RunTime:0.0050s ]
SQL: SELECT * FROM `hm_attachment` WHERE `related_id` = 0  [ RunTime:0.0010s ]
SQL: SHOW COLUMNS FROM `hm_goods_attr_value` [ RunTime:0.0030s ]
SQL: SELECT * FROM `hm_goods_attr_value` WHERE `goods_id` = 0  [ RunTime:0.0010s ]
SQL: SHOW COLUMNS FROM `hm_goods_spec_value` [ RunTime:0.0030s ]
SQL: SELECT * FROM `hm_goods_spec_value` WHERE `goods_id` = 0  [ RunTime:0.0000s ]
SQL: SHOW COLUMNS FROM `hm_goods_class` [ RunTime:0.0020s ]
SQL: SELECT `type_id` FROM `hm_goods_class` WHERE `gc_id` = null LIMIT 1   [ RunTime:0.0010s ]
INFO: [ view_parse ] --START--
INFO: [ template_filter ] --START--
INFO: Run Behavior\ContentReplaceBehavior [ RunTime:0.001000s ]
INFO: [ template_filter ] --END-- [ RunTime:0.001000s ]
NOTIC: [8] Undefined variable: member_auth F:\wamp\www\hmall\Application\Runtime\Cache\Home\54008e408fa304c7303b79a38c85d02c.php 第 118 行.
NOTIC: [8] Undefined variable: member_auth F:\wamp\www\hmall\Application\Runtime\Cache\Home\54008e408fa304c7303b79a38c85d02c.php 第 119 行.
NOTIC: [8] Undefined variable: member_auth F:\wamp\www\hmall\Application\Runtime\Cache\Home\54008e408fa304c7303b79a38c85d02c.php 第 122 行.
NOTIC: [8] Undefined variable: member_auth F:\wamp\www\hmall\Application\Runtime\Cache\Home\54008e408fa304c7303b79a38c85d02c.php 第 128 行.
NOTIC: [8] Undefined variable: list_tree F:\wamp\www\hmall\Application\Runtime\Cache\Home\54008e408fa304c7303b79a38c85d02c.php 第 194 行.
INFO: Run Behavior\ParseTemplateBehavior [ RunTime:0.041000s ]
INFO: [ view_parse ] --END-- [ RunTime:0.041000s ]
INFO: [ view_filter ] --START--
INFO: Run Behavior\WriteHtmlCacheBehavior [ RunTime:0.001000s ]
INFO: [ view_filter ] --END-- [ RunTime:0.001000s ]
INFO: [ app_end ] --START--
INFO: Run Behavior\ShowPageTraceBehavior [ RunTime:0.003000s ]
INFO: [ app_end ] --END-- [ RunTime:0.004000s ]

[ 2015-11-18T09:10:15+08:00 ] ::1 /hmall/index.php/Home/login/index.html
INFO: [ app_init ] --START--
INFO: Run Behavior\BuildLiteBehavior [ RunTime:0.000000s ]
INFO: [ app_init ] --END-- [ RunTime:0.001000s ]
INFO: [ app_begin ] --START--
INFO: Run Behavior\ReadHtmlCacheBehavior [ RunTime:0.001000s ]
INFO: [ app_begin ] --END-- [ RunTime:0.001000s ]
INFO: [ view_parse ] --START--
INFO: [ template_filter ] --START--
INFO: Run Behavior\ContentReplaceBehavior [ RunTime:0.000000s ]
INFO: [ template_filter ] --END-- [ RunTime:0.000000s ]
INFO: Run Behavior\ParseTemplateBehavior [ RunTime:0.012000s ]
INFO: [ view_parse ] --END-- [ RunTime:0.012000s ]
INFO: [ view_filter ] --START--
INFO: Run Behavior\WriteHtmlCacheBehavior [ RunTime:0.001000s ]
INFO: [ view_filter ] --END-- [ RunTime:0.001000s ]
INFO: [ app_end ] --START--
INFO: Run Behavior\ShowPageTraceBehavior [ RunTime:0.001000s ]
INFO: [ app_end ] --END-- [ RunTime:0.001000s ]

[ 2015-11-18T09:10:15+08:00 ] ::1 /hmall/index.php/Home/login/verify.html
INFO: [ app_init ] --START--
INFO: Run Behavior\BuildLiteBehavior [ RunTime:0.000000s ]
INFO: [ app_init ] --END-- [ RunTime:0.000000s ]
INFO: [ app_begin ] --START--
INFO: Run Behavior\ReadHtmlCacheBehavior [ RunTime:0.000000s ]
INFO: [ app_begin ] --END-- [ RunTime:0.001000s ]
INFO: [ app_end ] --START--
INFO: Run Behavior\ShowPageTraceBehavior [ RunTime:0.001000s ]
INFO: [ app_end ] --END-- [ RunTime:0.001000s ]

[ 2015-11-18T09:10:27+08:00 ] ::1 /hmall/index.php/Home/login/index.html
INFO: [ app_init ] --START--
INFO: Run Behavior\BuildLiteBehavior [ RunTime:0.000000s ]
INFO: [ app_init ] --END-- [ RunTime:0.001000s ]
INFO: [ app_begin ] --START--
INFO: Run Behavior\ReadHtmlCacheBehavior [ RunTime:0.001000s ]
INFO: [ app_begin ] --END-- [ RunTime:0.002000s ]
INFO: [ view_parse ] --START--
INFO: [ template_filter ] --START--
INFO: Run Behavior\ContentReplaceBehavior [ RunTime:0.000000s ]
INFO: [ template_filter ] --END-- [ RunTime:0.000000s ]
INFO: Run Behavior\ParseTemplateBehavior [ RunTime:0.051000s ]
INFO: [ view_parse ] --END-- [ RunTime:0.051000s ]
INFO: [ view_filter ] --START--
INFO: Run Behavior\WriteHtmlCacheBehavior [ RunTime:0.000000s ]
INFO: [ view_filter ] --END-- [ RunTime:0.001000s ]

[ 2015-11-18T09:10:28+08:00 ] ::1 /hmall/index.php/Home/login/index.html
INFO: [ app_init ] --START--
INFO: Run Behavior\BuildLiteBehavior [ RunTime:0.000000s ]
INFO: [ app_init ] --END-- [ RunTime:0.001000s ]
INFO: [ app_begin ] --START--
INFO: Run Behavior\ReadHtmlCacheBehavior [ RunTime:0.000000s ]
INFO: [ app_begin ] --END-- [ RunTime:0.002000s ]
INFO: [ view_parse ] --START--
INFO: [ template_filter ] --START--
INFO: Run Behavior\ContentReplaceBehavior [ RunTime:0.001000s ]
INFO: [ template_filter ] --END-- [ RunTime:0.001000s ]
INFO: Run Behavior\ParseTemplateBehavior [ RunTime:0.009000s ]
INFO: [ view_parse ] --END-- [ RunTime:0.009000s ]
INFO: [ view_filter ] --START--
INFO: Run Behavior\WriteHtmlCacheBehavior [ RunTime:0.000000s ]
INFO: [ view_filter ] --END-- [ RunTime:0.000000s ]
INFO: [ app_end ] --START--
INFO: Run Behavior\ShowPageTraceBehavior [ RunTime:0.001000s ]
INFO: [ app_end ] --END-- [ RunTime:0.001000s ]

[ 2015-11-18T09:10:30+08:00 ] ::1 /hmall/index.php/Home/login/verify.html?0.3872741616796702
INFO: [ app_init ] --START--
INFO: Run Behavior\BuildLiteBehavior [ RunTime:0.000000s ]
INFO: [ app_init ] --END-- [ RunTime:0.001000s ]
INFO: [ app_begin ] --START--
INFO: Run Behavior\ReadHtmlCacheBehavior [ RunTime:0.001000s ]
INFO: [ app_begin ] --END-- [ RunTime:0.001000s ]
INFO: [ app_end ] --START--
INFO: Run Behavior\ShowPageTraceBehavior [ RunTime:0.001000s ]
INFO: [ app_end ] --END-- [ RunTime:0.001000s ]

[ 2015-11-18T09:10:37+08:00 ] ::1 /hmall/index.php/Home/login/index.html
INFO: [ app_init ] --START--
INFO: Run Behavior\BuildLiteBehavior [ RunTime:0.000000s ]
INFO: [ app_init ] --END-- [ RunTime:0.001000s ]
INFO: [ app_begin ] --START--
INFO: Run Behavior\ReadHtmlCacheBehavior [ RunTime:0.002000s ]
INFO: [ app_begin ] --END-- [ RunTime:0.003000s ]
SQL: SHOW COLUMNS FROM `hm_member` [ RunTime:0.2010s ]
SQL: SELECT `member_id`,`member_name` FROM `hm_member` WHERE `member_name` = 'xiaomi' AND `member_passwd` = '0192023a7bbd73250516f069df18b500' AND `member_state` = 1 LIMIT 1   [ RunTime:0.0110s ]
INFO: [ view_parse ] --START--
INFO: [ template_filter ] --START--
INFO: Run Behavior\ContentReplaceBehavior [ RunTime:0.000000s ]
INFO: [ template_filter ] --END-- [ RunTime:0.000000s ]
INFO: Run Behavior\ParseTemplateBehavior [ RunTime:0.013000s ]
INFO: [ view_parse ] --END-- [ RunTime:0.014000s ]
INFO: [ view_filter ] --START--
INFO: Run Behavior\WriteHtmlCacheBehavior [ RunTime:0.000000s ]
INFO: [ view_filter ] --END-- [ RunTime:0.001000s ]
INFO: [ app_end ] --START--
INFO: Run Behavior\ShowPageTraceBehavior [ RunTime:0.001000s ]
INFO: [ app_end ] --END-- [ RunTime:0.001000s ]

[ 2015-11-18T09:10:38+08:00 ] ::1 /hmall/index.php/Home/member/index.html
INFO: [ app_init ] --START--
INFO: Run Behavior\BuildLiteBehavior [ RunTime:0.000000s ]
INFO: [ app_init ] --END-- [ RunTime:0.001000s ]
INFO: [ app_begin ] --START--
INFO: Run Behavior\ReadHtmlCacheBehavior [ RunTime:0.000000s ]
INFO: [ app_begin ] --END-- [ RunTime:0.000000s ]
ERR: 无法加载控制器:Member

[ 2015-11-18T09:10:43+08:00 ] ::1 /hmall/index.php/Home/
INFO: [ app_init ] --START--
INFO: Run Behavior\BuildLiteBehavior [ RunTime:0.000000s ]
INFO: [ app_init ] --END-- [ RunTime:0.001000s ]
INFO: [ app_begin ] --START--
INFO: Run Behavior\ReadHtmlCacheBehavior [ RunTime:0.001000s ]
INFO: [ app_begin ] --END-- [ RunTime:0.001000s ]
SQL: SHOW COLUMNS FROM `hm_goods_class` [ RunTime:0.0030s ]
SQL: SELECT * FROM `hm_goods_class` ORDER BY gc_id ASC  [ RunTime:0.0010s ]
SQL: SHOW COLUMNS FROM `hm_goods` [ RunTime:0.0040s ]
SQL: SELECT * FROM `hm_goods` ORDER BY goods_add_time DESC  [ RunTime:0.0010s ]
INFO: [ view_parse ] --START--
INFO: [ template_filter ] --START--
INFO: Run Behavior\ContentReplaceBehavior [ RunTime:0.001000s ]
INFO: [ template_filter ] --END-- [ RunTime:0.001000s ]
INFO: Run Behavior\ParseTemplateBehavior [ RunTime:0.036000s ]
INFO: [ view_parse ] --END-- [ RunTime:0.036000s ]
INFO: [ view_filter ] --START--
INFO: Run Behavior\WriteHtmlCacheBehavior [ RunTime:0.000000s ]
INFO: [ view_filter ] --END-- [ RunTime:0.001000s ]
INFO: [ app_end ] --START--
INFO: Run Behavior\ShowPageTraceBehavior [ RunTime:0.000000s ]
INFO: [ app_end ] --END-- [ RunTime:0.002000s ]

[ 2015-11-18T09:10:45+08:00 ] ::1 /hmall/index.php/Home/goods/show/id/20.html
INFO: [ app_init ] --START--
INFO: Run Behavior\BuildLiteBehavior [ RunTime:0.000000s ]
INFO: [ app_init ] --END-- [ RunTime:0.001000s ]
INFO: [ app_begin ] --START--
INFO: Run Behavior\ReadHtmlCacheBehavior [ RunTime:0.000000s ]
INFO: [ app_begin ] --END-- [ RunTime:0.001000s ]
NOTIC: [2048] Declaration of Home\Controller\GoodsController::show() should be compatible with Think\Controller::show($content, $charset = '', $contentType = '', $prefix = '') F:\wamp\www\hmall\Application\Home\Controller\GoodsController.class.php 第 4 行.
SQL: SHOW COLUMNS FROM `hm_goods` [ RunTime:0.0030s ]
SQL: SELECT * FROM `hm_goods` WHERE `goods_id` = 20 LIMIT 1   [ RunTime:0.0000s ]
SQL: SELECT * FROM `hm_goods` WHERE `goods_id` = 20 LIMIT 1   [ RunTime:0.0010s ]
SQL: SHOW COLUMNS FROM `hm_attachment` [ RunTime:0.0040s ]
SQL: SELECT * FROM `hm_attachment` WHERE `related_id` = 20  [ RunTime:0.0000s ]
SQL: SHOW COLUMNS FROM `hm_goods_attr_value` [ RunTime:0.0030s ]
SQL: SELECT * FROM `hm_goods_attr_value` WHERE `goods_id` = 20  [ RunTime:0.0000s ]
SQL: SHOW COLUMNS FROM `hm_goods_spec_value` [ RunTime:0.0030s ]
SQL: SELECT * FROM `hm_goods_spec_value` WHERE `goods_id` = 20  [ RunTime:0.0010s ]
SQL: SHOW COLUMNS FROM `hm_goods_class` [ RunTime:0.0030s ]
SQL: SELECT `type_id` FROM `hm_goods_class` WHERE `gc_id` = 3 LIMIT 1   [ RunTime:0.0000s ]
SQL: SHOW COLUMNS FROM `hm_goods_type` [ RunTime:0.0040s ]
SQL: SELECT * FROM `hm_goods_type` WHERE `type_id` = 1 LIMIT 1   [ RunTime:0.0010s ]
SQL: SHOW COLUMNS FROM `hm_goods_attr` [ RunTime:0.0040s ]
SQL: SELECT * FROM `hm_goods_attr` WHERE `attr_id` IN ('2','5')  [ RunTime:0.0010s ]
SQL: SHOW COLUMNS FROM `hm_goods_spec` [ RunTime:0.0030s ]
SQL: SELECT * FROM `hm_goods_spec` WHERE `spec_id` IN ('1','6','7')  [ RunTime:0.0010s ]
SQL: SHOW COLUMNS FROM `hm_goods_brand` [ RunTime:0.0030s ]
SQL: SELECT * FROM `hm_goods_brand` WHERE `brand_id` IN ('4','5','6')  [ RunTime:0.0010s ]
INFO: [ view_parse ] --START--
INFO: [ template_filter ] --START--
INFO: Run Behavior\ContentReplaceBehavior [ RunTime:0.001000s ]
INFO: [ template_filter ] --END-- [ RunTime:0.001000s ]
NOTIC: [8] Undefined variable: list_tree F:\wamp\www\hmall\Application\Runtime\Cache\Home\54008e408fa304c7303b79a38c85d02c.php 第 194 行.
INFO: Run Behavior\ParseTemplateBehavior [ RunTime:0.036000s ]
INFO: [ view_parse ] --END-- [ RunTime:0.037000s ]
INFO: [ view_filter ] --START--
INFO: Run Behavior\WriteHtmlCacheBehavior [ RunTime:0.000000s ]
INFO: [ view_filter ] --END-- [ RunTime:0.001000s ]
INFO: [ app_end ] --START--
INFO: Run Behavior\ShowPageTraceBehavior [ RunTime:0.001000s ]
INFO: [ app_end ] --END-- [ RunTime:0.001000s ]

[ 2015-11-18T09:10:46+08:00 ] ::1 /hmall/index.php/Home/goods/show/id/index.php?act=show_store&op=ajax_flowstat_record&store_id=1&goods_id=46&act_param=goods&op_param=index
INFO: [ app_init ] --START--
INFO: Run Behavior\BuildLiteBehavior [ RunTime:0.000000s ]
INFO: [ app_init ] --END-- [ RunTime:0.001000s ]
INFO: [ app_begin ] --START--
INFO: Run Behavior\ReadHtmlCacheBehavior [ RunTime:0.001000s ]
INFO: [ app_begin ] --END-- [ RunTime:0.001000s ]
NOTIC: [2048] Declaration of Home\Controller\GoodsController::show() should be compatible with Think\Controller::show($content, $charset = '', $contentType = '', $prefix = '') F:\wamp\www\hmall\Application\Home\Controller\GoodsController.class.php 第 4 行.
SQL: SHOW COLUMNS FROM `hm_goods` [ RunTime:0.0030s ]
SQL: SELECT * FROM `hm_goods` WHERE `goods_id` = 0 LIMIT 1   [ RunTime:0.0100s ]
SQL: SELECT * FROM `hm_goods` WHERE `goods_id` = 0 LIMIT 1   [ RunTime:0.0010s ]
SQL: SHOW COLUMNS FROM `hm_attachment` [ RunTime:0.0030s ]
SQL: SELECT * FROM `hm_attachment` WHERE `related_id` = 0  [ RunTime:0.0010s ]
SQL: SHOW COLUMNS FROM `hm_goods_attr_value` [ RunTime:0.0050s ]
SQL: SELECT * FROM `hm_goods_attr_value` WHERE `goods_id` = 0  [ RunTime:0.0000s ]
SQL: SHOW COLUMNS FROM `hm_goods_spec_value` [ RunTime:0.0040s ]
SQL: SELECT * FROM `hm_goods_spec_value` WHERE `goods_id` = 0  [ RunTime:0.0000s ]
SQL: SHOW COLUMNS FROM `hm_goods_class` [ RunTime:0.0040s ]
SQL: SELECT `type_id` FROM `hm_goods_class` WHERE `gc_id` = null LIMIT 1   [ RunTime:0.0010s ]
INFO: [ view_parse ] --START--
INFO: [ template_filter ] --START--
INFO: Run Behavior\ContentReplaceBehavior [ RunTime:0.000000s ]
INFO: [ template_filter ] --END-- [ RunTime:0.000000s ]
NOTIC: [8] Undefined variable: list_tree F:\wamp\www\hmall\Application\Runtime\Cache\Home\54008e408fa304c7303b79a38c85d02c.php 第 194 行.
INFO: Run Behavior\ParseTemplateBehavior [ RunTime:0.037000s ]
INFO: [ view_parse ] --END-- [ RunTime:0.037000s ]
INFO: [ view_filter ] --START--
INFO: Run Behavior\WriteHtmlCacheBehavior [ RunTime:0.000000s ]
INFO: [ view_filter ] --END-- [ RunTime:0.001000s ]
INFO: [ app_end ] --START--
INFO: Run Behavior\ShowPageTraceBehavior [ RunTime:0.002000s ]
INFO: [ app_end ] --END-- [ RunTime:0.002000s ]

