[ 2015-08-27T09:11:28+08:00 ] 127.0.0.1 /hmall/Public/Admin/js/chart/raphael.js
INFO: [ app_init ] --START--
INFO: Run Behavior\BuildLiteBehavior [ RunTime:0.000000s ]
INFO: [ app_init ] --END-- [ RunTime:0.001000s ]
ERR: 无法加载模块:Public

[ 2015-08-27T09:11:28+08:00 ] 127.0.0.1 /hmall/Public/Admin/js/chart/g.raphael.js
INFO: [ app_init ] --START--
INFO: Run Behavior\BuildLiteBehavior [ RunTime:0.001000s ]
INFO: [ app_init ] --END-- [ RunTime:0.001000s ]
ERR: 无法加载模块:Public

[ 2015-08-27T09:11:28+08:00 ] 127.0.0.1 /hmall/Public/Admin/js/chart/g.line.js
INFO: [ app_init ] --START--
INFO: Run Behavior\BuildLiteBehavior [ RunTime:0.000000s ]
INFO: [ app_init ] --END-- [ RunTime:0.001000s ]
ERR: 无法加载模块:Public

[ 2015-08-27T09:11:28+08:00 ] 127.0.0.1 /hmall/Public/Admin/js/chart/g.bar.js
INFO: [ app_init ] --START--
INFO: Run Behavior\BuildLiteBehavior [ RunTime:0.000000s ]
INFO: [ app_init ] --END-- [ RunTime:0.000000s ]
ERR: 无法加载模块:Public

[ 2015-08-27T09:11:29+08:00 ] 127.0.0.1 /hmall/Public/Admin/js/chart/g.dot.js
INFO: [ app_init ] --START--
INFO: Run Behavior\BuildLiteBehavior [ RunTime:0.000000s ]
INFO: [ app_init ] --END-- [ RunTime:0.000000s ]
ERR: 无法加载模块:Public

[ 2015-08-27T09:11:29+08:00 ] 127.0.0.1 /hmall/Public/Admin/js/chart/g.pie.js
INFO: [ app_init ] --START--
INFO: Run Behavior\BuildLiteBehavior [ RunTime:0.000000s ]
INFO: [ app_init ] --END-- [ RunTime:0.000000s ]
ERR: 无法加载模块:Public

[ 2015-08-27T09:11:29+08:00 ] 127.0.0.1 /hmall/Public/favicon.ico
INFO: [ app_init ] --START--
INFO: Run Behavior\BuildLiteBehavior [ RunTime:0.000000s ]
INFO: [ app_init ] --END-- [ RunTime:0.001000s ]
ERR: 无法加载模块:Public

[ 2015-08-27T09:11:34+08:00 ] 127.0.0.1 /hmall/Public/upload/data/upload/goods/2015/08/1439362401671.png
INFO: [ app_init ] --START--
INFO: Run Behavior\BuildLiteBehavior [ RunTime:0.000000s ]
INFO: [ app_init ] --END-- [ RunTime:0.000000s ]
ERR: 无法加载模块:Public

[ 2015-08-27T09:11:34+08:00 ] 127.0.0.1 /hmall/Public/upload/data/upload/goods/2015/08/1439371491637.jpg
INFO: [ app_init ] --START--
INFO: Run Behavior\BuildLiteBehavior [ RunTime:0.000000s ]
INFO: [ app_init ] --END-- [ RunTime:0.001000s ]
ERR: 无法加载模块:Public

[ 2015-08-27T09:11:34+08:00 ] 127.0.0.1 /hmall/Public/upload/data/upload/goods/2015/08/1439274434365.jpg
INFO: [ app_init ] --START--
INFO: Run Behavior\BuildLiteBehavior [ RunTime:0.000000s ]
INFO: [ app_init ] --END-- [ RunTime:0.000000s ]
ERR: 无法加载模块:Public

[ 2015-08-27T09:42:11+08:00 ] 127.0.0.1 /hmall/Public/Admin/js/chart/g.bar.js
INFO: [ app_init ] --START--
INFO: Run Behavior\BuildLiteBehavior [ RunTime:0.000000s ]
INFO: [ app_init ] --END-- [ RunTime:0.000000s ]
ERR: 无法加载模块:Public

[ 2015-08-27T09:42:11+08:00 ] 127.0.0.1 /hmall/Public/Admin/js/chart/g.raphael.js
INFO: [ app_init ] --START--
INFO: Run Behavior\BuildLiteBehavior [ RunTime:0.000000s ]
INFO: [ app_init ] --END-- [ RunTime:0.001000s ]
ERR: 无法加载模块:Public

[ 2015-08-27T09:42:11+08:00 ] 127.0.0.1 /hmall/Public/Admin/js/chart/raphael.js
INFO: [ app_init ] --START--
INFO: Run Behavior\BuildLiteBehavior [ RunTime:0.000000s ]
INFO: [ app_init ] --END-- [ RunTime:0.015000s ]
ERR: 无法加载模块:Public

[ 2015-08-27T09:42:11+08:00 ] 127.0.0.1 /hmall/Public/Admin/js/chart/g.line.js
INFO: [ app_init ] --START--
INFO: Run Behavior\BuildLiteBehavior [ RunTime:0.000000s ]
INFO: [ app_init ] --END-- [ RunTime:0.001000s ]
ERR: 无法加载模块:Public

[ 2015-08-27T09:42:11+08:00 ] 127.0.0.1 /hmall/Public/Admin/js/chart/g.dot.js
INFO: [ app_init ] --START--
INFO: Run Behavior\BuildLiteBehavior [ RunTime:0.001000s ]
INFO: [ app_init ] --END-- [ RunTime:0.003000s ]
ERR: 无法加载模块:Public

[ 2015-08-27T09:42:11+08:00 ] 127.0.0.1 /hmall/Public/Admin/js/chart/g.pie.js
INFO: [ app_init ] --START--
INFO: Run Behavior\BuildLiteBehavior [ RunTime:0.000000s ]
INFO: [ app_init ] --END-- [ RunTime:0.000000s ]
ERR: 无法加载模块:Public

[ 2015-08-27T11:25:43+08:00 ] 127.0.0.1 /hmall/Public/Admin/js/chart/g.line.js
INFO: [ app_init ] --START--
INFO: Run Behavior\BuildLiteBehavior [ RunTime:0.001000s ]
INFO: [ app_init ] --END-- [ RunTime:0.001000s ]
ERR: 无法加载模块:Public

[ 2015-08-27T11:25:43+08:00 ] 127.0.0.1 /hmall/Public/Admin/js/chart/raphael.js
INFO: [ app_init ] --START--
INFO: Run Behavior\BuildLiteBehavior [ RunTime:0.000000s ]
INFO: [ app_init ] --END-- [ RunTime:0.001000s ]
ERR: 无法加载模块:Public


[ 2015-08-27T11:57:56+08:00 ] 127.0.0.1 /hmall/Public/Admin/js/chart/raphael.js
INFO: [ app_init ] --START--
INFO: Run Behavior\BuildLiteBehavior [ RunTime:0.000000s ]
INFO: [ app_init ] --END-- [ RunTime:0.001000s ]
ERR: 无法加载模块:Public

[ 2015-08-27T11:57:56+08:00 ] 127.0.0.1 /hmall/Public/Admin/js/chart/g.raphael.js
INFO: [ app_init ] --START--
INFO: Run Behavior\BuildLiteBehavior [ RunTime:0.000000s ]
INFO: [ app_init ] --END-- [ RunTime:0.000000s ]
ERR: 无法加载模块:Public

[ 2015-08-27T11:57:56+08:00 ] 127.0.0.1 /hmall/Public/Admin/js/chart/g.bar.js
INFO: [ app_init ] --START--
INFO: Run Behavior\BuildLiteBehavior [ RunTime:0.000000s ]
INFO: [ app_init ] --END-- [ RunTime:0.001000s ]
ERR: 无法加载模块:Public

[ 2015-08-27T11:57:56+08:00 ] 127.0.0.1 /hmall/Public/Admin/js/chart/g.line.js
INFO: [ app_init ] --START--
INFO: Run Behavior\BuildLiteBehavior [ RunTime:0.000000s ]
INFO: [ app_init ] --END-- [ RunTime:0.001000s ]
ERR: 无法加载模块:Public

[ 2015-08-27T11:57:56+08:00 ] 127.0.0.1 /hmall/Public/Admin/js/chart/g.dot.js
INFO: [ app_init ] --START--
INFO: Run Behavior\BuildLiteBehavior [ RunTime:0.000000s ]
INFO: [ app_init ] --END-- [ RunTime:0.000000s ]
ERR: 无法加载模块:Public

[ 2015-08-27T11:57:56+08:00 ] 127.0.0.1 /hmall/Public/Admin/js/chart/g.pie.js
INFO: [ app_init ] --START--
INFO: Run Behavior\BuildLiteBehavior [ RunTime:0.000000s ]
INFO: [ app_init ] --END-- [ RunTime:0.002000s ]
ERR: 无法加载模块:Public

[ 2015-08-27T11:59:24+08:00 ] 127.0.0.1 /hmall/Public/Admin/js/chart/g.line.js
INFO: [ app_init ] --START--
INFO: Run Behavior\BuildLiteBehavior [ RunTime:0.000000s ]
INFO: [ app_init ] --END-- [ RunTime:0.001000s ]
ERR: 无法加载模块:Public

[ 2015-08-27T11:59:24+08:00 ] 127.0.0.1 /hmall/Public/Admin/js/chart/g.raphael.js
INFO: [ app_init ] --START--
INFO: Run Behavior\BuildLiteBehavior [ RunTime:0.000000s ]
INFO: [ app_init ] --END-- [ RunTime:0.001000s ]
ERR: 无法加载模块:Public

[ 2015-08-27T11:59:24+08:00 ] 127.0.0.1 /hmall/Public/Admin/js/chart/g.pie.js
INFO: [ app_init ] --START--
INFO: Run Behavior\BuildLiteBehavior [ RunTime:0.000000s ]
INFO: [ app_init ] --END-- [ RunTime:0.000000s ]
ERR: 无法加载模块:Public

[ 2015-08-27T11:59:24+08:00 ] 127.0.0.1 /hmall/Public/Admin/js/chart/raphael.js
INFO: [ app_init ] --START--
INFO: Run Behavior\BuildLiteBehavior [ RunTime:0.000000s ]
INFO: [ app_init ] --END-- [ RunTime:0.000000s ]
ERR: 无法加载模块:Public

[ 2015-08-27T11:59:24+08:00 ] 127.0.0.1 /hmall/Public/Admin/js/chart/g.bar.js
INFO: [ app_init ] --START--
INFO: Run Behavior\BuildLiteBehavior [ RunTime:0.000000s ]
INFO: [ app_init ] --END-- [ RunTime:0.001000s ]
ERR: 无法加载模块:Public

[ 2015-08-27T11:59:24+08:00 ] 127.0.0.1 /hmall/Public/Admin/js/chart/g.dot.js
INFO: [ app_init ] --START--
INFO: Run Behavior\BuildLiteBehavior [ RunTime:0.000000s ]
INFO: [ app_init ] --END-- [ RunTime:0.001000s ]
ERR: 无法加载模块:Public

[ 2015-08-27T13:44:29+08:00 ] 127.0.0.1 /hmall/Public/Admin/js/chart/raphael.js
INFO: [ app_init ] --START--
INFO: Run Behavior\BuildLiteBehavior [ RunTime:0.001000s ]
INFO: [ app_init ] --END-- [ RunTime:0.001000s ]
ERR: 无法加载模块:Public

[ 2015-08-27T13:44:29+08:00 ] 127.0.0.1 /hmall/Public/Admin/js/chart/g.pie.js
INFO: [ app_init ] --START--
INFO: Run Behavior\BuildLiteBehavior [ RunTime:0.000000s ]
INFO: [ app_init ] --END-- [ RunTime:0.001000s ]
ERR: 无法加载模块:Public

[ 2015-08-27T13:44:29+08:00 ] 127.0.0.1 /hmall/Public/Admin/js/chart/g.line.js
INFO: [ app_init ] --START--
INFO: Run Behavior\BuildLiteBehavior [ RunTime:0.000000s ]
INFO: [ app_init ] --END-- [ RunTime:0.000000s ]
ERR: 无法加载模块:Public

[ 2015-08-27T13:44:29+08:00 ] 127.0.0.1 /hmall/Public/Admin/js/chart/g.raphael.js
INFO: [ app_init ] --START--
INFO: Run Behavior\BuildLiteBehavior [ RunTime:0.000000s ]
INFO: [ app_init ] --END-- [ RunTime:0.001000s ]
ERR: 无法加载模块:Public

[ 2015-08-27T13:44:29+08:00 ] 127.0.0.1 /hmall/Public/Admin/js/chart/g.bar.js
INFO: [ app_init ] --START--
INFO: Run Behavior\BuildLiteBehavior [ RunTime:0.001000s ]
INFO: [ app_init ] --END-- [ RunTime:0.001000s ]
ERR: 无法加载模块:Public

[ 2015-08-27T13:44:29+08:00 ] 127.0.0.1 /hmall/Public/Admin/js/chart/g.dot.js
INFO: [ app_init ] --START--
INFO: Run Behavior\BuildLiteBehavior [ RunTime:0.000000s ]
INFO: [ app_init ] --END-- [ RunTime:0.001000s ]
ERR: 无法加载模块:Public

[ 2015-08-27T13:48:33+08:00 ] 127.0.0.1 /hmall/Public/Admin/img/uploadify-cancel.png
INFO: [ app_init ] --START--
INFO: Run Behavior\BuildLiteBehavior [ RunTime:0.000000s ]
INFO: [ app_init ] --END-- [ RunTime:0.001000s ]
ERR: 无法加载模块:Public

[ 2015-08-27T13:57:56+08:00 ] 127.0.0.1 /hmall/index.php/Public/upload/goods/2015-08-27/55dea6e491c08.jpg
INFO: [ app_init ] --START--
INFO: Run Behavior\BuildLiteBehavior [ RunTime:0.000000s ]
INFO: [ app_init ] --END-- [ RunTime:0.000000s ]
ERR: 无法加载模块:Public

[ 2015-08-27T13:58:10+08:00 ] 127.0.0.1 /hmall/index.php/Public/upload/goods/2015-08-27/55dea6e491c08.jpg
INFO: [ app_init ] --START--
INFO: Run Behavior\BuildLiteBehavior [ RunTime:0.000000s ]
INFO: [ app_init ] --END-- [ RunTime:0.000000s ]
ERR: 无法加载模块:Public

[ 2015-08-27T13:59:42+08:00 ] 127.0.0.1 /hmall/Public/upload2015-08-27/55dea74e4bed8.jpg
INFO: [ app_init ] --START--
INFO: Run Behavior\BuildLiteBehavior [ RunTime:0.000000s ]
INFO: [ app_init ] --END-- [ RunTime:0.000000s ]
ERR: 无法加载模块:Public

[ 2015-08-27T13:59:58+08:00 ] 127.0.0.1 /hmall/Public/upload2015-08-27/55dea74e4bed8.jpg
INFO: [ app_init ] --START--
INFO: Run Behavior\BuildLiteBehavior [ RunTime:0.001000s ]
INFO: [ app_init ] --END-- [ RunTime:0.001000s ]
ERR: 无法加载模块:Public

[ 2015-08-27T14:00:03+08:00 ] 127.0.0.1 /hmall/Public/upload/2015-08-27/55dea74e4bed8.jpg
INFO: [ app_init ] --START--
INFO: Run Behavior\BuildLiteBehavior [ RunTime:0.000000s ]
INFO: [ app_init ] --END-- [ RunTime:0.001000s ]
ERR: 无法加载模块:Public

[ 2015-08-27T16:06:28+08:00 ] 127.0.0.1 /hmall/Public/Admin/js/chart/raphael.js
INFO: [ app_init ] --START--
INFO: Run Behavior\BuildLiteBehavior [ RunTime:0.000000s ]
INFO: [ app_init ] --END-- [ RunTime:0.000000s ]
ERR: 无法加载模块:Public

[ 2015-08-27T16:06:28+08:00 ] 127.0.0.1 /hmall/Public/Admin/js/chart/g.raphael.js
INFO: [ app_init ] --START--
INFO: Run Behavior\BuildLiteBehavior [ RunTime:0.000000s ]
INFO: [ app_init ] --END-- [ RunTime:0.001000s ]
ERR: 无法加载模块:Public

[ 2015-08-27T16:06:28+08:00 ] 127.0.0.1 /hmall/Public/Admin/js/chart/g.line.js
INFO: [ app_init ] --START--
INFO: Run Behavior\BuildLiteBehavior [ RunTime:0.000000s ]
INFO: [ app_init ] --END-- [ RunTime:0.001000s ]
ERR: 无法加载模块:Public

[ 2015-08-27T16:06:28+08:00 ] 127.0.0.1 /hmall/Public/Admin/js/chart/g.bar.js
INFO: [ app_init ] --START--
INFO: Run Behavior\BuildLiteBehavior [ RunTime:0.000000s ]
INFO: [ app_init ] --END-- [ RunTime:0.001000s ]
ERR: 无法加载模块:Public

[ 2015-08-27T16:06:28+08:00 ] 127.0.0.1 /hmall/Public/Admin/js/chart/g.dot.js
INFO: [ app_init ] --START--
INFO: Run Behavior\BuildLiteBehavior [ RunTime:0.000000s ]
INFO: [ app_init ] --END-- [ RunTime:0.001000s ]
ERR: 无法加载模块:Public

[ 2015-08-27T16:06:28+08:00 ] 127.0.0.1 /hmall/Public/Admin/js/chart/g.pie.js
INFO: [ app_init ] --START--
INFO: Run Behavior\BuildLiteBehavior [ RunTime:0.001000s ]
INFO: [ app_init ] --END-- [ RunTime:0.005000s ]
ERR: 无法加载模块:Public

[ 2015-08-27T16:07:35+08:00 ] 127.0.0.1 /hmall/Public/Admin/js/chart/raphael.js
INFO: [ app_init ] --START--
INFO: Run Behavior\BuildLiteBehavior [ RunTime:0.000000s ]
INFO: [ app_init ] --END-- [ RunTime:0.000000s ]
ERR: 无法加载模块:Public

[ 2015-08-27T16:07:35+08:00 ] 127.0.0.1 /hmall/Public/Admin/js/chart/g.pie.js
INFO: [ app_init ] --START--
INFO: Run Behavior\BuildLiteBehavior [ RunTime:0.000000s ]
INFO: [ app_init ] --END-- [ RunTime:0.001000s ]
ERR: 无法加载模块:Public

[ 2015-08-27T16:07:35+08:00 ] 127.0.0.1 /hmall/Public/Admin/js/chart/g.bar.js
INFO: [ app_init ] --START--
INFO: Run Behavior\BuildLiteBehavior [ RunTime:0.000000s ]
INFO: [ app_init ] --END-- [ RunTime:0.000000s ]
ERR: 无法加载模块:Public

[ 2015-08-27T16:07:35+08:00 ] 127.0.0.1 /hmall/Public/Admin/js/chart/g.line.js
INFO: [ app_init ] --START--
INFO: Run Behavior\BuildLiteBehavior [ RunTime:0.000000s ]
INFO: [ app_init ] --END-- [ RunTime:0.000000s ]
ERR: 无法加载模块:Public

[ 2015-08-27T16:07:35+08:00 ] 127.0.0.1 /hmall/Public/Admin/js/chart/g.dot.js
INFO: [ app_init ] --START--
INFO: Run Behavior\BuildLiteBehavior [ RunTime:0.000000s ]
INFO: [ app_init ] --END-- [ RunTime:0.020000s ]
ERR: 无法加载模块:Public

[ 2015-08-27T16:07:35+08:00 ] 127.0.0.1 /hmall/Public/Admin/js/chart/g.raphael.js
INFO: [ app_init ] --START--
INFO: Run Behavior\BuildLiteBehavior [ RunTime:0.000000s ]
INFO: [ app_init ] --END-- [ RunTime:0.000000s ]
ERR: 无法加载模块:Public

[ 2015-08-27T16:09:16+08:00 ] 127.0.0.1 /hmall/Public/Admin/js/chart/raphael.js
INFO: [ app_init ] --START--
INFO: Run Behavior\BuildLiteBehavior [ RunTime:0.000000s ]
INFO: [ app_init ] --END-- [ RunTime:0.000000s ]
ERR: 无法加载模块:Public

[ 2015-08-27T16:09:16+08:00 ] 127.0.0.1 /hmall/Public/Admin/js/chart/g.raphael.js
INFO: [ app_init ] --START--
INFO: Run Behavior\BuildLiteBehavior [ RunTime:0.000000s ]
INFO: [ app_init ] --END-- [ RunTime:0.000000s ]
ERR: 无法加载模块:Public

[ 2015-08-27T16:09:16+08:00 ] 127.0.0.1 /hmall/Public/Admin/js/chart/g.bar.js
INFO: [ app_init ] --START--
INFO: Run Behavior\BuildLiteBehavior [ RunTime:0.001000s ]
INFO: [ app_init ] --END-- [ RunTime:0.001000s ]
ERR: 无法加载模块:Public

[ 2015-08-27T16:09:16+08:00 ] 127.0.0.1 /hmall/Public/Admin/js/chart/g.line.js
INFO: [ app_init ] --START--
INFO: Run Behavior\BuildLiteBehavior [ RunTime:0.000000s ]
INFO: [ app_init ] --END-- [ RunTime:0.001000s ]
ERR: 无法加载模块:Public

[ 2015-08-27T16:09:16+08:00 ] 127.0.0.1 /hmall/Public/Admin/js/chart/g.pie.js
INFO: [ app_init ] --START--
INFO: Run Behavior\BuildLiteBehavior [ RunTime:0.000000s ]
INFO: [ app_init ] --END-- [ RunTime:0.002000s ]
ERR: 无法加载模块:Public

[ 2015-08-27T16:09:16+08:00 ] 127.0.0.1 /hmall/Public/Admin/js/chart/g.dot.js
INFO: [ app_init ] --START--
INFO: Run Behavior\BuildLiteBehavior [ RunTime:0.000000s ]
INFO: [ app_init ] --END-- [ RunTime:0.002000s ]
ERR: 无法加载模块:Public

[ 2015-08-27T16:10:14+08:00 ] 127.0.0.1 /hmall/Public/Admin/js/chart/raphael.js
INFO: [ app_init ] --START--
INFO: Run Behavior\BuildLiteBehavior [ RunTime:0.000000s ]
INFO: [ app_init ] --END-- [ RunTime:0.001000s ]
ERR: 无法加载模块:Public

[ 2015-08-27T16:10:14+08:00 ] 127.0.0.1 /hmall/Public/Admin/js/chart/g.raphael.js
INFO: [ app_init ] --START--
INFO: Run Behavior\BuildLiteBehavior [ RunTime:0.000000s ]
INFO: [ app_init ] --END-- [ RunTime:0.001000s ]
ERR: 无法加载模块:Public

[ 2015-08-27T16:10:14+08:00 ] 127.0.0.1 /hmall/Public/Admin/js/chart/g.bar.js
INFO: [ app_init ] --START--
INFO: Run Behavior\BuildLiteBehavior [ RunTime:0.000000s ]
INFO: [ app_init ] --END-- [ RunTime:0.001000s ]
ERR: 无法加载模块:Public

[ 2015-08-27T16:10:14+08:00 ] 127.0.0.1 /hmall/Public/Admin/js/chart/g.line.js
INFO: [ app_init ] --START--
INFO: Run Behavior\BuildLiteBehavior [ RunTime:0.000000s ]
INFO: [ app_init ] --END-- [ RunTime:0.001000s ]
ERR: 无法加载模块:Public

[ 2015-08-27T16:10:14+08:00 ] 127.0.0.1 /hmall/Public/Admin/js/chart/g.pie.js
INFO: [ app_init ] --START--
INFO: Run Behavior\BuildLiteBehavior [ RunTime:0.000000s ]
INFO: [ app_init ] --END-- [ RunTime:0.001000s ]
ERR: 无法加载模块:Public

[ 2015-08-27T16:10:14+08:00 ] 127.0.0.1 /hmall/Public/Admin/js/chart/g.dot.js
INFO: [ app_init ] --START--
INFO: Run Behavior\BuildLiteBehavior [ RunTime:0.000000s ]
INFO: [ app_init ] --END-- [ RunTime:0.001000s ]
ERR: 无法加载模块:Public

[ 2015-08-27T17:07:12+08:00 ] 127.0.0.1 /hmall/Public/Admin/js/chart/raphael.js
INFO: [ app_init ] --START--
INFO: Run Behavior\BuildLiteBehavior [ RunTime:0.000000s ]
INFO: [ app_init ] --END-- [ RunTime:0.001000s ]
ERR: 无法加载模块:Public

[ 2015-08-27T17:07:12+08:00 ] 127.0.0.1 /hmall/Public/Admin/js/chart/g.raphael.js
INFO: [ app_init ] --START--
INFO: Run Behavior\BuildLiteBehavior [ RunTime:0.000000s ]
INFO: [ app_init ] --END-- [ RunTime:0.001000s ]
ERR: 无法加载模块:Public

[ 2015-08-27T17:07:12+08:00 ] 127.0.0.1 /hmall/Public/Admin/js/chart/g.bar.js
INFO: [ app_init ] --START--
INFO: Run Behavior\BuildLiteBehavior [ RunTime:0.000000s ]
INFO: [ app_init ] --END-- [ RunTime:0.001000s ]
ERR: 无法加载模块:Public

[ 2015-08-27T17:07:12+08:00 ] 127.0.0.1 /hmall/Public/Admin/js/chart/g.line.js
INFO: [ app_init ] --START--
INFO: Run Behavior\BuildLiteBehavior [ RunTime:0.000000s ]
INFO: [ app_init ] --END-- [ RunTime:0.001000s ]
ERR: 无法加载模块:Public

[ 2015-08-27T17:07:12+08:00 ] 127.0.0.1 /hmall/Public/Admin/js/chart/g.pie.js
INFO: [ app_init ] --START--
INFO: Run Behavior\BuildLiteBehavior [ RunTime:0.000000s ]
INFO: [ app_init ] --END-- [ RunTime:0.001000s ]
ERR: 无法加载模块:Public

[ 2015-08-27T17:07:12+08:00 ] 127.0.0.1 /hmall/Public/Admin/js/chart/g.dot.js
INFO: [ app_init ] --START--
INFO: Run Behavior\BuildLiteBehavior [ RunTime:0.000000s ]
INFO: [ app_init ] --END-- [ RunTime:0.000000s ]
ERR: 无法加载模块:Public

[ 2015-08-27T17:13:28+08:00 ] 127.0.0.1 /hmall/Public/Admin/img/uploadify-cancel.png
INFO: [ app_init ] --START--
INFO: Run Behavior\BuildLiteBehavior [ RunTime:0.001000s ]
INFO: [ app_init ] --END-- [ RunTime:0.001000s ]
ERR: 无法加载模块:Public

[ 2015-08-27T17:16:35+08:00 ] 127.0.0.1 /hmall/Public/upload/data/upload/goods/2015/08/1439274434365.jpg
INFO: [ app_init ] --START--
INFO: Run Behavior\BuildLiteBehavior [ RunTime:0.000000s ]
INFO: [ app_init ] --END-- [ RunTime:0.001000s ]
ERR: 无法加载模块:Public

[ 2015-08-27T17:16:35+08:00 ] 127.0.0.1 /hmall/Public/upload/data/upload/goods/2015/08/1439362401671.png
INFO: [ app_init ] --START--
INFO: Run Behavior\BuildLiteBehavior [ RunTime:0.000000s ]
INFO: [ app_init ] --END-- [ RunTime:0.001000s ]
ERR: 无法加载模块:Public

[ 2015-08-27T17:16:35+08:00 ] 127.0.0.1 /hmall/Public/upload/data/upload/goods/2015/08/1439371491637.jpg
INFO: [ app_init ] --START--
INFO: Run Behavior\BuildLiteBehavior [ RunTime:0.000000s ]
INFO: [ app_init ] --END-- [ RunTime:0.001000s ]
ERR: 无法加载模块:Public

