[ 2015-08-31T09:20:35+08:00 ] 127.0.0.1 /hmall/Public/Admin/js/chart/g.line.js
INFO: [ app_init ] --START--
INFO: Run Behavior\BuildLiteBehavior [ RunTime:0.000000s ]
INFO: [ app_init ] --END-- [ RunTime:0.001000s ]
ERR: 无法加载模块:Public

[ 2015-08-31T09:20:35+08:00 ] 127.0.0.1 /hmall/Public/Admin/js/chart/g.raphael.js
INFO: [ app_init ] --START--
INFO: Run Behavior\BuildLiteBehavior [ RunTime:0.000000s ]
INFO: [ app_init ] --END-- [ RunTime:0.001000s ]
ERR: 无法加载模块:Public

[ 2015-08-31T09:20:35+08:00 ] 127.0.0.1 /hmall/Public/Admin/js/chart/g.bar.js
INFO: [ app_init ] --START--
INFO: Run Behavior\BuildLiteBehavior [ RunTime:0.000000s ]
INFO: [ app_init ] --END-- [ RunTime:0.001000s ]
ERR: 无法加载模块:Public

[ 2015-08-31T09:20:35+08:00 ] 127.0.0.1 /hmall/Public/Admin/js/chart/raphael.js
INFO: [ app_init ] --START--
INFO: Run Behavior\BuildLiteBehavior [ RunTime:0.000000s ]
INFO: [ app_init ] --END-- [ RunTime:0.001000s ]
ERR: 无法加载模块:Public

[ 2015-08-31T09:20:35+08:00 ] 127.0.0.1 /hmall/Public/Admin/js/chart/g.pie.js
INFO: [ app_init ] --START--
INFO: Run Behavior\BuildLiteBehavior [ RunTime:0.000000s ]
INFO: [ app_init ] --END-- [ RunTime:0.001000s ]
ERR: 无法加载模块:Public

[ 2015-08-31T09:20:35+08:00 ] 127.0.0.1 /hmall/Public/Admin/js/chart/g.dot.js
INFO: [ app_init ] --START--
INFO: Run Behavior\BuildLiteBehavior [ RunTime:0.000000s ]
INFO: [ app_init ] --END-- [ RunTime:0.000000s ]
ERR: 无法加载模块:Public

[ 2015-08-31T09:20:36+08:00 ] 127.0.0.1 /hmall/Public/favicon.ico
INFO: [ app_init ] --START--
INFO: Run Behavior\BuildLiteBehavior [ RunTime:0.000000s ]
INFO: [ app_init ] --END-- [ RunTime:0.000000s ]
ERR: 无法加载模块:Public

[ 2015-08-31T09:21:03+08:00 ] 127.0.0.1 /hmall/Public/upload/data/upload/goods/2015/08/1439274434365.jpg
INFO: [ app_init ] --START--
INFO: Run Behavior\BuildLiteBehavior [ RunTime:0.000000s ]
INFO: [ app_init ] --END-- [ RunTime:0.001000s ]
ERR: 无法加载模块:Public

[ 2015-08-31T09:21:03+08:00 ] 127.0.0.1 /hmall/Public/upload/data/upload/goods/2015/08/1439371491637.jpg
INFO: [ app_init ] --START--
INFO: Run Behavior\BuildLiteBehavior [ RunTime:0.000000s ]
INFO: [ app_init ] --END-- [ RunTime:0.000000s ]
ERR: 无法加载模块:Public

[ 2015-08-31T09:21:03+08:00 ] 127.0.0.1 /hmall/Public/upload/data/upload/goods/2015/08/1439362401671.png
INFO: [ app_init ] --START--
INFO: Run Behavior\BuildLiteBehavior [ RunTime:0.000000s ]
INFO: [ app_init ] --END-- [ RunTime:0.001000s ]
ERR: 无法加载模块:Public

[ 2015-08-31T09:23:15+08:00 ] 127.0.0.1 /hmall/Public/upload/data/upload/goods/2015/08/1439274434365.jpg
INFO: [ app_init ] --START--
INFO: Run Behavior\BuildLiteBehavior [ RunTime:0.000000s ]
INFO: [ app_init ] --END-- [ RunTime:0.001000s ]
ERR: 无法加载模块:Public

[ 2015-08-31T09:23:15+08:00 ] 127.0.0.1 /hmall/Public/upload/data/upload/goods/2015/08/1439362401671.png
INFO: [ app_init ] --START--
INFO: Run Behavior\BuildLiteBehavior [ RunTime:0.000000s ]
INFO: [ app_init ] --END-- [ RunTime:0.000000s ]
ERR: 无法加载模块:Public

[ 2015-08-31T09:23:15+08:00 ] 127.0.0.1 /hmall/Public/upload/data/upload/goods/2015/08/1439371491637.jpg
INFO: [ app_init ] --START--
INFO: Run Behavior\BuildLiteBehavior [ RunTime:0.000000s ]
INFO: [ app_init ] --END-- [ RunTime:0.001000s ]
ERR: 无法加载模块:Public

[ 2015-08-31T09:23:39+08:00 ] 127.0.0.1 /hmall/Public/upload/data/upload/goods/2015/08/1439274434365.jpg
INFO: [ app_init ] --START--
INFO: Run Behavior\BuildLiteBehavior [ RunTime:0.000000s ]
INFO: [ app_init ] --END-- [ RunTime:0.001000s ]
ERR: 无法加载模块:Public

[ 2015-08-31T09:23:39+08:00 ] 127.0.0.1 /hmall/Public/upload/data/upload/goods/2015/08/1439362401671.png
INFO: [ app_init ] --START--
INFO: Run Behavior\BuildLiteBehavior [ RunTime:0.000000s ]
INFO: [ app_init ] --END-- [ RunTime:0.000000s ]
ERR: 无法加载模块:Public

[ 2015-08-31T09:23:39+08:00 ] 127.0.0.1 /hmall/Public/upload/data/upload/goods/2015/08/1439371491637.jpg
INFO: [ app_init ] --START--
INFO: Run Behavior\BuildLiteBehavior [ RunTime:0.000000s ]
INFO: [ app_init ] --END-- [ RunTime:0.000000s ]
ERR: 无法加载模块:Public

[ 2015-08-31T09:25:10+08:00 ] 127.0.0.1 /hmall/Public/upload/data/upload/goods/2015/08/1439274434365.jpg
INFO: [ app_init ] --START--
INFO: Run Behavior\BuildLiteBehavior [ RunTime:0.000000s ]
INFO: [ app_init ] --END-- [ RunTime:0.000000s ]
ERR: 无法加载模块:Public

[ 2015-08-31T09:25:10+08:00 ] 127.0.0.1 /hmall/Public/upload/data/upload/goods/2015/08/1439362401671.png
INFO: [ app_init ] --START--
INFO: Run Behavior\BuildLiteBehavior [ RunTime:0.000000s ]
INFO: [ app_init ] --END-- [ RunTime:0.000000s ]
ERR: 无法加载模块:Public

[ 2015-08-31T09:25:10+08:00 ] 127.0.0.1 /hmall/Public/upload/data/upload/goods/2015/08/1439371491637.jpg
INFO: [ app_init ] --START--
INFO: Run Behavior\BuildLiteBehavior [ RunTime:0.001000s ]
INFO: [ app_init ] --END-- [ RunTime:0.001000s ]
ERR: 无法加载模块:Public

[ 2015-08-31T09:28:47+08:00 ] 127.0.0.1 /hmall/Public/upload/data/upload/goods/2015/08/1439274434365.jpg
INFO: [ app_init ] --START--
INFO: Run Behavior\BuildLiteBehavior [ RunTime:0.000000s ]
INFO: [ app_init ] --END-- [ RunTime:0.001000s ]
ERR: 无法加载模块:Public

[ 2015-08-31T09:28:47+08:00 ] 127.0.0.1 /hmall/Public/upload/data/upload/goods/2015/08/1439362401671.png
INFO: [ app_init ] --START--
INFO: Run Behavior\BuildLiteBehavior [ RunTime:0.000000s ]
INFO: [ app_init ] --END-- [ RunTime:0.007000s ]
ERR: 无法加载模块:Public

[ 2015-08-31T09:28:47+08:00 ] 127.0.0.1 /hmall/Public/upload/data/upload/goods/2015/08/1439371491637.jpg
INFO: [ app_init ] --START--
INFO: Run Behavior\BuildLiteBehavior [ RunTime:0.000000s ]
INFO: [ app_init ] --END-- [ RunTime:0.000000s ]
ERR: 无法加载模块:Public

[ 2015-08-31T09:29:31+08:00 ] 127.0.0.1 /hmall/Public/upload/data/upload/goods/2015/08/1439274434365.jpg
INFO: [ app_init ] --START--
INFO: Run Behavior\BuildLiteBehavior [ RunTime:0.000000s ]
INFO: [ app_init ] --END-- [ RunTime:0.001000s ]
ERR: 无法加载模块:Public

[ 2015-08-31T09:29:31+08:00 ] 127.0.0.1 /hmall/Public/upload/data/upload/goods/2015/08/1439362401671.png
INFO: [ app_init ] --START--
INFO: Run Behavior\BuildLiteBehavior [ RunTime:0.000000s ]
INFO: [ app_init ] --END-- [ RunTime:0.000000s ]
ERR: 无法加载模块:Public

[ 2015-08-31T09:29:31+08:00 ] 127.0.0.1 /hmall/Public/upload/data/upload/goods/2015/08/1439371491637.jpg
INFO: [ app_init ] --START--
INFO: Run Behavior\BuildLiteBehavior [ RunTime:0.000000s ]
INFO: [ app_init ] --END-- [ RunTime:0.001000s ]
ERR: 无法加载模块:Public

[ 2015-08-31T09:34:23+08:00 ] 127.0.0.1 /hmall/Public/upload/data/upload/goods/2015/08/1439362401671.png
INFO: [ app_init ] --START--
INFO: Run Behavior\BuildLiteBehavior [ RunTime:0.000000s ]
INFO: [ app_init ] --END-- [ RunTime:0.001000s ]
ERR: 无法加载模块:Public

[ 2015-08-31T09:34:23+08:00 ] 127.0.0.1 /hmall/Public/upload/data/upload/goods/2015/08/1439274434365.jpg
INFO: [ app_init ] --START--
INFO: Run Behavior\BuildLiteBehavior [ RunTime:0.000000s ]
INFO: [ app_init ] --END-- [ RunTime:0.001000s ]
ERR: 无法加载模块:Public

[ 2015-08-31T09:34:23+08:00 ] 127.0.0.1 /hmall/Public/upload/data/upload/goods/2015/08/1439371491637.jpg
INFO: [ app_init ] --START--
INFO: Run Behavior\BuildLiteBehavior [ RunTime:0.000000s ]
INFO: [ app_init ] --END-- [ RunTime:0.000000s ]
ERR: 无法加载模块:Public

[ 2015-08-31T09:36:02+08:00 ] 127.0.0.1 /hmall/Public/upload/data/upload/goods/2015/08/1439274434365.jpg
INFO: [ app_init ] --START--
INFO: Run Behavior\BuildLiteBehavior [ RunTime:0.000000s ]
INFO: [ app_init ] --END-- [ RunTime:0.001000s ]
ERR: 无法加载模块:Public

[ 2015-08-31T09:36:02+08:00 ] 127.0.0.1 /hmall/Public/upload/data/upload/goods/2015/08/1439371491637.jpg
INFO: [ app_init ] --START--
INFO: Run Behavior\BuildLiteBehavior [ RunTime:0.000000s ]
INFO: [ app_init ] --END-- [ RunTime:0.000000s ]
ERR: 无法加载模块:Public

[ 2015-08-31T09:36:02+08:00 ] 127.0.0.1 /hmall/Public/upload/data/upload/goods/2015/08/1439362401671.png
INFO: [ app_init ] --START--
INFO: Run Behavior\BuildLiteBehavior [ RunTime:0.000000s ]
INFO: [ app_init ] --END-- [ RunTime:0.001000s ]
ERR: 无法加载模块:Public

[ 2015-08-31T09:41:55+08:00 ] 127.0.0.1 /hmall/Public/upload/data/upload/goods/2015/08/1439274434365.jpg
INFO: [ app_init ] --START--
INFO: Run Behavior\BuildLiteBehavior [ RunTime:0.000000s ]
INFO: [ app_init ] --END-- [ RunTime:0.001000s ]
ERR: 无法加载模块:Public

[ 2015-08-31T09:41:55+08:00 ] 127.0.0.1 /hmall/Public/upload/data/upload/goods/2015/08/1439362401671.png
INFO: [ app_init ] --START--
INFO: Run Behavior\BuildLiteBehavior [ RunTime:0.000000s ]
INFO: [ app_init ] --END-- [ RunTime:0.000000s ]
ERR: 无法加载模块:Public

[ 2015-08-31T09:41:55+08:00 ] 127.0.0.1 /hmall/Public/upload/data/upload/goods/2015/08/1439371491637.jpg
INFO: [ app_init ] --START--
INFO: Run Behavior\BuildLiteBehavior [ RunTime:0.000000s ]
INFO: [ app_init ] --END-- [ RunTime:0.001000s ]
ERR: 无法加载模块:Public

[ 2015-08-31T09:43:59+08:00 ] 127.0.0.1 /hmall/Public/upload/data/upload/goods/2015/08/1439274434365.jpg
INFO: [ app_init ] --START--
INFO: Run Behavior\BuildLiteBehavior [ RunTime:0.000000s ]
INFO: [ app_init ] --END-- [ RunTime:0.001000s ]
ERR: 无法加载模块:Public

[ 2015-08-31T09:43:59+08:00 ] 127.0.0.1 /hmall/Public/upload/data/upload/goods/2015/08/1439371491637.jpg
INFO: [ app_init ] --START--
INFO: Run Behavior\BuildLiteBehavior [ RunTime:0.000000s ]
INFO: [ app_init ] --END-- [ RunTime:0.001000s ]
ERR: 无法加载模块:Public

[ 2015-08-31T09:43:59+08:00 ] 127.0.0.1 /hmall/Public/upload/data/upload/goods/2015/08/1439362401671.png
INFO: [ app_init ] --START--
INFO: Run Behavior\BuildLiteBehavior [ RunTime:0.001000s ]
INFO: [ app_init ] --END-- [ RunTime:0.001000s ]
ERR: 无法加载模块:Public

