[ 2015-08-31T09:11:42+08:00 ] 127.0.0.1 /hmall/admin
INFO: [ app_init ] --START--
INFO: Run Behavior\BuildLiteBehavior [ RunTime:0.000000s ]
INFO: [ app_init ] --END-- [ RunTime:0.001000s ]
INFO: [ app_begin ] --START--
INFO: Run Behavior\ReadHtmlCacheBehavior [ RunTime:0.000000s ]
INFO: [ app_begin ] --END-- [ RunTime:0.001000s ]

[ 2015-08-31T09:11:42+08:00 ] 127.0.0.1 /hmall/index.php/Admin/index/login.html
INFO: [ app_init ] --START--
INFO: Run Behavior\BuildLiteBehavior [ RunTime:0.000000s ]
INFO: [ app_init ] --END-- [ RunTime:0.001000s ]
INFO: [ app_begin ] --START--
INFO: Run Behavior\ReadHtmlCacheBehavior [ RunTime:0.001000s ]
INFO: [ app_begin ] --END-- [ RunTime:0.001000s ]
INFO: [ view_parse ] --START--
INFO: [ template_filter ] --START--
INFO: Run Behavior\ContentReplaceBehavior [ RunTime:0.000000s ]
INFO: [ template_filter ] --END-- [ RunTime:0.001000s ]
INFO: Run Behavior\ParseTemplateBehavior [ RunTime:0.013000s ]
INFO: [ view_parse ] --END-- [ RunTime:0.013000s ]
INFO: [ view_filter ] --START--
INFO: Run Behavior\WriteHtmlCacheBehavior [ RunTime:0.001000s ]
INFO: [ view_filter ] --END-- [ RunTime:0.001000s ]
INFO: [ app_end ] --START--
INFO: Run Behavior\ShowPageTraceBehavior [ RunTime:0.001000s ]
INFO: [ app_end ] --END-- [ RunTime:0.002000s ]

[ 2015-08-31T09:11:42+08:00 ] 127.0.0.1 /hmall/index.php/Admin/index/verify.html
INFO: [ app_init ] --START--
INFO: Run Behavior\BuildLiteBehavior [ RunTime:0.000000s ]
INFO: [ app_init ] --END-- [ RunTime:0.001000s ]
INFO: [ app_begin ] --START--
INFO: Run Behavior\ReadHtmlCacheBehavior [ RunTime:0.000000s ]
INFO: [ app_begin ] --END-- [ RunTime:0.001000s ]
INFO: [ app_end ] --START--
INFO: Run Behavior\ShowPageTraceBehavior [ RunTime:0.001000s ]
INFO: [ app_end ] --END-- [ RunTime:0.001000s ]

[ 2015-08-31T09:20:34+08:00 ] 127.0.0.1 /hmall/index.php/Admin/index/login.html
INFO: [ app_init ] --START--
INFO: Run Behavior\BuildLiteBehavior [ RunTime:0.000000s ]
INFO: [ app_init ] --END-- [ RunTime:0.001000s ]
INFO: [ app_begin ] --START--
INFO: Run Behavior\ReadHtmlCacheBehavior [ RunTime:0.002000s ]
INFO: [ app_begin ] --END-- [ RunTime:0.002000s ]
SQL: SHOW COLUMNS FROM `hm_admin` [ RunTime:0.0170s ]
SQL: SELECT `admin_id`,`admin_name` FROM `hm_admin` WHERE `admin_name` = 'xiaomi' AND `password` = '0192023a7bbd73250516f069df18b500' AND `status` = 1 LIMIT 1   [ RunTime:0.0250s ]
INFO: [ view_parse ] --START--
INFO: [ template_filter ] --START--
INFO: Run Behavior\ContentReplaceBehavior [ RunTime:0.000000s ]
INFO: [ template_filter ] --END-- [ RunTime:0.001000s ]
INFO: Run Behavior\ParseTemplateBehavior [ RunTime:0.027000s ]
INFO: [ view_parse ] --END-- [ RunTime:0.028000s ]
INFO: [ view_filter ] --START--
INFO: Run Behavior\WriteHtmlCacheBehavior [ RunTime:0.000000s ]
INFO: [ view_filter ] --END-- [ RunTime:0.002000s ]
INFO: [ app_end ] --START--
INFO: Run Behavior\ShowPageTraceBehavior [ RunTime:0.001000s ]
INFO: [ app_end ] --END-- [ RunTime:0.001000s ]

[ 2015-08-31T09:20:35+08:00 ] 127.0.0.1 /hmall/index.php/Admin/admin/index.html
INFO: [ app_init ] --START--
INFO: Run Behavior\BuildLiteBehavior [ RunTime:0.001000s ]
INFO: [ app_init ] --END-- [ RunTime:0.001000s ]
INFO: [ app_begin ] --START--
INFO: Run Behavior\ReadHtmlCacheBehavior [ RunTime:0.001000s ]
INFO: [ app_begin ] --END-- [ RunTime:0.001000s ]
INFO: [ view_parse ] --START--
INFO: [ template_filter ] --START--
INFO: Run Behavior\ContentReplaceBehavior [ RunTime:0.000000s ]
INFO: [ template_filter ] --END-- [ RunTime:0.000000s ]
INFO: Run Behavior\ParseTemplateBehavior [ RunTime:0.031000s ]
INFO: [ view_parse ] --END-- [ RunTime:0.031000s ]
INFO: [ view_filter ] --START--
INFO: Run Behavior\WriteHtmlCacheBehavior [ RunTime:0.000000s ]
INFO: [ view_filter ] --END-- [ RunTime:0.001000s ]
INFO: [ app_end ] --START--
INFO: Run Behavior\ShowPageTraceBehavior [ RunTime:0.001000s ]
INFO: [ app_end ] --END-- [ RunTime:0.003000s ]

[ 2015-08-31T09:21:02+08:00 ] 127.0.0.1 /hmall/index.php/Admin/goods/index.html?_=1440984062734
INFO: [ app_init ] --START--
INFO: Run Behavior\BuildLiteBehavior [ RunTime:0.000000s ]
INFO: [ app_init ] --END-- [ RunTime:0.001000s ]
INFO: [ app_begin ] --START--
INFO: Run Behavior\ReadHtmlCacheBehavior [ RunTime:0.001000s ]
INFO: [ app_begin ] --END-- [ RunTime:0.001000s ]
SQL: SHOW COLUMNS FROM `hm_goods` [ RunTime:0.1440s ]
SQL: SELECT COUNT(*) AS tp_count FROM `hm_goods` LIMIT 1   [ RunTime:0.0000s ]
SQL: SELECT * FROM `hm_goods` ORDER BY goods_id ASC LIMIT 0,5   [ RunTime:0.0010s ]
INFO: [ view_parse ] --START--
INFO: [ template_filter ] --START--
INFO: Run Behavior\ContentReplaceBehavior [ RunTime:0.000000s ]
INFO: [ template_filter ] --END-- [ RunTime:0.001000s ]
NOTIC: [8] Undefined index: gc_name F:\wamp\www\hmall\Application\Runtime\Cache\Admin\be76b01b172771da708e23523e315e7c.php 第 70 行.
NOTIC: [8] Undefined index: gc_name F:\wamp\www\hmall\Application\Runtime\Cache\Admin\be76b01b172771da708e23523e315e7c.php 第 70 行.
NOTIC: [8] Undefined index: gc_name F:\wamp\www\hmall\Application\Runtime\Cache\Admin\be76b01b172771da708e23523e315e7c.php 第 70 行.
NOTIC: [8] Undefined index: gc_name F:\wamp\www\hmall\Application\Runtime\Cache\Admin\be76b01b172771da708e23523e315e7c.php 第 70 行.
INFO: Run Behavior\ParseTemplateBehavior [ RunTime:0.026000s ]
INFO: [ view_parse ] --END-- [ RunTime:0.026000s ]
INFO: [ view_filter ] --START--
INFO: Run Behavior\WriteHtmlCacheBehavior [ RunTime:0.001000s ]
INFO: [ view_filter ] --END-- [ RunTime:0.001000s ]
INFO: [ app_end ] --START--
INFO: Run Behavior\ShowPageTraceBehavior [ RunTime:0.001000s ]
INFO: [ app_end ] --END-- [ RunTime:0.001000s ]

[ 2015-08-31T09:21:06+08:00 ] 127.0.0.1 /hmall/index.php/Admin/goods/edit/uid/20.html?_=1440984066588
INFO: [ app_init ] --START--
INFO: Run Behavior\BuildLiteBehavior [ RunTime:0.000000s ]
INFO: [ app_init ] --END-- [ RunTime:0.001000s ]
INFO: [ app_begin ] --START--
INFO: Run Behavior\ReadHtmlCacheBehavior [ RunTime:0.001000s ]
INFO: [ app_begin ] --END-- [ RunTime:0.002000s ]
SQL: SHOW COLUMNS FROM `hm_goods` [ RunTime:0.0030s ]
SQL: SELECT * FROM `hm_goods` WHERE `goods_id` = 20 LIMIT 1   [ RunTime:0.0000s ]
SQL: SHOW COLUMNS FROM `hm_attachment` [ RunTime:0.1000s ]
SQL: SELECT * FROM `hm_attachment` WHERE `related_id` = 20  [ RunTime:0.0010s ]
SQL: SHOW COLUMNS FROM `hm_goods_attr_value` [ RunTime:0.0130s ]
SQL: SELECT * FROM `hm_goods_attr_value` WHERE `goods_id` = 20  [ RunTime:0.0000s ]
SQL: SHOW COLUMNS FROM `hm_goods_spec_value` [ RunTime:0.0170s ]
SQL: SELECT * FROM `hm_goods_spec_value` WHERE `goods_id` = 20  [ RunTime:0.0010s ]
SQL: SHOW COLUMNS FROM `hm_goods_class` [ RunTime:0.0060s ]
SQL: SELECT `type_id` FROM `hm_goods_class` WHERE `gc_id` = 3 LIMIT 1   [ RunTime:0.0000s ]
SQL: SHOW COLUMNS FROM `hm_goods_type` [ RunTime:0.0230s ]
SQL: SELECT * FROM `hm_goods_type` WHERE `type_id` = 1 LIMIT 1   [ RunTime:0.0010s ]
SQL: SHOW COLUMNS FROM `hm_goods_attr` [ RunTime:0.0300s ]
SQL: SELECT * FROM `hm_goods_attr` WHERE `attr_id` IN ('2','5')  [ RunTime:0.0010s ]
SQL: SHOW COLUMNS FROM `hm_goods_spec` [ RunTime:0.0050s ]
SQL: SELECT * FROM `hm_goods_spec` WHERE `spec_id` IN ('1','6','7')  [ RunTime:0.0000s ]
SQL: SHOW COLUMNS FROM `hm_goods_brand` [ RunTime:0.0040s ]
SQL: SELECT * FROM `hm_goods_brand` WHERE `brand_id` IN ('4','5','6')  [ RunTime:0.0010s ]
INFO: [ view_parse ] --START--
INFO: [ template_filter ] --START--
INFO: Run Behavior\ContentReplaceBehavior [ RunTime:0.000000s ]
INFO: [ template_filter ] --END-- [ RunTime:0.000000s ]
NOTIC: [8] Undefined variable: svalue F:\wamp\www\hmall\Application\Runtime\Cache\Admin\4c9ab59bdfc18f8358137dd4c4ca6530.php 第 48 行.
NOTIC: [8] Undefined variable: svalue F:\wamp\www\hmall\Application\Runtime\Cache\Admin\4c9ab59bdfc18f8358137dd4c4ca6530.php 第 48 行.
NOTIC: [8] Undefined variable: svalue F:\wamp\www\hmall\Application\Runtime\Cache\Admin\4c9ab59bdfc18f8358137dd4c4ca6530.php 第 48 行.
NOTIC: [8] Undefined variable: svalue F:\wamp\www\hmall\Application\Runtime\Cache\Admin\4c9ab59bdfc18f8358137dd4c4ca6530.php 第 48 行.
NOTIC: [8] Undefined variable: svalue F:\wamp\www\hmall\Application\Runtime\Cache\Admin\4c9ab59bdfc18f8358137dd4c4ca6530.php 第 48 行.
NOTIC: [8] Undefined variable: svalue F:\wamp\www\hmall\Application\Runtime\Cache\Admin\4c9ab59bdfc18f8358137dd4c4ca6530.php 第 48 行.
NOTIC: [8] Undefined variable: svalue F:\wamp\www\hmall\Application\Runtime\Cache\Admin\4c9ab59bdfc18f8358137dd4c4ca6530.php 第 48 行.
NOTIC: [8] Undefined variable: svalue F:\wamp\www\hmall\Application\Runtime\Cache\Admin\4c9ab59bdfc18f8358137dd4c4ca6530.php 第 48 行.
NOTIC: [8] Undefined variable: svalue F:\wamp\www\hmall\Application\Runtime\Cache\Admin\4c9ab59bdfc18f8358137dd4c4ca6530.php 第 48 行.
NOTIC: [8] Undefined variable: svalue F:\wamp\www\hmall\Application\Runtime\Cache\Admin\4c9ab59bdfc18f8358137dd4c4ca6530.php 第 48 行.
NOTIC: [8] Undefined variable: svalue F:\wamp\www\hmall\Application\Runtime\Cache\Admin\4c9ab59bdfc18f8358137dd4c4ca6530.php 第 48 行.
NOTIC: [8] Undefined variable: svalue F:\wamp\www\hmall\Application\Runtime\Cache\Admin\4c9ab59bdfc18f8358137dd4c4ca6530.php 第 48 行.
NOTIC: [8] Undefined variable: svalue F:\wamp\www\hmall\Application\Runtime\Cache\Admin\4c9ab59bdfc18f8358137dd4c4ca6530.php 第 48 行.
NOTIC: [8] Undefined variable: svalue F:\wamp\www\hmall\Application\Runtime\Cache\Admin\4c9ab59bdfc18f8358137dd4c4ca6530.php 第 48 行.
NOTIC: [8] Undefined variable: svalue F:\wamp\www\hmall\Application\Runtime\Cache\Admin\4c9ab59bdfc18f8358137dd4c4ca6530.php 第 48 行.
NOTIC: [8] Undefined variable: svalue F:\wamp\www\hmall\Application\Runtime\Cache\Admin\4c9ab59bdfc18f8358137dd4c4ca6530.php 第 48 行.
NOTIC: [8] Undefined variable: svalue F:\wamp\www\hmall\Application\Runtime\Cache\Admin\4c9ab59bdfc18f8358137dd4c4ca6530.php 第 48 行.
NOTIC: [8] Undefined variable: svalue F:\wamp\www\hmall\Application\Runtime\Cache\Admin\4c9ab59bdfc18f8358137dd4c4ca6530.php 第 48 行.
NOTIC: [8] Undefined variable: svalue F:\wamp\www\hmall\Application\Runtime\Cache\Admin\4c9ab59bdfc18f8358137dd4c4ca6530.php 第 48 行.
NOTIC: [8] Undefined variable: svalue F:\wamp\www\hmall\Application\Runtime\Cache\Admin\4c9ab59bdfc18f8358137dd4c4ca6530.php 第 48 行.
NOTIC: [8] Undefined variable: svalue F:\wamp\www\hmall\Application\Runtime\Cache\Admin\4c9ab59bdfc18f8358137dd4c4ca6530.php 第 48 行.
NOTIC: [8] Undefined variable: svalue F:\wamp\www\hmall\Application\Runtime\Cache\Admin\4c9ab59bdfc18f8358137dd4c4ca6530.php 第 48 行.
NOTIC: [8] Undefined variable: svalue F:\wamp\www\hmall\Application\Runtime\Cache\Admin\4c9ab59bdfc18f8358137dd4c4ca6530.php 第 48 行.
NOTIC: [8] Undefined variable: svalue F:\wamp\www\hmall\Application\Runtime\Cache\Admin\4c9ab59bdfc18f8358137dd4c4ca6530.php 第 48 行.
NOTIC: [8] Undefined variable: svalue F:\wamp\www\hmall\Application\Runtime\Cache\Admin\4c9ab59bdfc18f8358137dd4c4ca6530.php 第 48 行.
NOTIC: [8] Undefined variable: svalue F:\wamp\www\hmall\Application\Runtime\Cache\Admin\4c9ab59bdfc18f8358137dd4c4ca6530.php 第 48 行.
NOTIC: [8] Undefined variable: svalue F:\wamp\www\hmall\Application\Runtime\Cache\Admin\4c9ab59bdfc18f8358137dd4c4ca6530.php 第 48 行.
NOTIC: [8] Undefined variable: svalue F:\wamp\www\hmall\Application\Runtime\Cache\Admin\4c9ab59bdfc18f8358137dd4c4ca6530.php 第 48 行.
NOTIC: [8] Undefined variable: svalue F:\wamp\www\hmall\Application\Runtime\Cache\Admin\4c9ab59bdfc18f8358137dd4c4ca6530.php 第 48 行.
NOTIC: [8] Undefined variable: svalue F:\wamp\www\hmall\Application\Runtime\Cache\Admin\4c9ab59bdfc18f8358137dd4c4ca6530.php 第 48 行.
NOTIC: [8] Undefined variable: svalue F:\wamp\www\hmall\Application\Runtime\Cache\Admin\4c9ab59bdfc18f8358137dd4c4ca6530.php 第 48 行.
NOTIC: [8] Undefined variable: svalue F:\wamp\www\hmall\Application\Runtime\Cache\Admin\4c9ab59bdfc18f8358137dd4c4ca6530.php 第 48 行.
NOTIC: [8] Undefined variable: svalue F:\wamp\www\hmall\Application\Runtime\Cache\Admin\4c9ab59bdfc18f8358137dd4c4ca6530.php 第 48 行.
NOTIC: [8] Undefined variable: svalue F:\wamp\www\hmall\Application\Runtime\Cache\Admin\4c9ab59bdfc18f8358137dd4c4ca6530.php 第 48 行.
NOTIC: [8] Undefined variable: svalue F:\wamp\www\hmall\Application\Runtime\Cache\Admin\4c9ab59bdfc18f8358137dd4c4ca6530.php 第 48 行.
NOTIC: [8] Undefined variable: svalue F:\wamp\www\hmall\Application\Runtime\Cache\Admin\4c9ab59bdfc18f8358137dd4c4ca6530.php 第 48 行.
NOTIC: [8] Undefined variable: svalue F:\wamp\www\hmall\Application\Runtime\Cache\Admin\4c9ab59bdfc18f8358137dd4c4ca6530.php 第 48 行.
NOTIC: [8] Undefined variable: svalue F:\wamp\www\hmall\Application\Runtime\Cache\Admin\4c9ab59bdfc18f8358137dd4c4ca6530.php 第 48 行.
NOTIC: [8] Undefined variable: svalue F:\wamp\www\hmall\Application\Runtime\Cache\Admin\4c9ab59bdfc18f8358137dd4c4ca6530.php 第 48 行.
NOTIC: [8] Undefined variable: svalue F:\wamp\www\hmall\Application\Runtime\Cache\Admin\4c9ab59bdfc18f8358137dd4c4ca6530.php 第 48 行.
NOTIC: [8] Undefined variable: svalue F:\wamp\www\hmall\Application\Runtime\Cache\Admin\4c9ab59bdfc18f8358137dd4c4ca6530.php 第 48 行.
NOTIC: [8] Undefined variable: svalue F:\wamp\www\hmall\Application\Runtime\Cache\Admin\4c9ab59bdfc18f8358137dd4c4ca6530.php 第 48 行.
NOTIC: [8] Undefined variable: svalue F:\wamp\www\hmall\Application\Runtime\Cache\Admin\4c9ab59bdfc18f8358137dd4c4ca6530.php 第 48 行.
NOTIC: [8] Undefined variable: svalue F:\wamp\www\hmall\Application\Runtime\Cache\Admin\4c9ab59bdfc18f8358137dd4c4ca6530.php 第 48 行.
NOTIC: [8] Undefined variable: svalue F:\wamp\www\hmall\Application\Runtime\Cache\Admin\4c9ab59bdfc18f8358137dd4c4ca6530.php 第 48 行.
NOTIC: [8] Undefined variable: svalue F:\wamp\www\hmall\Application\Runtime\Cache\Admin\4c9ab59bdfc18f8358137dd4c4ca6530.php 第 48 行.
NOTIC: [8] Undefined variable: svalue F:\wamp\www\hmall\Application\Runtime\Cache\Admin\4c9ab59bdfc18f8358137dd4c4ca6530.php 第 48 行.
NOTIC: [8] Undefined variable: svalue F:\wamp\www\hmall\Application\Runtime\Cache\Admin\4c9ab59bdfc18f8358137dd4c4ca6530.php 第 48 行.
NOTIC: [8] Undefined variable: svalue F:\wamp\www\hmall\Application\Runtime\Cache\Admin\4c9ab59bdfc18f8358137dd4c4ca6530.php 第 48 行.
NOTIC: [8] Undefined variable: svalue F:\wamp\www\hmall\Application\Runtime\Cache\Admin\4c9ab59bdfc18f8358137dd4c4ca6530.php 第 48 行.
NOTIC: [8] Undefined variable: svalue F:\wamp\www\hmall\Application\Runtime\Cache\Admin\4c9ab59bdfc18f8358137dd4c4ca6530.php 第 48 行.
NOTIC: [8] Undefined variable: svalue F:\wamp\www\hmall\Application\Runtime\Cache\Admin\4c9ab59bdfc18f8358137dd4c4ca6530.php 第 48 行.
NOTIC: [8] Undefined variable: svalue F:\wamp\www\hmall\Application\Runtime\Cache\Admin\4c9ab59bdfc18f8358137dd4c4ca6530.php 第 48 行.
NOTIC: [8] Undefined variable: svalue F:\wamp\www\hmall\Application\Runtime\Cache\Admin\4c9ab59bdfc18f8358137dd4c4ca6530.php 第 48 行.
NOTIC: [8] Undefined variable: svalue F:\wamp\www\hmall\Application\Runtime\Cache\Admin\4c9ab59bdfc18f8358137dd4c4ca6530.php 第 48 行.
NOTIC: [8] Undefined variable: svalue F:\wamp\www\hmall\Application\Runtime\Cache\Admin\4c9ab59bdfc18f8358137dd4c4ca6530.php 第 48 行.
NOTIC: [8] Undefined variable: svalue F:\wamp\www\hmall\Application\Runtime\Cache\Admin\4c9ab59bdfc18f8358137dd4c4ca6530.php 第 48 行.
NOTIC: [8] Undefined variable: svalue F:\wamp\www\hmall\Application\Runtime\Cache\Admin\4c9ab59bdfc18f8358137dd4c4ca6530.php 第 48 行.
NOTIC: [8] Undefined variable: svalue F:\wamp\www\hmall\Application\Runtime\Cache\Admin\4c9ab59bdfc18f8358137dd4c4ca6530.php 第 48 行.
NOTIC: [8] Undefined variable: svalue F:\wamp\www\hmall\Application\Runtime\Cache\Admin\4c9ab59bdfc18f8358137dd4c4ca6530.php 第 48 行.
NOTIC: [8] Undefined variable: svalue F:\wamp\www\hmall\Application\Runtime\Cache\Admin\4c9ab59bdfc18f8358137dd4c4ca6530.php 第 48 行.
NOTIC: [8] Undefined variable: svalue F:\wamp\www\hmall\Application\Runtime\Cache\Admin\4c9ab59bdfc18f8358137dd4c4ca6530.php 第 48 行.
NOTIC: [8] Undefined variable: svalue F:\wamp\www\hmall\Application\Runtime\Cache\Admin\4c9ab59bdfc18f8358137dd4c4ca6530.php 第 48 行.
NOTIC: [8] Undefined variable: svalue F:\wamp\www\hmall\Application\Runtime\Cache\Admin\4c9ab59bdfc18f8358137dd4c4ca6530.php 第 48 行.
NOTIC: [8] Undefined variable: svalue F:\wamp\www\hmall\Application\Runtime\Cache\Admin\4c9ab59bdfc18f8358137dd4c4ca6530.php 第 48 行.
NOTIC: [8] Undefined variable: svalue F:\wamp\www\hmall\Application\Runtime\Cache\Admin\4c9ab59bdfc18f8358137dd4c4ca6530.php 第 48 行.
NOTIC: [8] Undefined variable: svalue F:\wamp\www\hmall\Application\Runtime\Cache\Admin\4c9ab59bdfc18f8358137dd4c4ca6530.php 第 48 行.
NOTIC: [8] Undefined variable: svalue F:\wamp\www\hmall\Application\Runtime\Cache\Admin\4c9ab59bdfc18f8358137dd4c4ca6530.php 第 48 行.
NOTIC: [8] Undefined variable: svalue F:\wamp\www\hmall\Application\Runtime\Cache\Admin\4c9ab59bdfc18f8358137dd4c4ca6530.php 第 48 行.
NOTIC: [8] Undefined variable: svalue F:\wamp\www\hmall\Application\Runtime\Cache\Admin\4c9ab59bdfc18f8358137dd4c4ca6530.php 第 48 行.
NOTIC: [8] Undefined variable: svalue F:\wamp\www\hmall\Application\Runtime\Cache\Admin\4c9ab59bdfc18f8358137dd4c4ca6530.php 第 48 行.
NOTIC: [8] Undefined variable: svalue F:\wamp\www\hmall\Application\Runtime\Cache\Admin\4c9ab59bdfc18f8358137dd4c4ca6530.php 第 48 行.
NOTIC: [8] Undefined variable: svalue F:\wamp\www\hmall\Application\Runtime\Cache\Admin\4c9ab59bdfc18f8358137dd4c4ca6530.php 第 48 行.
NOTIC: [8] Undefined variable: svalue F:\wamp\www\hmall\Application\Runtime\Cache\Admin\4c9ab59bdfc18f8358137dd4c4ca6530.php 第 48 行.
NOTIC: [8] Undefined variable: svalue F:\wamp\www\hmall\Application\Runtime\Cache\Admin\4c9ab59bdfc18f8358137dd4c4ca6530.php 第 48 行.
NOTIC: [8] Undefined variable: svalue F:\wamp\www\hmall\Application\Runtime\Cache\Admin\4c9ab59bdfc18f8358137dd4c4ca6530.php 第 48 行.
NOTIC: [8] Undefined variable: svalue F:\wamp\www\hmall\Application\Runtime\Cache\Admin\4c9ab59bdfc18f8358137dd4c4ca6530.php 第 48 行.
NOTIC: [8] Undefined variable: svalue F:\wamp\www\hmall\Application\Runtime\Cache\Admin\4c9ab59bdfc18f8358137dd4c4ca6530.php 第 48 行.
NOTIC: [8] Undefined variable: svalue F:\wamp\www\hmall\Application\Runtime\Cache\Admin\4c9ab59bdfc18f8358137dd4c4ca6530.php 第 48 行.
NOTIC: [8] Undefined variable: svalue F:\wamp\www\hmall\Application\Runtime\Cache\Admin\4c9ab59bdfc18f8358137dd4c4ca6530.php 第 48 行.
NOTIC: [8] Undefined variable: svalue F:\wamp\www\hmall\Application\Runtime\Cache\Admin\4c9ab59bdfc18f8358137dd4c4ca6530.php 第 48 行.
NOTIC: [8] Undefined variable: svalue F:\wamp\www\hmall\Application\Runtime\Cache\Admin\4c9ab59bdfc18f8358137dd4c4ca6530.php 第 48 行.
NOTIC: [8] Undefined variable: svalue F:\wamp\www\hmall\Application\Runtime\Cache\Admin\4c9ab59bdfc18f8358137dd4c4ca6530.php 第 48 行.
NOTIC: [8] Undefined variable: svalue F:\wamp\www\hmall\Application\Runtime\Cache\Admin\4c9ab59bdfc18f8358137dd4c4ca6530.php 第 48 行.
NOTIC: [8] Undefined variable: svalue F:\wamp\www\hmall\Application\Runtime\Cache\Admin\4c9ab59bdfc18f8358137dd4c4ca6530.php 第 48 行.
NOTIC: [8] Undefined variable: svalue F:\wamp\www\hmall\Application\Runtime\Cache\Admin\4c9ab59bdfc18f8358137dd4c4ca6530.php 第 48 行.
NOTIC: [8] Undefined variable: svalue F:\wamp\www\hmall\Application\Runtime\Cache\Admin\4c9ab59bdfc18f8358137dd4c4ca6530.php 第 48 行.
NOTIC: [8] Undefined variable: svalue F:\wamp\www\hmall\Application\Runtime\Cache\Admin\4c9ab59bdfc18f8358137dd4c4ca6530.php 第 48 行.
NOTIC: [8] Undefined variable: svalue F:\wamp\www\hmall\Application\Runtime\Cache\Admin\4c9ab59bdfc18f8358137dd4c4ca6530.php 第 48 行.
NOTIC: [8] Undefined variable: svalue F:\wamp\www\hmall\Application\Runtime\Cache\Admin\4c9ab59bdfc18f8358137dd4c4ca6530.php 第 48 行.
NOTIC: [8] Undefined variable: svalue F:\wamp\www\hmall\Application\Runtime\Cache\Admin\4c9ab59bdfc18f8358137dd4c4ca6530.php 第 48 行.
NOTIC: [8] Undefined variable: svalue F:\wamp\www\hmall\Application\Runtime\Cache\Admin\4c9ab59bdfc18f8358137dd4c4ca6530.php 第 48 行.
NOTIC: [8] Undefined variable: svalue F:\wamp\www\hmall\Application\Runtime\Cache\Admin\4c9ab59bdfc18f8358137dd4c4ca6530.php 第 48 行.
NOTIC: [8] Undefined variable: svalue F:\wamp\www\hmall\Application\Runtime\Cache\Admin\4c9ab59bdfc18f8358137dd4c4ca6530.php 第 48 行.
NOTIC: [8] Undefined variable: svalue F:\wamp\www\hmall\Application\Runtime\Cache\Admin\4c9ab59bdfc18f8358137dd4c4ca6530.php 第 48 行.
NOTIC: [8] Undefined variable: svalue F:\wamp\www\hmall\Application\Runtime\Cache\Admin\4c9ab59bdfc18f8358137dd4c4ca6530.php 第 48 行.
NOTIC: [8] Undefined variable: svalue F:\wamp\www\hmall\Application\Runtime\Cache\Admin\4c9ab59bdfc18f8358137dd4c4ca6530.php 第 48 行.
NOTIC: [8] Undefined variable: svalue F:\wamp\www\hmall\Application\Runtime\Cache\Admin\4c9ab59bdfc18f8358137dd4c4ca6530.php 第 48 行.
NOTIC: [8] Undefined variable: svalue F:\wamp\www\hmall\Application\Runtime\Cache\Admin\4c9ab59bdfc18f8358137dd4c4ca6530.php 第 48 行.
NOTIC: [8] Undefined variable: svalue F:\wamp\www\hmall\Application\Runtime\Cache\Admin\4c9ab59bdfc18f8358137dd4c4ca6530.php 第 48 行.
NOTIC: [8] Undefined variable: svalue F:\wamp\www\hmall\Application\Runtime\Cache\Admin\4c9ab59bdfc18f8358137dd4c4ca6530.php 第 48 行.
NOTIC: [8] Undefined variable: svalue F:\wamp\www\hmall\Application\Runtime\Cache\Admin\4c9ab59bdfc18f8358137dd4c4ca6530.php 第 48 行.
NOTIC: [8] Undefined variable: svalue F:\wamp\www\hmall\Application\Runtime\Cache\Admin\4c9ab59bdfc18f8358137dd4c4ca6530.php 第 48 行.
NOTIC: [8] Undefined variable: svalue F:\wamp\www\hmall\Application\Runtime\Cache\Admin\4c9ab59bdfc18f8358137dd4c4ca6530.php 第 48 行.
NOTIC: [8] Undefined variable: svalue F:\wamp\www\hmall\Application\Runtime\Cache\Admin\4c9ab59bdfc18f8358137dd4c4ca6530.php 第 48 行.
NOTIC: [8] Undefined variable: svalue F:\wamp\www\hmall\Application\Runtime\Cache\Admin\4c9ab59bdfc18f8358137dd4c4ca6530.php 第 48 行.
NOTIC: [8] Undefined variable: svalue F:\wamp\www\hmall\Application\Runtime\Cache\Admin\4c9ab59bdfc18f8358137dd4c4ca6530.php 第 48 行.
NOTIC: [8] Undefined variable: svalue F:\wamp\www\hmall\Application\Runtime\Cache\Admin\4c9ab59bdfc18f8358137dd4c4ca6530.php 第 48 行.
INFO: Run Behavior\ParseTemplateBehavior [ RunTime:0.061000s ]
INFO: [ view_parse ] --END-- [ RunTime:0.062000s ]
INFO: [ view_filter ] --START--
INFO: Run Behavior\WriteHtmlCacheBehavior [ RunTime:0.000000s ]
INFO: [ view_filter ] --END-- [ RunTime:0.000000s ]
INFO: [ app_end ] --START--
INFO: Run Behavior\ShowPageTraceBehavior [ RunTime:0.001000s ]
INFO: [ app_end ] --END-- [ RunTime:0.001000s ]

[ 2015-08-31T09:21:07+08:00 ] 127.0.0.1 /hmall/index.php/Admin/admin/
INFO: [ app_init ] --START--
INFO: Run Behavior\BuildLiteBehavior [ RunTime:0.000000s ]
INFO: [ app_init ] --END-- [ RunTime:0.001000s ]
INFO: [ app_begin ] --START--
INFO: Run Behavior\ReadHtmlCacheBehavior [ RunTime:0.001000s ]
INFO: [ app_begin ] --END-- [ RunTime:0.001000s ]
INFO: [ view_parse ] --START--
INFO: [ template_filter ] --START--
INFO: Run Behavior\ContentReplaceBehavior [ RunTime:0.001000s ]
INFO: [ template_filter ] --END-- [ RunTime:0.001000s ]
INFO: Run Behavior\ParseTemplateBehavior [ RunTime:0.030000s ]
INFO: [ view_parse ] --END-- [ RunTime:0.030000s ]
INFO: [ view_filter ] --START--
INFO: Run Behavior\WriteHtmlCacheBehavior [ RunTime:0.001000s ]
INFO: [ view_filter ] --END-- [ RunTime:0.001000s ]
INFO: [ app_end ] --START--
INFO: Run Behavior\ShowPageTraceBehavior [ RunTime:0.001000s ]
INFO: [ app_end ] --END-- [ RunTime:0.001000s ]

[ 2015-08-31T09:23:15+08:00 ] 127.0.0.1 /hmall/index.php/Admin/goods/index.html?_=1440984195641
INFO: [ app_init ] --START--
INFO: Run Behavior\BuildLiteBehavior [ RunTime:0.000000s ]
INFO: [ app_init ] --END-- [ RunTime:0.001000s ]
INFO: [ app_begin ] --START--
INFO: Run Behavior\ReadHtmlCacheBehavior [ RunTime:0.000000s ]
INFO: [ app_begin ] --END-- [ RunTime:0.001000s ]
SQL: SHOW COLUMNS FROM `hm_goods` [ RunTime:0.0040s ]
SQL: SELECT COUNT(*) AS tp_count FROM `hm_goods` LIMIT 1   [ RunTime:0.0020s ]
SQL: SELECT * FROM `hm_goods` ORDER BY goods_id ASC LIMIT 0,5   [ RunTime:0.0020s ]
INFO: [ view_parse ] --START--
INFO: [ template_filter ] --START--
INFO: Run Behavior\ContentReplaceBehavior [ RunTime:0.000000s ]
INFO: [ template_filter ] --END-- [ RunTime:0.000000s ]
NOTIC: [8] Undefined index: gc_name F:\wamp\www\hmall\Application\Runtime\Cache\Admin\be76b01b172771da708e23523e315e7c.php 第 70 行.
NOTIC: [8] Undefined index: gc_name F:\wamp\www\hmall\Application\Runtime\Cache\Admin\be76b01b172771da708e23523e315e7c.php 第 70 行.
NOTIC: [8] Undefined index: gc_name F:\wamp\www\hmall\Application\Runtime\Cache\Admin\be76b01b172771da708e23523e315e7c.php 第 70 行.
NOTIC: [8] Undefined index: gc_name F:\wamp\www\hmall\Application\Runtime\Cache\Admin\be76b01b172771da708e23523e315e7c.php 第 70 行.
INFO: Run Behavior\ParseTemplateBehavior [ RunTime:0.028000s ]
INFO: [ view_parse ] --END-- [ RunTime:0.028000s ]
INFO: [ view_filter ] --START--
INFO: Run Behavior\WriteHtmlCacheBehavior [ RunTime:0.001000s ]
INFO: [ view_filter ] --END-- [ RunTime:0.001000s ]
INFO: [ app_end ] --START--
INFO: Run Behavior\ShowPageTraceBehavior [ RunTime:0.001000s ]
INFO: [ app_end ] --END-- [ RunTime:0.001000s ]

[ 2015-08-31T09:23:17+08:00 ] 127.0.0.1 /hmall/index.php/Admin/goods/edit/uid/20.html?_=1440984197621
INFO: [ app_init ] --START--
INFO: Run Behavior\BuildLiteBehavior [ RunTime:0.000000s ]
INFO: [ app_init ] --END-- [ RunTime:0.001000s ]
INFO: [ app_begin ] --START--
INFO: Run Behavior\ReadHtmlCacheBehavior [ RunTime:0.000000s ]
INFO: [ app_begin ] --END-- [ RunTime:0.001000s ]
SQL: SHOW COLUMNS FROM `hm_goods` [ RunTime:0.0030s ]
SQL: SELECT * FROM `hm_goods` WHERE `goods_id` = 20 LIMIT 1   [ RunTime:0.0010s ]
SQL: SHOW COLUMNS FROM `hm_attachment` [ RunTime:0.0030s ]
SQL: SELECT * FROM `hm_attachment` WHERE `related_id` = 20  [ RunTime:0.0010s ]
SQL: SHOW COLUMNS FROM `hm_goods_attr_value` [ RunTime:0.0030s ]
SQL: SELECT * FROM `hm_goods_attr_value` WHERE `goods_id` = 20  [ RunTime:0.0000s ]
SQL: SHOW COLUMNS FROM `hm_goods_spec_value` [ RunTime:0.0030s ]
SQL: SELECT * FROM `hm_goods_spec_value` WHERE `goods_id` = 20  [ RunTime:0.0000s ]
SQL: SHOW COLUMNS FROM `hm_goods_class` [ RunTime:0.0030s ]
SQL: SELECT `type_id` FROM `hm_goods_class` WHERE `gc_id` = 3 LIMIT 1   [ RunTime:0.0000s ]
SQL: SHOW COLUMNS FROM `hm_goods_type` [ RunTime:0.0040s ]
SQL: SELECT * FROM `hm_goods_type` WHERE `type_id` = 1 LIMIT 1   [ RunTime:0.0000s ]
SQL: SHOW COLUMNS FROM `hm_goods_attr` [ RunTime:0.0040s ]
SQL: SELECT * FROM `hm_goods_attr` WHERE `attr_id` IN ('2','5')  [ RunTime:0.0000s ]
SQL: SHOW COLUMNS FROM `hm_goods_spec` [ RunTime:0.0040s ]
SQL: SELECT * FROM `hm_goods_spec` WHERE `spec_id` IN ('1','6','7')  [ RunTime:0.0000s ]
SQL: SHOW COLUMNS FROM `hm_goods_brand` [ RunTime:0.0030s ]
SQL: SELECT * FROM `hm_goods_brand` WHERE `brand_id` IN ('4','5','6')  [ RunTime:0.0010s ]
INFO: [ view_parse ] --START--
INFO: [ template_filter ] --START--
INFO: Run Behavior\ContentReplaceBehavior [ RunTime:0.002000s ]
INFO: [ template_filter ] --END-- [ RunTime:0.002000s ]
INFO: Run Behavior\ParseTemplateBehavior [ RunTime:0.076000s ]
INFO: [ view_parse ] --END-- [ RunTime:0.077000s ]
INFO: [ view_filter ] --START--
INFO: Run Behavior\WriteHtmlCacheBehavior [ RunTime:0.002000s ]
INFO: [ view_filter ] --END-- [ RunTime:0.002000s ]
INFO: [ app_end ] --START--
INFO: Run Behavior\ShowPageTraceBehavior [ RunTime:0.001000s ]
INFO: [ app_end ] --END-- [ RunTime:0.001000s ]

[ 2015-08-31T09:23:18+08:00 ] 127.0.0.1 /hmall/index.php/Admin/admin/
INFO: [ app_init ] --START--
INFO: Run Behavior\BuildLiteBehavior [ RunTime:0.000000s ]
INFO: [ app_init ] --END-- [ RunTime:0.001000s ]
INFO: [ app_begin ] --START--
INFO: Run Behavior\ReadHtmlCacheBehavior [ RunTime:0.000000s ]
INFO: [ app_begin ] --END-- [ RunTime:0.001000s ]
INFO: [ view_parse ] --START--
INFO: [ template_filter ] --START--
INFO: Run Behavior\ContentReplaceBehavior [ RunTime:0.000000s ]
INFO: [ template_filter ] --END-- [ RunTime:0.000000s ]
INFO: Run Behavior\ParseTemplateBehavior [ RunTime:0.033000s ]
INFO: [ view_parse ] --END-- [ RunTime:0.034000s ]
INFO: [ view_filter ] --START--
INFO: Run Behavior\WriteHtmlCacheBehavior [ RunTime:0.000000s ]
INFO: [ view_filter ] --END-- [ RunTime:0.000000s ]
INFO: [ app_end ] --START--
INFO: Run Behavior\ShowPageTraceBehavior [ RunTime:0.001000s ]
INFO: [ app_end ] --END-- [ RunTime:0.001000s ]

[ 2015-08-31T09:23:38+08:00 ] 127.0.0.1 /hmall/index.php/Admin/goods/index.html?_=1440984218925
INFO: [ app_init ] --START--
INFO: Run Behavior\BuildLiteBehavior [ RunTime:0.000000s ]
INFO: [ app_init ] --END-- [ RunTime:0.001000s ]
INFO: [ app_begin ] --START--
INFO: Run Behavior\ReadHtmlCacheBehavior [ RunTime:0.000000s ]
INFO: [ app_begin ] --END-- [ RunTime:0.000000s ]
SQL: SHOW COLUMNS FROM `hm_goods` [ RunTime:0.0030s ]
SQL: SELECT COUNT(*) AS tp_count FROM `hm_goods` LIMIT 1   [ RunTime:0.0000s ]
SQL: SELECT * FROM `hm_goods` ORDER BY goods_id ASC LIMIT 0,5   [ RunTime:0.0000s ]
INFO: [ view_parse ] --START--
INFO: [ template_filter ] --START--
INFO: Run Behavior\ContentReplaceBehavior [ RunTime:0.000000s ]
INFO: [ template_filter ] --END-- [ RunTime:0.000000s ]
NOTIC: [8] Undefined index: gc_name F:\wamp\www\hmall\Application\Runtime\Cache\Admin\be76b01b172771da708e23523e315e7c.php 第 70 行.
NOTIC: [8] Undefined index: gc_name F:\wamp\www\hmall\Application\Runtime\Cache\Admin\be76b01b172771da708e23523e315e7c.php 第 70 行.
NOTIC: [8] Undefined index: gc_name F:\wamp\www\hmall\Application\Runtime\Cache\Admin\be76b01b172771da708e23523e315e7c.php 第 70 行.
NOTIC: [8] Undefined index: gc_name F:\wamp\www\hmall\Application\Runtime\Cache\Admin\be76b01b172771da708e23523e315e7c.php 第 70 行.
INFO: Run Behavior\ParseTemplateBehavior [ RunTime:0.024000s ]
INFO: [ view_parse ] --END-- [ RunTime:0.024000s ]
INFO: [ view_filter ] --START--
INFO: Run Behavior\WriteHtmlCacheBehavior [ RunTime:0.000000s ]
INFO: [ view_filter ] --END-- [ RunTime:0.000000s ]
INFO: [ app_end ] --START--
INFO: Run Behavior\ShowPageTraceBehavior [ RunTime:0.000000s ]
INFO: [ app_end ] --END-- [ RunTime:0.000000s ]

[ 2015-08-31T09:23:40+08:00 ] 127.0.0.1 /hmall/index.php/Admin/goods/edit/uid/20.html?_=1440984220581
INFO: [ app_init ] --START--
INFO: Run Behavior\BuildLiteBehavior [ RunTime:0.001000s ]
INFO: [ app_init ] --END-- [ RunTime:0.001000s ]
INFO: [ app_begin ] --START--
INFO: Run Behavior\ReadHtmlCacheBehavior [ RunTime:0.001000s ]
INFO: [ app_begin ] --END-- [ RunTime:0.001000s ]
SQL: SHOW COLUMNS FROM `hm_goods` [ RunTime:0.0030s ]
SQL: SELECT * FROM `hm_goods` WHERE `goods_id` = 20 LIMIT 1   [ RunTime:0.0000s ]
SQL: SHOW COLUMNS FROM `hm_attachment` [ RunTime:0.0030s ]
SQL: SELECT * FROM `hm_attachment` WHERE `related_id` = 20  [ RunTime:0.0010s ]
SQL: SHOW COLUMNS FROM `hm_goods_attr_value` [ RunTime:0.0030s ]
SQL: SELECT * FROM `hm_goods_attr_value` WHERE `goods_id` = 20  [ RunTime:0.0030s ]
SQL: SHOW COLUMNS FROM `hm_goods_spec_value` [ RunTime:0.0040s ]
SQL: SELECT * FROM `hm_goods_spec_value` WHERE `goods_id` = 20  [ RunTime:0.0000s ]
SQL: SHOW COLUMNS FROM `hm_goods_class` [ RunTime:0.0040s ]
SQL: SELECT `type_id` FROM `hm_goods_class` WHERE `gc_id` = 3 LIMIT 1   [ RunTime:0.0000s ]
SQL: SHOW COLUMNS FROM `hm_goods_type` [ RunTime:0.0030s ]
SQL: SELECT * FROM `hm_goods_type` WHERE `type_id` = 1 LIMIT 1   [ RunTime:0.0010s ]
SQL: SHOW COLUMNS FROM `hm_goods_attr` [ RunTime:0.0030s ]
SQL: SELECT * FROM `hm_goods_attr` WHERE `attr_id` IN ('2','5')  [ RunTime:0.0010s ]
SQL: SHOW COLUMNS FROM `hm_goods_spec` [ RunTime:0.0030s ]
SQL: SELECT * FROM `hm_goods_spec` WHERE `spec_id` IN ('1','6','7')  [ RunTime:0.0010s ]
SQL: SHOW COLUMNS FROM `hm_goods_brand` [ RunTime:0.0040s ]
SQL: SELECT * FROM `hm_goods_brand` WHERE `brand_id` IN ('4','5','6')  [ RunTime:0.0000s ]
INFO: [ view_parse ] --START--
INFO: [ template_filter ] --START--
INFO: Run Behavior\ContentReplaceBehavior [ RunTime:0.001000s ]
INFO: [ template_filter ] --END-- [ RunTime:0.001000s ]
INFO: Run Behavior\ParseTemplateBehavior [ RunTime:0.060000s ]
INFO: [ view_parse ] --END-- [ RunTime:0.060000s ]
INFO: [ view_filter ] --START--
INFO: Run Behavior\WriteHtmlCacheBehavior [ RunTime:0.000000s ]
INFO: [ view_filter ] --END-- [ RunTime:0.001000s ]
INFO: [ app_end ] --START--
INFO: Run Behavior\ShowPageTraceBehavior [ RunTime:0.003000s ]
INFO: [ app_end ] --END-- [ RunTime:0.003000s ]

[ 2015-08-31T09:23:41+08:00 ] 127.0.0.1 /hmall/index.php/Admin/admin/
INFO: [ app_init ] --START--
INFO: Run Behavior\BuildLiteBehavior [ RunTime:0.000000s ]
INFO: [ app_init ] --END-- [ RunTime:0.000000s ]
INFO: [ app_begin ] --START--
INFO: Run Behavior\ReadHtmlCacheBehavior [ RunTime:0.000000s ]
INFO: [ app_begin ] --END-- [ RunTime:0.001000s ]
INFO: [ view_parse ] --START--
INFO: [ template_filter ] --START--
INFO: Run Behavior\ContentReplaceBehavior [ RunTime:0.000000s ]
INFO: [ template_filter ] --END-- [ RunTime:0.001000s ]
INFO: Run Behavior\ParseTemplateBehavior [ RunTime:0.032000s ]
INFO: [ view_parse ] --END-- [ RunTime:0.032000s ]
INFO: [ view_filter ] --START--
INFO: Run Behavior\WriteHtmlCacheBehavior [ RunTime:0.001000s ]
INFO: [ view_filter ] --END-- [ RunTime:0.001000s ]
INFO: [ app_end ] --START--
INFO: Run Behavior\ShowPageTraceBehavior [ RunTime:0.001000s ]
INFO: [ app_end ] --END-- [ RunTime:0.001000s ]

[ 2015-08-31T09:25:10+08:00 ] 127.0.0.1 /hmall/index.php/Admin/goods/index.html?_=1440984310549
INFO: [ app_init ] --START--
INFO: Run Behavior\BuildLiteBehavior [ RunTime:0.000000s ]
INFO: [ app_init ] --END-- [ RunTime:0.000000s ]
INFO: [ app_begin ] --START--
INFO: Run Behavior\ReadHtmlCacheBehavior [ RunTime:0.000000s ]
INFO: [ app_begin ] --END-- [ RunTime:0.000000s ]
SQL: SHOW COLUMNS FROM `hm_goods` [ RunTime:0.0040s ]
SQL: SELECT COUNT(*) AS tp_count FROM `hm_goods` LIMIT 1   [ RunTime:0.0000s ]
SQL: SELECT * FROM `hm_goods` ORDER BY goods_id ASC LIMIT 0,5   [ RunTime:0.0020s ]
INFO: [ view_parse ] --START--
INFO: [ template_filter ] --START--
INFO: Run Behavior\ContentReplaceBehavior [ RunTime:0.000000s ]
INFO: [ template_filter ] --END-- [ RunTime:0.000000s ]
NOTIC: [8] Undefined index: gc_name F:\wamp\www\hmall\Application\Runtime\Cache\Admin\be76b01b172771da708e23523e315e7c.php 第 70 行.
NOTIC: [8] Undefined index: gc_name F:\wamp\www\hmall\Application\Runtime\Cache\Admin\be76b01b172771da708e23523e315e7c.php 第 70 行.
NOTIC: [8] Undefined index: gc_name F:\wamp\www\hmall\Application\Runtime\Cache\Admin\be76b01b172771da708e23523e315e7c.php 第 70 行.
NOTIC: [8] Undefined index: gc_name F:\wamp\www\hmall\Application\Runtime\Cache\Admin\be76b01b172771da708e23523e315e7c.php 第 70 行.
INFO: Run Behavior\ParseTemplateBehavior [ RunTime:0.028000s ]
INFO: [ view_parse ] --END-- [ RunTime:0.029000s ]
INFO: [ view_filter ] --START--
INFO: Run Behavior\WriteHtmlCacheBehavior [ RunTime:0.005000s ]
INFO: [ view_filter ] --END-- [ RunTime:0.005000s ]
INFO: [ app_end ] --START--
INFO: Run Behavior\ShowPageTraceBehavior [ RunTime:0.001000s ]
INFO: [ app_end ] --END-- [ RunTime:0.001000s ]

[ 2015-08-31T09:25:12+08:00 ] 127.0.0.1 /hmall/index.php/Admin/goods/edit/uid/20.html?_=1440984312500
INFO: [ app_init ] --START--
INFO: Run Behavior\BuildLiteBehavior [ RunTime:0.000000s ]
INFO: [ app_init ] --END-- [ RunTime:0.000000s ]
INFO: [ app_begin ] --START--
INFO: Run Behavior\ReadHtmlCacheBehavior [ RunTime:0.001000s ]
INFO: [ app_begin ] --END-- [ RunTime:0.001000s ]
SQL: SHOW COLUMNS FROM `hm_goods` [ RunTime:0.0030s ]
SQL: SELECT * FROM `hm_goods` WHERE `goods_id` = 20 LIMIT 1   [ RunTime:0.0010s ]
SQL: SHOW COLUMNS FROM `hm_attachment` [ RunTime:0.0110s ]
SQL: SELECT * FROM `hm_attachment` WHERE `related_id` = 20  [ RunTime:0.0010s ]
SQL: SHOW COLUMNS FROM `hm_goods_attr_value` [ RunTime:0.0040s ]
SQL: SELECT * FROM `hm_goods_attr_value` WHERE `goods_id` = 20  [ RunTime:0.0010s ]
SQL: SHOW COLUMNS FROM `hm_goods_spec_value` [ RunTime:0.0030s ]
SQL: SELECT * FROM `hm_goods_spec_value` WHERE `goods_id` = 20  [ RunTime:0.0000s ]
SQL: SHOW COLUMNS FROM `hm_goods_class` [ RunTime:0.0030s ]
SQL: SELECT `type_id` FROM `hm_goods_class` WHERE `gc_id` = 3 LIMIT 1   [ RunTime:0.0010s ]
SQL: SHOW COLUMNS FROM `hm_goods_type` [ RunTime:0.0030s ]
SQL: SELECT * FROM `hm_goods_type` WHERE `type_id` = 1 LIMIT 1   [ RunTime:0.0010s ]
SQL: SHOW COLUMNS FROM `hm_goods_attr` [ RunTime:0.0030s ]
SQL: SELECT * FROM `hm_goods_attr` WHERE `attr_id` IN ('2','5')  [ RunTime:0.0010s ]
SQL: SHOW COLUMNS FROM `hm_goods_spec` [ RunTime:0.0070s ]
SQL: SELECT * FROM `hm_goods_spec` WHERE `spec_id` IN ('1','6','7')  [ RunTime:0.0000s ]
SQL: SHOW COLUMNS FROM `hm_goods_brand` [ RunTime:0.0040s ]
SQL: SELECT * FROM `hm_goods_brand` WHERE `brand_id` IN ('4','5','6')  [ RunTime:0.0000s ]
INFO: [ view_parse ] --START--
INFO: [ template_filter ] --START--
INFO: Run Behavior\ContentReplaceBehavior [ RunTime:0.000000s ]
INFO: [ template_filter ] --END-- [ RunTime:0.000000s ]
INFO: Run Behavior\ParseTemplateBehavior [ RunTime:0.056000s ]
INFO: [ view_parse ] --END-- [ RunTime:0.056000s ]
INFO: [ view_filter ] --START--
INFO: Run Behavior\WriteHtmlCacheBehavior [ RunTime:0.001000s ]
INFO: [ view_filter ] --END-- [ RunTime:0.001000s ]
INFO: [ app_end ] --START--
INFO: Run Behavior\ShowPageTraceBehavior [ RunTime:0.004000s ]
INFO: [ app_end ] --END-- [ RunTime:0.004000s ]

[ 2015-08-31T09:25:12+08:00 ] 127.0.0.1 /hmall/index.php/Admin/admin/
INFO: [ app_init ] --START--
INFO: Run Behavior\BuildLiteBehavior [ RunTime:0.000000s ]
INFO: [ app_init ] --END-- [ RunTime:0.001000s ]
INFO: [ app_begin ] --START--
INFO: Run Behavior\ReadHtmlCacheBehavior [ RunTime:0.001000s ]
INFO: [ app_begin ] --END-- [ RunTime:0.001000s ]
INFO: [ view_parse ] --START--
INFO: [ template_filter ] --START--
INFO: Run Behavior\ContentReplaceBehavior [ RunTime:0.000000s ]
INFO: [ template_filter ] --END-- [ RunTime:0.000000s ]
INFO: Run Behavior\ParseTemplateBehavior [ RunTime:0.031000s ]
INFO: [ view_parse ] --END-- [ RunTime:0.031000s ]
INFO: [ view_filter ] --START--
INFO: Run Behavior\WriteHtmlCacheBehavior [ RunTime:0.000000s ]
INFO: [ view_filter ] --END-- [ RunTime:0.000000s ]
INFO: [ app_end ] --START--
INFO: Run Behavior\ShowPageTraceBehavior [ RunTime:0.001000s ]
INFO: [ app_end ] --END-- [ RunTime:0.001000s ]

[ 2015-08-31T09:28:47+08:00 ] 127.0.0.1 /hmall/index.php/Admin/goods/index.html?_=1440984527614
INFO: [ app_init ] --START--
INFO: Run Behavior\BuildLiteBehavior [ RunTime:0.000000s ]
INFO: [ app_init ] --END-- [ RunTime:0.000000s ]
INFO: [ app_begin ] --START--
INFO: Run Behavior\ReadHtmlCacheBehavior [ RunTime:0.002000s ]
INFO: [ app_begin ] --END-- [ RunTime:0.002000s ]
SQL: SHOW COLUMNS FROM `hm_goods` [ RunTime:0.0040s ]
SQL: SELECT COUNT(*) AS tp_count FROM `hm_goods` LIMIT 1   [ RunTime:0.0000s ]
SQL: SELECT * FROM `hm_goods` ORDER BY goods_id ASC LIMIT 0,5   [ RunTime:0.0010s ]
INFO: [ view_parse ] --START--
INFO: [ template_filter ] --START--
INFO: Run Behavior\ContentReplaceBehavior [ RunTime:0.001000s ]
INFO: [ template_filter ] --END-- [ RunTime:0.001000s ]
NOTIC: [8] Undefined index: gc_name F:\wamp\www\hmall\Application\Runtime\Cache\Admin\be76b01b172771da708e23523e315e7c.php 第 70 行.
NOTIC: [8] Undefined index: gc_name F:\wamp\www\hmall\Application\Runtime\Cache\Admin\be76b01b172771da708e23523e315e7c.php 第 70 行.
NOTIC: [8] Undefined index: gc_name F:\wamp\www\hmall\Application\Runtime\Cache\Admin\be76b01b172771da708e23523e315e7c.php 第 70 行.
NOTIC: [8] Undefined index: gc_name F:\wamp\www\hmall\Application\Runtime\Cache\Admin\be76b01b172771da708e23523e315e7c.php 第 70 行.
INFO: Run Behavior\ParseTemplateBehavior [ RunTime:0.023000s ]
INFO: [ view_parse ] --END-- [ RunTime:0.023000s ]
INFO: [ view_filter ] --START--
INFO: Run Behavior\WriteHtmlCacheBehavior [ RunTime:0.001000s ]
INFO: [ view_filter ] --END-- [ RunTime:0.001000s ]
INFO: [ app_end ] --START--
INFO: Run Behavior\ShowPageTraceBehavior [ RunTime:0.001000s ]
INFO: [ app_end ] --END-- [ RunTime:0.001000s ]

[ 2015-08-31T09:28:49+08:00 ] 127.0.0.1 /hmall/index.php/Admin/goods/edit/uid/20.html?_=1440984528966
INFO: [ app_init ] --START--
INFO: Run Behavior\BuildLiteBehavior [ RunTime:0.000000s ]
INFO: [ app_init ] --END-- [ RunTime:0.001000s ]
INFO: [ app_begin ] --START--
INFO: Run Behavior\ReadHtmlCacheBehavior [ RunTime:0.001000s ]
INFO: [ app_begin ] --END-- [ RunTime:0.001000s ]
SQL: SHOW COLUMNS FROM `hm_goods` [ RunTime:0.0050s ]
SQL: SELECT * FROM `hm_goods` WHERE `goods_id` = 20 LIMIT 1   [ RunTime:0.0010s ]
SQL: SHOW COLUMNS FROM `hm_attachment` [ RunTime:0.0040s ]
SQL: SELECT * FROM `hm_attachment` WHERE `related_id` = 20  [ RunTime:0.0000s ]
SQL: SHOW COLUMNS FROM `hm_goods_attr_value` [ RunTime:0.0040s ]
SQL: SELECT * FROM `hm_goods_attr_value` WHERE `goods_id` = 20  [ RunTime:0.0000s ]
SQL: SHOW COLUMNS FROM `hm_goods_spec_value` [ RunTime:0.0040s ]
SQL: SELECT * FROM `hm_goods_spec_value` WHERE `goods_id` = 20  [ RunTime:0.0000s ]
SQL: SHOW COLUMNS FROM `hm_goods_class` [ RunTime:0.0040s ]
SQL: SELECT `type_id` FROM `hm_goods_class` WHERE `gc_id` = 3 LIMIT 1   [ RunTime:0.0010s ]
SQL: SHOW COLUMNS FROM `hm_goods_type` [ RunTime:0.0030s ]
SQL: SELECT * FROM `hm_goods_type` WHERE `type_id` = 1 LIMIT 1   [ RunTime:0.0000s ]
SQL: SHOW COLUMNS FROM `hm_goods_attr` [ RunTime:0.0040s ]
SQL: SELECT * FROM `hm_goods_attr` WHERE `attr_id` IN ('2','5')  [ RunTime:0.0010s ]
SQL: SHOW COLUMNS FROM `hm_goods_spec` [ RunTime:0.0040s ]
SQL: SELECT * FROM `hm_goods_spec` WHERE `spec_id` IN ('1','6','7')  [ RunTime:0.0000s ]
SQL: SHOW COLUMNS FROM `hm_goods_brand` [ RunTime:0.0030s ]
SQL: SELECT * FROM `hm_goods_brand` WHERE `brand_id` IN ('4','5','6')  [ RunTime:0.0010s ]
INFO: [ view_parse ] --START--
INFO: [ template_filter ] --START--
INFO: Run Behavior\ContentReplaceBehavior [ RunTime:0.000000s ]
INFO: [ template_filter ] --END-- [ RunTime:0.000000s ]
INFO: Run Behavior\ParseTemplateBehavior [ RunTime:0.051000s ]
INFO: [ view_parse ] --END-- [ RunTime:0.052000s ]
INFO: [ view_filter ] --START--
INFO: Run Behavior\WriteHtmlCacheBehavior [ RunTime:0.001000s ]
INFO: [ view_filter ] --END-- [ RunTime:0.001000s ]
INFO: [ app_end ] --START--
INFO: Run Behavior\ShowPageTraceBehavior [ RunTime:0.001000s ]
INFO: [ app_end ] --END-- [ RunTime:0.001000s ]

[ 2015-08-31T09:28:49+08:00 ] 127.0.0.1 /hmall/index.php/Admin/admin/
INFO: [ app_init ] --START--
INFO: Run Behavior\BuildLiteBehavior [ RunTime:0.000000s ]
INFO: [ app_init ] --END-- [ RunTime:0.001000s ]
INFO: [ app_begin ] --START--
INFO: Run Behavior\ReadHtmlCacheBehavior [ RunTime:0.001000s ]
INFO: [ app_begin ] --END-- [ RunTime:0.001000s ]
INFO: [ view_parse ] --START--
INFO: [ template_filter ] --START--
INFO: Run Behavior\ContentReplaceBehavior [ RunTime:0.000000s ]
INFO: [ template_filter ] --END-- [ RunTime:0.001000s ]
INFO: Run Behavior\ParseTemplateBehavior [ RunTime:0.034000s ]
INFO: [ view_parse ] --END-- [ RunTime:0.034000s ]
INFO: [ view_filter ] --START--
INFO: Run Behavior\WriteHtmlCacheBehavior [ RunTime:0.000000s ]
INFO: [ view_filter ] --END-- [ RunTime:0.001000s ]
INFO: [ app_end ] --START--
INFO: Run Behavior\ShowPageTraceBehavior [ RunTime:0.002000s ]
INFO: [ app_end ] --END-- [ RunTime:0.002000s ]

[ 2015-08-31T09:29:31+08:00 ] 127.0.0.1 /hmall/index.php/Admin/goods/index.html?_=1440984571455
INFO: [ app_init ] --START--
INFO: Run Behavior\BuildLiteBehavior [ RunTime:0.000000s ]
INFO: [ app_init ] --END-- [ RunTime:0.001000s ]
INFO: [ app_begin ] --START--
INFO: Run Behavior\ReadHtmlCacheBehavior [ RunTime:0.000000s ]
INFO: [ app_begin ] --END-- [ RunTime:0.001000s ]
SQL: SHOW COLUMNS FROM `hm_goods` [ RunTime:0.0040s ]
SQL: SELECT COUNT(*) AS tp_count FROM `hm_goods` LIMIT 1   [ RunTime:0.0000s ]
SQL: SELECT * FROM `hm_goods` ORDER BY goods_id ASC LIMIT 0,5   [ RunTime:0.0000s ]
INFO: [ view_parse ] --START--
INFO: [ template_filter ] --START--
INFO: Run Behavior\ContentReplaceBehavior [ RunTime:0.000000s ]
INFO: [ template_filter ] --END-- [ RunTime:0.000000s ]
NOTIC: [8] Undefined index: gc_name F:\wamp\www\hmall\Application\Runtime\Cache\Admin\be76b01b172771da708e23523e315e7c.php 第 70 行.
NOTIC: [8] Undefined index: gc_name F:\wamp\www\hmall\Application\Runtime\Cache\Admin\be76b01b172771da708e23523e315e7c.php 第 70 行.
NOTIC: [8] Undefined index: gc_name F:\wamp\www\hmall\Application\Runtime\Cache\Admin\be76b01b172771da708e23523e315e7c.php 第 70 行.
NOTIC: [8] Undefined index: gc_name F:\wamp\www\hmall\Application\Runtime\Cache\Admin\be76b01b172771da708e23523e315e7c.php 第 70 行.
INFO: Run Behavior\ParseTemplateBehavior [ RunTime:0.024000s ]
INFO: [ view_parse ] --END-- [ RunTime:0.024000s ]
INFO: [ view_filter ] --START--
INFO: Run Behavior\WriteHtmlCacheBehavior [ RunTime:0.000000s ]
INFO: [ view_filter ] --END-- [ RunTime:0.000000s ]
INFO: [ app_end ] --START--
INFO: Run Behavior\ShowPageTraceBehavior [ RunTime:0.001000s ]
INFO: [ app_end ] --END-- [ RunTime:0.001000s ]

[ 2015-08-31T09:29:33+08:00 ] 127.0.0.1 /hmall/index.php/Admin/goods/edit/uid/20.html?_=1440984573085
INFO: [ app_init ] --START--
INFO: Run Behavior\BuildLiteBehavior [ RunTime:0.000000s ]
INFO: [ app_init ] --END-- [ RunTime:0.000000s ]
INFO: [ app_begin ] --START--
INFO: Run Behavior\ReadHtmlCacheBehavior [ RunTime:0.000000s ]
INFO: [ app_begin ] --END-- [ RunTime:0.000000s ]
SQL: SHOW COLUMNS FROM `hm_goods` [ RunTime:0.0040s ]
SQL: SELECT * FROM `hm_goods` WHERE `goods_id` = 20 LIMIT 1   [ RunTime:0.0010s ]
SQL: SHOW COLUMNS FROM `hm_attachment` [ RunTime:0.0030s ]
SQL: SELECT * FROM `hm_attachment` WHERE `related_id` = 20  [ RunTime:0.0000s ]
SQL: SHOW COLUMNS FROM `hm_goods_attr_value` [ RunTime:0.0030s ]
SQL: SELECT * FROM `hm_goods_attr_value` WHERE `goods_id` = 20  [ RunTime:0.0010s ]
SQL: SHOW COLUMNS FROM `hm_goods_spec_value` [ RunTime:0.0030s ]
SQL: SELECT * FROM `hm_goods_spec_value` WHERE `goods_id` = 20  [ RunTime:0.0000s ]
SQL: SHOW COLUMNS FROM `hm_goods_class` [ RunTime:0.0040s ]
SQL: SELECT `type_id` FROM `hm_goods_class` WHERE `gc_id` = 3 LIMIT 1   [ RunTime:0.0000s ]
SQL: SHOW COLUMNS FROM `hm_goods_type` [ RunTime:0.0040s ]
SQL: SELECT * FROM `hm_goods_type` WHERE `type_id` = 1 LIMIT 1   [ RunTime:0.0000s ]
SQL: SHOW COLUMNS FROM `hm_goods_attr` [ RunTime:0.0040s ]
SQL: SELECT * FROM `hm_goods_attr` WHERE `attr_id` IN ('2','5')  [ RunTime:0.0000s ]
SQL: SHOW COLUMNS FROM `hm_goods_spec` [ RunTime:0.0040s ]
SQL: SELECT * FROM `hm_goods_spec` WHERE `spec_id` IN ('1','6','7')  [ RunTime:0.0000s ]
SQL: SHOW COLUMNS FROM `hm_goods_brand` [ RunTime:0.0030s ]
SQL: SELECT * FROM `hm_goods_brand` WHERE `brand_id` IN ('4','5','6')  [ RunTime:0.0000s ]
INFO: [ view_parse ] --START--
INFO: [ template_filter ] --START--
INFO: Run Behavior\ContentReplaceBehavior [ RunTime:0.004000s ]
INFO: [ template_filter ] --END-- [ RunTime:0.004000s ]
INFO: Run Behavior\ParseTemplateBehavior [ RunTime:0.094000s ]
INFO: [ view_parse ] --END-- [ RunTime:0.095000s ]
INFO: [ view_filter ] --START--
INFO: Run Behavior\WriteHtmlCacheBehavior [ RunTime:0.000000s ]
INFO: [ view_filter ] --END-- [ RunTime:0.000000s ]
INFO: [ app_end ] --START--
INFO: Run Behavior\ShowPageTraceBehavior [ RunTime:0.001000s ]
INFO: [ app_end ] --END-- [ RunTime:0.001000s ]

[ 2015-08-31T09:29:33+08:00 ] 127.0.0.1 /hmall/index.php/Admin/admin/
INFO: [ app_init ] --START--
INFO: Run Behavior\BuildLiteBehavior [ RunTime:0.000000s ]
INFO: [ app_init ] --END-- [ RunTime:0.001000s ]
INFO: [ app_begin ] --START--
INFO: Run Behavior\ReadHtmlCacheBehavior [ RunTime:0.001000s ]
INFO: [ app_begin ] --END-- [ RunTime:0.001000s ]
INFO: [ view_parse ] --START--
INFO: [ template_filter ] --START--
INFO: Run Behavior\ContentReplaceBehavior [ RunTime:0.001000s ]
INFO: [ template_filter ] --END-- [ RunTime:0.001000s ]
INFO: Run Behavior\ParseTemplateBehavior [ RunTime:0.033000s ]
INFO: [ view_parse ] --END-- [ RunTime:0.035000s ]
INFO: [ view_filter ] --START--
INFO: Run Behavior\WriteHtmlCacheBehavior [ RunTime:0.001000s ]
INFO: [ view_filter ] --END-- [ RunTime:0.001000s ]
INFO: [ app_end ] --START--
INFO: Run Behavior\ShowPageTraceBehavior [ RunTime:0.001000s ]
INFO: [ app_end ] --END-- [ RunTime:0.003000s ]

[ 2015-08-31T09:30:36+08:00 ] 127.0.0.1 /hmall/index.php/Admin/goods/edit/0/uid/1/20.html
INFO: [ app_init ] --START--
INFO: Run Behavior\BuildLiteBehavior [ RunTime:0.000000s ]
INFO: [ app_init ] --END-- [ RunTime:0.001000s ]
INFO: [ app_begin ] --START--
INFO: Run Behavior\ReadHtmlCacheBehavior [ RunTime:0.000000s ]
INFO: [ app_begin ] --END-- [ RunTime:0.001000s ]
SQL: SHOW COLUMNS FROM `hm_goods` [ RunTime:0.0040s ]
SQL: SELECT * FROM `hm_goods` WHERE `goods_name` = '测试男装' LIMIT 1   [ RunTime:0.0010s ]

[ 2015-08-31T09:32:09+08:00 ] 127.0.0.1 /hmall/index.php/Admin/goods/edit/0/uid/1/20.html
INFO: [ app_init ] --START--
INFO: Run Behavior\BuildLiteBehavior [ RunTime:0.000000s ]
INFO: [ app_init ] --END-- [ RunTime:0.001000s ]
INFO: [ app_begin ] --START--
INFO: Run Behavior\ReadHtmlCacheBehavior [ RunTime:0.001000s ]
INFO: [ app_begin ] --END-- [ RunTime:0.001000s ]
SQL: SHOW COLUMNS FROM `hm_goods` [ RunTime:0.0030s ]
SQL: SELECT COUNT(*) AS tp_count FROM `hm_goods` WHERE `goods_id` <> '' AND `goods_name` = '测试男装' LIMIT 1   [ RunTime:0.0400s ]

[ 2015-08-31T09:34:08+08:00 ] 127.0.0.1 /hmall/index.php/Admin/goods/edit/0/uid/1/20.html
INFO: [ app_init ] --START--
INFO: Run Behavior\BuildLiteBehavior [ RunTime:0.000000s ]
INFO: [ app_init ] --END-- [ RunTime:0.001000s ]
INFO: [ app_begin ] --START--
INFO: Run Behavior\ReadHtmlCacheBehavior [ RunTime:0.000000s ]
INFO: [ app_begin ] --END-- [ RunTime:0.001000s ]
SQL: SHOW COLUMNS FROM `hm_goods` [ RunTime:0.0040s ]
SQL: SELECT COUNT(*) AS tp_count FROM `hm_goods` WHERE `goods_id` <> '' AND `goods_name` = '测试男装' LIMIT 1   [ RunTime:0.0010s ]

[ 2015-08-31T09:34:23+08:00 ] 127.0.0.1 /hmall/index.php/Admin/goods/index.html?_=1440984863371
INFO: [ app_init ] --START--
INFO: Run Behavior\BuildLiteBehavior [ RunTime:0.000000s ]
INFO: [ app_init ] --END-- [ RunTime:0.002000s ]
INFO: [ app_begin ] --START--
INFO: Run Behavior\ReadHtmlCacheBehavior [ RunTime:0.001000s ]
INFO: [ app_begin ] --END-- [ RunTime:0.001000s ]
SQL: SHOW COLUMNS FROM `hm_goods` [ RunTime:0.0030s ]
SQL: SELECT COUNT(*) AS tp_count FROM `hm_goods` LIMIT 1   [ RunTime:0.0010s ]
SQL: SELECT * FROM `hm_goods` ORDER BY goods_id ASC LIMIT 0,5   [ RunTime:0.0010s ]
INFO: [ view_parse ] --START--
INFO: [ template_filter ] --START--
INFO: Run Behavior\ContentReplaceBehavior [ RunTime:0.000000s ]
INFO: [ template_filter ] --END-- [ RunTime:0.000000s ]
NOTIC: [8] Undefined index: gc_name F:\wamp\www\hmall\Application\Runtime\Cache\Admin\be76b01b172771da708e23523e315e7c.php 第 70 行.
NOTIC: [8] Undefined index: gc_name F:\wamp\www\hmall\Application\Runtime\Cache\Admin\be76b01b172771da708e23523e315e7c.php 第 70 行.
NOTIC: [8] Undefined index: gc_name F:\wamp\www\hmall\Application\Runtime\Cache\Admin\be76b01b172771da708e23523e315e7c.php 第 70 行.
NOTIC: [8] Undefined index: gc_name F:\wamp\www\hmall\Application\Runtime\Cache\Admin\be76b01b172771da708e23523e315e7c.php 第 70 行.
INFO: Run Behavior\ParseTemplateBehavior [ RunTime:0.024000s ]
INFO: [ view_parse ] --END-- [ RunTime:0.024000s ]
INFO: [ view_filter ] --START--
INFO: Run Behavior\WriteHtmlCacheBehavior [ RunTime:0.001000s ]
INFO: [ view_filter ] --END-- [ RunTime:0.001000s ]
INFO: [ app_end ] --START--
INFO: Run Behavior\ShowPageTraceBehavior [ RunTime:0.001000s ]
INFO: [ app_end ] --END-- [ RunTime:0.001000s ]

[ 2015-08-31T09:34:45+08:00 ] 127.0.0.1 /hmall/index.php/Admin/goods/edit/uid/20.html?_=1440984884973
INFO: [ app_init ] --START--
INFO: Run Behavior\BuildLiteBehavior [ RunTime:0.000000s ]
INFO: [ app_init ] --END-- [ RunTime:0.001000s ]
INFO: [ app_begin ] --START--
INFO: Run Behavior\ReadHtmlCacheBehavior [ RunTime:0.001000s ]
INFO: [ app_begin ] --END-- [ RunTime:0.001000s ]
SQL: SHOW COLUMNS FROM `hm_goods` [ RunTime:0.0040s ]
SQL: SELECT * FROM `hm_goods` WHERE `goods_id` = 20 LIMIT 1   [ RunTime:0.0010s ]
SQL: SHOW COLUMNS FROM `hm_attachment` [ RunTime:0.0030s ]
SQL: SELECT * FROM `hm_attachment` WHERE `related_id` = 20  [ RunTime:0.0000s ]
SQL: SHOW COLUMNS FROM `hm_goods_attr_value` [ RunTime:0.0040s ]
SQL: SELECT * FROM `hm_goods_attr_value` WHERE `goods_id` = 20  [ RunTime:0.0000s ]
SQL: SHOW COLUMNS FROM `hm_goods_spec_value` [ RunTime:0.0040s ]
SQL: SELECT * FROM `hm_goods_spec_value` WHERE `goods_id` = 20  [ RunTime:0.0010s ]
SQL: SHOW COLUMNS FROM `hm_goods_class` [ RunTime:0.0040s ]
SQL: SELECT `type_id` FROM `hm_goods_class` WHERE `gc_id` = 3 LIMIT 1   [ RunTime:0.0000s ]
SQL: SHOW COLUMNS FROM `hm_goods_type` [ RunTime:0.0030s ]
SQL: SELECT * FROM `hm_goods_type` WHERE `type_id` = 1 LIMIT 1   [ RunTime:0.0010s ]
SQL: SHOW COLUMNS FROM `hm_goods_attr` [ RunTime:0.0040s ]
SQL: SELECT * FROM `hm_goods_attr` WHERE `attr_id` IN ('2','5')  [ RunTime:0.0000s ]
SQL: SHOW COLUMNS FROM `hm_goods_spec` [ RunTime:0.0040s ]
SQL: SELECT * FROM `hm_goods_spec` WHERE `spec_id` IN ('1','6','7')  [ RunTime:0.0020s ]
SQL: SHOW COLUMNS FROM `hm_goods_brand` [ RunTime:0.0030s ]
SQL: SELECT * FROM `hm_goods_brand` WHERE `brand_id` IN ('4','5','6')  [ RunTime:0.0010s ]
INFO: [ view_parse ] --START--
INFO: [ template_filter ] --START--
INFO: Run Behavior\ContentReplaceBehavior [ RunTime:0.000000s ]
INFO: [ template_filter ] --END-- [ RunTime:0.000000s ]
INFO: Run Behavior\ParseTemplateBehavior [ RunTime:0.049000s ]
INFO: [ view_parse ] --END-- [ RunTime:0.049000s ]
INFO: [ view_filter ] --START--
INFO: Run Behavior\WriteHtmlCacheBehavior [ RunTime:0.000000s ]
INFO: [ view_filter ] --END-- [ RunTime:0.000000s ]
INFO: [ app_end ] --START--
INFO: Run Behavior\ShowPageTraceBehavior [ RunTime:0.003000s ]
INFO: [ app_end ] --END-- [ RunTime:0.003000s ]

[ 2015-08-31T09:34:45+08:00 ] 127.0.0.1 /hmall/index.php/Admin/admin/
INFO: [ app_init ] --START--
INFO: Run Behavior\BuildLiteBehavior [ RunTime:0.000000s ]
INFO: [ app_init ] --END-- [ RunTime:0.001000s ]
INFO: [ app_begin ] --START--
INFO: Run Behavior\ReadHtmlCacheBehavior [ RunTime:0.001000s ]
INFO: [ app_begin ] --END-- [ RunTime:0.001000s ]
INFO: [ view_parse ] --START--
INFO: [ template_filter ] --START--
INFO: Run Behavior\ContentReplaceBehavior [ RunTime:0.000000s ]
INFO: [ template_filter ] --END-- [ RunTime:0.001000s ]
INFO: Run Behavior\ParseTemplateBehavior [ RunTime:0.031000s ]
INFO: [ view_parse ] --END-- [ RunTime:0.031000s ]
INFO: [ view_filter ] --START--
INFO: Run Behavior\WriteHtmlCacheBehavior [ RunTime:0.001000s ]
INFO: [ view_filter ] --END-- [ RunTime:0.001000s ]
INFO: [ app_end ] --START--
INFO: Run Behavior\ShowPageTraceBehavior [ RunTime:0.001000s ]
INFO: [ app_end ] --END-- [ RunTime:0.001000s ]

[ 2015-08-31T09:36:02+08:00 ] 127.0.0.1 /hmall/index.php/Admin/goods/index.html?_=1440984962517
INFO: [ app_init ] --START--
INFO: Run Behavior\BuildLiteBehavior [ RunTime:0.000000s ]
INFO: [ app_init ] --END-- [ RunTime:0.001000s ]
INFO: [ app_begin ] --START--
INFO: Run Behavior\ReadHtmlCacheBehavior [ RunTime:0.001000s ]
INFO: [ app_begin ] --END-- [ RunTime:0.001000s ]
SQL: SHOW COLUMNS FROM `hm_goods` [ RunTime:0.0140s ]
SQL: SELECT COUNT(*) AS tp_count FROM `hm_goods` LIMIT 1   [ RunTime:0.0010s ]
SQL: SELECT * FROM `hm_goods` ORDER BY goods_id ASC LIMIT 0,5   [ RunTime:0.0010s ]
INFO: [ view_parse ] --START--
INFO: [ template_filter ] --START--
INFO: Run Behavior\ContentReplaceBehavior [ RunTime:0.000000s ]
INFO: [ template_filter ] --END-- [ RunTime:0.000000s ]
NOTIC: [8] Undefined index: gc_name F:\wamp\www\hmall\Application\Runtime\Cache\Admin\be76b01b172771da708e23523e315e7c.php 第 70 行.
NOTIC: [8] Undefined index: gc_name F:\wamp\www\hmall\Application\Runtime\Cache\Admin\be76b01b172771da708e23523e315e7c.php 第 70 行.
NOTIC: [8] Undefined index: gc_name F:\wamp\www\hmall\Application\Runtime\Cache\Admin\be76b01b172771da708e23523e315e7c.php 第 70 行.
NOTIC: [8] Undefined index: gc_name F:\wamp\www\hmall\Application\Runtime\Cache\Admin\be76b01b172771da708e23523e315e7c.php 第 70 行.
INFO: Run Behavior\ParseTemplateBehavior [ RunTime:0.022000s ]
INFO: [ view_parse ] --END-- [ RunTime:0.023000s ]
INFO: [ view_filter ] --START--
INFO: Run Behavior\WriteHtmlCacheBehavior [ RunTime:0.000000s ]
INFO: [ view_filter ] --END-- [ RunTime:0.001000s ]
INFO: [ app_end ] --START--
INFO: Run Behavior\ShowPageTraceBehavior [ RunTime:0.000000s ]
INFO: [ app_end ] --END-- [ RunTime:0.000000s ]

[ 2015-08-31T09:36:08+08:00 ] 127.0.0.1 /hmall/index.php/Admin/goods/edit/uid/20.html?_=1440984968147
INFO: [ app_init ] --START--
INFO: Run Behavior\BuildLiteBehavior [ RunTime:0.000000s ]
INFO: [ app_init ] --END-- [ RunTime:0.001000s ]
INFO: [ app_begin ] --START--
INFO: Run Behavior\ReadHtmlCacheBehavior [ RunTime:0.000000s ]
INFO: [ app_begin ] --END-- [ RunTime:0.002000s ]
SQL: SHOW COLUMNS FROM `hm_goods` [ RunTime:0.0040s ]
SQL: SELECT * FROM `hm_goods` WHERE `goods_id` = 20 LIMIT 1   [ RunTime:0.0010s ]
SQL: SHOW COLUMNS FROM `hm_attachment` [ RunTime:0.0040s ]
SQL: SELECT * FROM `hm_attachment` WHERE `related_id` = 20  [ RunTime:0.0000s ]
SQL: SHOW COLUMNS FROM `hm_goods_attr_value` [ RunTime:0.0030s ]
SQL: SELECT * FROM `hm_goods_attr_value` WHERE `goods_id` = 20  [ RunTime:0.0010s ]
SQL: SHOW COLUMNS FROM `hm_goods_spec_value` [ RunTime:0.0040s ]
SQL: SELECT * FROM `hm_goods_spec_value` WHERE `goods_id` = 20  [ RunTime:0.0000s ]
SQL: SHOW COLUMNS FROM `hm_goods_class` [ RunTime:0.0040s ]
SQL: SELECT `type_id` FROM `hm_goods_class` WHERE `gc_id` = 3 LIMIT 1   [ RunTime:0.0000s ]
SQL: SHOW COLUMNS FROM `hm_goods_type` [ RunTime:0.0030s ]
SQL: SELECT * FROM `hm_goods_type` WHERE `type_id` = 1 LIMIT 1   [ RunTime:0.0010s ]
SQL: SHOW COLUMNS FROM `hm_goods_attr` [ RunTime:0.0030s ]
SQL: SELECT * FROM `hm_goods_attr` WHERE `attr_id` IN ('2','5')  [ RunTime:0.0000s ]
SQL: SHOW COLUMNS FROM `hm_goods_spec` [ RunTime:0.0030s ]
SQL: SELECT * FROM `hm_goods_spec` WHERE `spec_id` IN ('1','6','7')  [ RunTime:0.0010s ]
SQL: SHOW COLUMNS FROM `hm_goods_brand` [ RunTime:0.0030s ]
SQL: SELECT * FROM `hm_goods_brand` WHERE `brand_id` IN ('4','5','6')  [ RunTime:0.0020s ]
INFO: [ view_parse ] --START--
INFO: [ template_filter ] --START--
INFO: Run Behavior\ContentReplaceBehavior [ RunTime:0.000000s ]
INFO: [ template_filter ] --END-- [ RunTime:0.001000s ]
INFO: Run Behavior\ParseTemplateBehavior [ RunTime:0.050000s ]
INFO: [ view_parse ] --END-- [ RunTime:0.051000s ]
INFO: [ view_filter ] --START--
INFO: Run Behavior\WriteHtmlCacheBehavior [ RunTime:0.000000s ]
INFO: [ view_filter ] --END-- [ RunTime:0.000000s ]
INFO: [ app_end ] --START--
INFO: Run Behavior\ShowPageTraceBehavior [ RunTime:0.001000s ]
INFO: [ app_end ] --END-- [ RunTime:0.001000s ]

[ 2015-08-31T09:36:09+08:00 ] 127.0.0.1 /hmall/index.php/Admin/admin/
INFO: [ app_init ] --START--
INFO: Run Behavior\BuildLiteBehavior [ RunTime:0.000000s ]
INFO: [ app_init ] --END-- [ RunTime:0.000000s ]
INFO: [ app_begin ] --START--
INFO: Run Behavior\ReadHtmlCacheBehavior [ RunTime:0.000000s ]
INFO: [ app_begin ] --END-- [ RunTime:0.001000s ]
INFO: [ view_parse ] --START--
INFO: [ template_filter ] --START--
INFO: Run Behavior\ContentReplaceBehavior [ RunTime:0.000000s ]
INFO: [ template_filter ] --END-- [ RunTime:0.001000s ]
INFO: Run Behavior\ParseTemplateBehavior [ RunTime:0.036000s ]
INFO: [ view_parse ] --END-- [ RunTime:0.036000s ]
INFO: [ view_filter ] --START--
INFO: Run Behavior\WriteHtmlCacheBehavior [ RunTime:0.001000s ]
INFO: [ view_filter ] --END-- [ RunTime:0.001000s ]
INFO: [ app_end ] --START--
INFO: Run Behavior\ShowPageTraceBehavior [ RunTime:0.001000s ]
INFO: [ app_end ] --END-- [ RunTime:0.002000s ]

[ 2015-08-31T09:36:54+08:00 ] 127.0.0.1 /hmall/index.php/Admin/goods/edit/uid/20.html
INFO: [ app_init ] --START--
INFO: Run Behavior\BuildLiteBehavior [ RunTime:0.000000s ]
INFO: [ app_init ] --END-- [ RunTime:0.002000s ]
INFO: [ app_begin ] --START--
INFO: Run Behavior\ReadHtmlCacheBehavior [ RunTime:0.000000s ]
INFO: [ app_begin ] --END-- [ RunTime:0.000000s ]
SQL: SHOW COLUMNS FROM `hm_goods` [ RunTime:0.0170s ]
SQL: SELECT COUNT(*) AS tp_count FROM `hm_goods` WHERE `goods_id` <> '20' AND `goods_name` = '测试男装' LIMIT 1   [ RunTime:0.0000s ]

[ 2015-08-31T09:37:52+08:00 ] 127.0.0.1 /hmall/index.php/Admin/goods/edit/uid/20.html
INFO: [ app_init ] --START--
INFO: Run Behavior\BuildLiteBehavior [ RunTime:0.000000s ]
INFO: [ app_init ] --END-- [ RunTime:0.000000s ]
INFO: [ app_begin ] --START--
INFO: Run Behavior\ReadHtmlCacheBehavior [ RunTime:0.001000s ]
INFO: [ app_begin ] --END-- [ RunTime:0.001000s ]
SQL: SHOW COLUMNS FROM `hm_goods` [ RunTime:0.0390s ]
SQL: SELECT COUNT(*) AS tp_count FROM `hm_goods` WHERE `goods_id` <> '20' AND `goods_name` = '测试男装' LIMIT 1   [ RunTime:0.0010s ]

[ 2015-08-31T09:38:59+08:00 ] 127.0.0.1 /hmall/index.php/Admin/goods/edit/uid/20.html
INFO: [ app_init ] --START--
INFO: Run Behavior\BuildLiteBehavior [ RunTime:0.000000s ]
INFO: [ app_init ] --END-- [ RunTime:0.001000s ]
INFO: [ app_begin ] --START--
INFO: Run Behavior\ReadHtmlCacheBehavior [ RunTime:0.000000s ]
INFO: [ app_begin ] --END-- [ RunTime:0.001000s ]
SQL: SHOW COLUMNS FROM `hm_goods` [ RunTime:0.0030s ]
SQL: SELECT COUNT(*) AS tp_count FROM `hm_goods` WHERE `goods_id` <> '20' AND `goods_name` = '测试男装' LIMIT 1   [ RunTime:0.0000s ]

[ 2015-08-31T09:41:07+08:00 ] 127.0.0.1 /hmall/index.php/Admin/goods/edit/uid/20.html
INFO: [ app_init ] --START--
INFO: Run Behavior\BuildLiteBehavior [ RunTime:0.000000s ]
INFO: [ app_init ] --END-- [ RunTime:0.001000s ]
INFO: [ app_begin ] --START--
INFO: Run Behavior\ReadHtmlCacheBehavior [ RunTime:0.002000s ]
INFO: [ app_begin ] --END-- [ RunTime:0.002000s ]
SQL: SHOW COLUMNS FROM `hm_goods` [ RunTime:0.0040s ]
SQL: SELECT COUNT(*) AS tp_count FROM `hm_goods` WHERE `goods_id` <> '20' AND `goods_name` = '测试男装' LIMIT 1   [ RunTime:0.0010s ]

[ 2015-08-31T09:41:11+08:00 ] 127.0.0.1 /hmall/index.php/Admin/goods/edit/uid/20.html
INFO: [ app_init ] --START--
INFO: Run Behavior\BuildLiteBehavior [ RunTime:0.000000s ]
INFO: [ app_init ] --END-- [ RunTime:0.000000s ]
INFO: [ app_begin ] --START--
INFO: Run Behavior\ReadHtmlCacheBehavior [ RunTime:0.001000s ]
INFO: [ app_begin ] --END-- [ RunTime:0.001000s ]
SQL: SHOW COLUMNS FROM `hm_goods` [ RunTime:0.0040s ]
SQL: SELECT COUNT(*) AS tp_count FROM `hm_goods` WHERE `goods_id` <> '20' AND `goods_name` = '测试男装' LIMIT 1   [ RunTime:0.0010s ]

[ 2015-08-31T09:41:52+08:00 ] 127.0.0.1 /hmall/index.php/Admin/goods/edit/uid/20.html
INFO: [ app_init ] --START--
INFO: Run Behavior\BuildLiteBehavior [ RunTime:0.000000s ]
INFO: [ app_init ] --END-- [ RunTime:0.001000s ]
INFO: [ app_begin ] --START--
INFO: Run Behavior\ReadHtmlCacheBehavior [ RunTime:0.000000s ]
INFO: [ app_begin ] --END-- [ RunTime:0.001000s ]
SQL: SHOW COLUMNS FROM `hm_goods` [ RunTime:0.0040s ]
SQL: SELECT COUNT(*) AS tp_count FROM `hm_goods` WHERE `goods_id` <> '20' AND `goods_name` = '测试男装' LIMIT 1   [ RunTime:0.0000s ]
SQL: UPDATE `hm_goods` SET `gc_id`='3',`goods_name`='测试男装',`goods_num`='36000002',`goods_price`='15',`goods_storage`='100',`goods_show`='1',`goods_recommend`='1',`goods_max_price`='0',`goods_min_price`='0',`goods_image`='2015-08-27/55ded4b857a58.jpg',`spec_open`='0',`attr_open`='1' WHERE `goods_id` = 20 [ RunTime:0.0530s ]
SQL: SHOW COLUMNS FROM `hm_attachment` [ RunTime:0.0110s ]
SQL: DELETE FROM `hm_attachment` WHERE `related_id` = null [ RunTime:0.0100s ]
SQL: SELECT * FROM `hm_attachment` WHERE `atta_name` = '2015-08-27/55ded4b857a58.jpg' LIMIT 1   [ RunTime:0.0010s ]
SQL: SELECT * FROM `hm_attachment` WHERE `atta_name` = '2015-08-27/55ded4bba6428.jpg' LIMIT 1   [ RunTime:0.0000s ]
SQL: SHOW COLUMNS FROM `hm_goods_attr_value` [ RunTime:0.0050s ]
SQL: DELETE FROM `hm_goods_attr_value` WHERE `goods_id` = null [ RunTime:0.0000s ]

[ 2015-08-31T09:41:55+08:00 ] 127.0.0.1 /hmall/index.php/Admin/goods/index.html?_=1440985315642
INFO: [ app_init ] --START--
INFO: Run Behavior\BuildLiteBehavior [ RunTime:0.000000s ]
INFO: [ app_init ] --END-- [ RunTime:0.001000s ]
INFO: [ app_begin ] --START--
INFO: Run Behavior\ReadHtmlCacheBehavior [ RunTime:0.001000s ]
INFO: [ app_begin ] --END-- [ RunTime:0.001000s ]
SQL: SHOW COLUMNS FROM `hm_goods` [ RunTime:0.0040s ]
SQL: SELECT COUNT(*) AS tp_count FROM `hm_goods` LIMIT 1   [ RunTime:0.0000s ]
SQL: SELECT * FROM `hm_goods` ORDER BY goods_id ASC LIMIT 0,5   [ RunTime:0.0000s ]
INFO: [ view_parse ] --START--
INFO: [ template_filter ] --START--
INFO: Run Behavior\ContentReplaceBehavior [ RunTime:0.000000s ]
INFO: [ template_filter ] --END-- [ RunTime:0.000000s ]
NOTIC: [8] Undefined index: gc_name F:\wamp\www\hmall\Application\Runtime\Cache\Admin\be76b01b172771da708e23523e315e7c.php 第 70 行.
NOTIC: [8] Undefined index: gc_name F:\wamp\www\hmall\Application\Runtime\Cache\Admin\be76b01b172771da708e23523e315e7c.php 第 70 行.
NOTIC: [8] Undefined index: gc_name F:\wamp\www\hmall\Application\Runtime\Cache\Admin\be76b01b172771da708e23523e315e7c.php 第 70 行.
NOTIC: [8] Undefined index: gc_name F:\wamp\www\hmall\Application\Runtime\Cache\Admin\be76b01b172771da708e23523e315e7c.php 第 70 行.
INFO: Run Behavior\ParseTemplateBehavior [ RunTime:0.025000s ]
INFO: [ view_parse ] --END-- [ RunTime:0.025000s ]
INFO: [ view_filter ] --START--
INFO: Run Behavior\WriteHtmlCacheBehavior [ RunTime:0.000000s ]
INFO: [ view_filter ] --END-- [ RunTime:0.000000s ]
INFO: [ app_end ] --START--
INFO: Run Behavior\ShowPageTraceBehavior [ RunTime:0.000000s ]
INFO: [ app_end ] --END-- [ RunTime:0.000000s ]

[ 2015-08-31T09:41:57+08:00 ] 127.0.0.1 /hmall/index.php/Admin/goods/edit/uid/20.html?_=1440985317272
INFO: [ app_init ] --START--
INFO: Run Behavior\BuildLiteBehavior [ RunTime:0.000000s ]
INFO: [ app_init ] --END-- [ RunTime:0.000000s ]
INFO: [ app_begin ] --START--
INFO: Run Behavior\ReadHtmlCacheBehavior [ RunTime:0.001000s ]
INFO: [ app_begin ] --END-- [ RunTime:0.001000s ]
SQL: SHOW COLUMNS FROM `hm_goods` [ RunTime:0.0040s ]
SQL: SELECT * FROM `hm_goods` WHERE `goods_id` = 20 LIMIT 1   [ RunTime:0.0000s ]
SQL: SHOW COLUMNS FROM `hm_attachment` [ RunTime:0.0030s ]
SQL: SELECT * FROM `hm_attachment` WHERE `related_id` = 20  [ RunTime:0.0000s ]
SQL: SHOW COLUMNS FROM `hm_goods_attr_value` [ RunTime:0.0030s ]
SQL: SELECT * FROM `hm_goods_attr_value` WHERE `goods_id` = 20  [ RunTime:0.0010s ]
SQL: SHOW COLUMNS FROM `hm_goods_spec_value` [ RunTime:0.0030s ]
SQL: SELECT * FROM `hm_goods_spec_value` WHERE `goods_id` = 20  [ RunTime:0.0010s ]
SQL: SHOW COLUMNS FROM `hm_goods_class` [ RunTime:0.0040s ]
SQL: SELECT `type_id` FROM `hm_goods_class` WHERE `gc_id` = 3 LIMIT 1   [ RunTime:0.0000s ]
SQL: SHOW COLUMNS FROM `hm_goods_type` [ RunTime:0.0040s ]
SQL: SELECT * FROM `hm_goods_type` WHERE `type_id` = 1 LIMIT 1   [ RunTime:0.0000s ]
SQL: SHOW COLUMNS FROM `hm_goods_attr` [ RunTime:0.0030s ]
SQL: SELECT * FROM `hm_goods_attr` WHERE `attr_id` IN ('2','5')  [ RunTime:0.0010s ]
SQL: SHOW COLUMNS FROM `hm_goods_spec` [ RunTime:0.0030s ]
SQL: SELECT * FROM `hm_goods_spec` WHERE `spec_id` IN ('1','6','7')  [ RunTime:0.0000s ]
SQL: SHOW COLUMNS FROM `hm_goods_brand` [ RunTime:0.0040s ]
SQL: SELECT * FROM `hm_goods_brand` WHERE `brand_id` IN ('4','5','6')  [ RunTime:0.0000s ]
INFO: [ view_parse ] --START--
INFO: [ template_filter ] --START--
INFO: Run Behavior\ContentReplaceBehavior [ RunTime:0.001000s ]
INFO: [ template_filter ] --END-- [ RunTime:0.001000s ]
INFO: Run Behavior\ParseTemplateBehavior [ RunTime:0.051000s ]
INFO: [ view_parse ] --END-- [ RunTime:0.051000s ]
INFO: [ view_filter ] --START--
INFO: Run Behavior\WriteHtmlCacheBehavior [ RunTime:0.001000s ]
INFO: [ view_filter ] --END-- [ RunTime:0.001000s ]
INFO: [ app_end ] --START--
INFO: Run Behavior\ShowPageTraceBehavior [ RunTime:0.001000s ]
INFO: [ app_end ] --END-- [ RunTime:0.002000s ]

[ 2015-08-31T09:41:58+08:00 ] 127.0.0.1 /hmall/index.php/Admin/admin/
INFO: [ app_init ] --START--
INFO: Run Behavior\BuildLiteBehavior [ RunTime:0.000000s ]
INFO: [ app_init ] --END-- [ RunTime:0.001000s ]
INFO: [ app_begin ] --START--
INFO: Run Behavior\ReadHtmlCacheBehavior [ RunTime:0.000000s ]
INFO: [ app_begin ] --END-- [ RunTime:0.002000s ]
INFO: [ view_parse ] --START--
INFO: [ template_filter ] --START--
INFO: Run Behavior\ContentReplaceBehavior [ RunTime:0.001000s ]
INFO: [ template_filter ] --END-- [ RunTime:0.001000s ]
INFO: Run Behavior\ParseTemplateBehavior [ RunTime:0.032000s ]
INFO: [ view_parse ] --END-- [ RunTime:0.033000s ]
INFO: [ view_filter ] --START--
INFO: Run Behavior\WriteHtmlCacheBehavior [ RunTime:0.000000s ]
INFO: [ view_filter ] --END-- [ RunTime:0.000000s ]
INFO: [ app_end ] --START--
INFO: Run Behavior\ShowPageTraceBehavior [ RunTime:0.001000s ]
INFO: [ app_end ] --END-- [ RunTime:0.002000s ]

[ 2015-08-31T09:43:56+08:00 ] 127.0.0.1 /hmall/index.php/Admin/goods/edit/uid/20.html
INFO: [ app_init ] --START--
INFO: Run Behavior\BuildLiteBehavior [ RunTime:0.000000s ]
INFO: [ app_init ] --END-- [ RunTime:0.001000s ]
INFO: [ app_begin ] --START--
INFO: Run Behavior\ReadHtmlCacheBehavior [ RunTime:0.001000s ]
INFO: [ app_begin ] --END-- [ RunTime:0.001000s ]
SQL: SHOW COLUMNS FROM `hm_goods` [ RunTime:0.0040s ]
SQL: SELECT COUNT(*) AS tp_count FROM `hm_goods` WHERE `goods_id` <> '20' AND `goods_name` = '测试男装' LIMIT 1   [ RunTime:0.0000s ]
SQL: UPDATE `hm_goods` SET `gc_id`='3',`goods_name`='测试男装',`goods_num`='36000002',`goods_price`='100',`goods_storage`='120',`goods_show`='1',`goods_recommend`='1',`goods_max_price`='0',`goods_min_price`='0',`goods_image`='2015-08-27/55ded4b857a58.jpg',`spec_open`='0',`attr_open`='1' WHERE `goods_id` = 20 [ RunTime:0.0010s ]
SQL: SHOW COLUMNS FROM `hm_attachment` [ RunTime:0.0030s ]
SQL: DELETE FROM `hm_attachment` WHERE `related_id` = 20 [ RunTime:0.0010s ]
SQL: SELECT * FROM `hm_attachment` WHERE `atta_name` = '2015-08-27/55ded4b857a58.jpg' LIMIT 1   [ RunTime:0.0000s ]
SQL: INSERT INTO `hm_attachment` (`related_id`,`atta_name`,`atta_type`,`add_time`) VALUES ('20','2015-08-27/55ded4b857a58.jpg','goods','1440985436') [ RunTime:0.0330s ]
SQL: SELECT * FROM `hm_attachment` WHERE `atta_name` = '2015-08-27/55ded4bba6428.jpg' LIMIT 1   [ RunTime:0.0010s ]
SQL: INSERT INTO `hm_attachment` (`related_id`,`atta_name`,`atta_type`,`add_time`) VALUES ('20','2015-08-27/55ded4bba6428.jpg','goods','1440985436') [ RunTime:0.0000s ]
SQL: SHOW COLUMNS FROM `hm_goods_attr_value` [ RunTime:0.0030s ]
SQL: DELETE FROM `hm_goods_attr_value` WHERE `goods_id` = 20 [ RunTime:0.0000s ]
SQL: INSERT INTO `hm_goods_attr_value` (`goods_id`,`attr_id`,`attr_value`) VALUES ('20','2','3') [ RunTime:0.0010s ]
SQL: INSERT INTO `hm_goods_attr_value` (`goods_id`,`attr_id`,`attr_value`) VALUES ('20','5','2') [ RunTime:0.0000s ]

[ 2015-08-31T09:43:59+08:00 ] 127.0.0.1 /hmall/index.php/Admin/goods/index.html?_=1440985439433
INFO: [ app_init ] --START--
INFO: Run Behavior\BuildLiteBehavior [ RunTime:0.000000s ]
INFO: [ app_init ] --END-- [ RunTime:0.001000s ]
INFO: [ app_begin ] --START--
INFO: Run Behavior\ReadHtmlCacheBehavior [ RunTime:0.001000s ]
INFO: [ app_begin ] --END-- [ RunTime:0.002000s ]
SQL: SHOW COLUMNS FROM `hm_goods` [ RunTime:0.0050s ]
SQL: SELECT COUNT(*) AS tp_count FROM `hm_goods` LIMIT 1   [ RunTime:0.0010s ]
SQL: SELECT * FROM `hm_goods` ORDER BY goods_id ASC LIMIT 0,5   [ RunTime:0.0000s ]
INFO: [ view_parse ] --START--
INFO: [ template_filter ] --START--
INFO: Run Behavior\ContentReplaceBehavior [ RunTime:0.000000s ]
INFO: [ template_filter ] --END-- [ RunTime:0.001000s ]
NOTIC: [8] Undefined index: gc_name F:\wamp\www\hmall\Application\Runtime\Cache\Admin\be76b01b172771da708e23523e315e7c.php 第 70 行.
NOTIC: [8] Undefined index: gc_name F:\wamp\www\hmall\Application\Runtime\Cache\Admin\be76b01b172771da708e23523e315e7c.php 第 70 行.
NOTIC: [8] Undefined index: gc_name F:\wamp\www\hmall\Application\Runtime\Cache\Admin\be76b01b172771da708e23523e315e7c.php 第 70 行.
NOTIC: [8] Undefined index: gc_name F:\wamp\www\hmall\Application\Runtime\Cache\Admin\be76b01b172771da708e23523e315e7c.php 第 70 行.
INFO: Run Behavior\ParseTemplateBehavior [ RunTime:0.023000s ]
INFO: [ view_parse ] --END-- [ RunTime:0.023000s ]
INFO: [ view_filter ] --START--
INFO: Run Behavior\WriteHtmlCacheBehavior [ RunTime:0.000000s ]
INFO: [ view_filter ] --END-- [ RunTime:0.000000s ]
INFO: [ app_end ] --START--
INFO: Run Behavior\ShowPageTraceBehavior [ RunTime:0.001000s ]
INFO: [ app_end ] --END-- [ RunTime:0.001000s ]

[ 2015-08-31T09:44:00+08:00 ] 127.0.0.1 /hmall/index.php/Admin/goods/edit/uid/20.html?_=1440985440806
INFO: [ app_init ] --START--
INFO: Run Behavior\BuildLiteBehavior [ RunTime:0.000000s ]
INFO: [ app_init ] --END-- [ RunTime:0.001000s ]
INFO: [ app_begin ] --START--
INFO: Run Behavior\ReadHtmlCacheBehavior [ RunTime:0.001000s ]
INFO: [ app_begin ] --END-- [ RunTime:0.001000s ]
SQL: SHOW COLUMNS FROM `hm_goods` [ RunTime:0.0040s ]
SQL: SELECT * FROM `hm_goods` WHERE `goods_id` = 20 LIMIT 1   [ RunTime:0.0000s ]
SQL: SHOW COLUMNS FROM `hm_attachment` [ RunTime:0.0040s ]
SQL: SELECT * FROM `hm_attachment` WHERE `related_id` = 20  [ RunTime:0.0010s ]
SQL: SHOW COLUMNS FROM `hm_goods_attr_value` [ RunTime:0.0030s ]
SQL: SELECT * FROM `hm_goods_attr_value` WHERE `goods_id` = 20  [ RunTime:0.0000s ]
SQL: SHOW COLUMNS FROM `hm_goods_spec_value` [ RunTime:0.0040s ]
SQL: SELECT * FROM `hm_goods_spec_value` WHERE `goods_id` = 20  [ RunTime:0.0000s ]
SQL: SHOW COLUMNS FROM `hm_goods_class` [ RunTime:0.0030s ]
SQL: SELECT `type_id` FROM `hm_goods_class` WHERE `gc_id` = 3 LIMIT 1   [ RunTime:0.0010s ]
SQL: SHOW COLUMNS FROM `hm_goods_type` [ RunTime:0.0040s ]
SQL: SELECT * FROM `hm_goods_type` WHERE `type_id` = 1 LIMIT 1   [ RunTime:0.0010s ]
SQL: SHOW COLUMNS FROM `hm_goods_attr` [ RunTime:0.0030s ]
SQL: SELECT * FROM `hm_goods_attr` WHERE `attr_id` IN ('2','5')  [ RunTime:0.0010s ]
SQL: SHOW COLUMNS FROM `hm_goods_spec` [ RunTime:0.0030s ]
SQL: SELECT * FROM `hm_goods_spec` WHERE `spec_id` IN ('1','6','7')  [ RunTime:0.0010s ]
SQL: SHOW COLUMNS FROM `hm_goods_brand` [ RunTime:0.0040s ]
SQL: SELECT * FROM `hm_goods_brand` WHERE `brand_id` IN ('4','5','6')  [ RunTime:0.0010s ]
INFO: [ view_parse ] --START--
INFO: [ template_filter ] --START--
INFO: Run Behavior\ContentReplaceBehavior [ RunTime:0.001000s ]
INFO: [ template_filter ] --END-- [ RunTime:0.001000s ]
INFO: Run Behavior\ParseTemplateBehavior [ RunTime:0.048000s ]
INFO: [ view_parse ] --END-- [ RunTime:0.048000s ]
INFO: [ view_filter ] --START--
INFO: Run Behavior\WriteHtmlCacheBehavior [ RunTime:0.000000s ]
INFO: [ view_filter ] --END-- [ RunTime:0.001000s ]
INFO: [ app_end ] --START--
INFO: Run Behavior\ShowPageTraceBehavior [ RunTime:0.001000s ]
INFO: [ app_end ] --END-- [ RunTime:0.001000s ]

[ 2015-08-31T09:44:01+08:00 ] 127.0.0.1 /hmall/index.php/Admin/admin/
INFO: [ app_init ] --START--
INFO: Run Behavior\BuildLiteBehavior [ RunTime:0.000000s ]
INFO: [ app_init ] --END-- [ RunTime:0.001000s ]
INFO: [ app_begin ] --START--
INFO: Run Behavior\ReadHtmlCacheBehavior [ RunTime:0.000000s ]
INFO: [ app_begin ] --END-- [ RunTime:0.001000s ]
INFO: [ view_parse ] --START--
INFO: [ template_filter ] --START--
INFO: Run Behavior\ContentReplaceBehavior [ RunTime:0.000000s ]
INFO: [ template_filter ] --END-- [ RunTime:0.001000s ]
INFO: Run Behavior\ParseTemplateBehavior [ RunTime:0.033000s ]
INFO: [ view_parse ] --END-- [ RunTime:0.033000s ]
INFO: [ view_filter ] --START--
INFO: Run Behavior\WriteHtmlCacheBehavior [ RunTime:0.000000s ]
INFO: [ view_filter ] --END-- [ RunTime:0.000000s ]
INFO: [ app_end ] --START--
INFO: Run Behavior\ShowPageTraceBehavior [ RunTime:0.001000s ]
INFO: [ app_end ] --END-- [ RunTime:0.001000s ]

