[ 2015-11-03T09:25:58+08:00 ] ::1 /hmall/admin
INFO: [ app_init ] --START--
INFO: Run Behavior\BuildLiteBehavior [ RunTime:0.000000s ]
INFO: [ app_init ] --END-- [ RunTime:0.000000s ]
INFO: [ app_begin ] --START--
INFO: Run Behavior\ReadHtmlCacheBehavior [ RunTime:0.001000s ]
INFO: [ app_begin ] --END-- [ RunTime:0.001000s ]

[ 2015-11-03T09:25:59+08:00 ] ::1 /hmall/index.php/Admin/index/login.html
INFO: [ app_init ] --START--
INFO: Run Behavior\BuildLiteBehavior [ RunTime:0.000000s ]
INFO: [ app_init ] --END-- [ RunTime:0.000000s ]
INFO: [ app_begin ] --START--
INFO: Run Behavior\ReadHtmlCacheBehavior [ RunTime:0.002000s ]
INFO: [ app_begin ] --END-- [ RunTime:0.003000s ]
INFO: [ view_parse ] --START--
INFO: [ template_filter ] --START--
INFO: Run Behavior\ContentReplaceBehavior [ RunTime:0.000000s ]
INFO: [ template_filter ] --END-- [ RunTime:0.000000s ]
INFO: Run Behavior\ParseTemplateBehavior [ RunTime:0.065000s ]
INFO: [ view_parse ] --END-- [ RunTime:0.065000s ]
INFO: [ view_filter ] --START--
INFO: Run Behavior\WriteHtmlCacheBehavior [ RunTime:0.000000s ]
INFO: [ view_filter ] --END-- [ RunTime:0.001000s ]
INFO: [ app_end ] --START--
INFO: Run Behavior\ShowPageTraceBehavior [ RunTime:0.000000s ]
INFO: [ app_end ] --END-- [ RunTime:0.001000s ]

[ 2015-11-03T09:25:59+08:00 ] ::1 /hmall/index.php/Admin/index/verify.html
INFO: [ app_init ] --START--
INFO: Run Behavior\BuildLiteBehavior [ RunTime:0.000000s ]
INFO: [ app_init ] --END-- [ RunTime:0.001000s ]
INFO: [ app_begin ] --START--
INFO: Run Behavior\ReadHtmlCacheBehavior [ RunTime:0.001000s ]
INFO: [ app_begin ] --END-- [ RunTime:0.001000s ]
INFO: [ app_end ] --START--
INFO: Run Behavior\ShowPageTraceBehavior [ RunTime:0.001000s ]
INFO: [ app_end ] --END-- [ RunTime:0.001000s ]

[ 2015-11-03T09:26:04+08:00 ] ::1 /hmall/index.php/Admin/index/login.html
INFO: [ app_init ] --START--
INFO: Run Behavior\BuildLiteBehavior [ RunTime:0.000000s ]
INFO: [ app_init ] --END-- [ RunTime:0.001000s ]
INFO: [ app_begin ] --START--
INFO: Run Behavior\ReadHtmlCacheBehavior [ RunTime:0.001000s ]
INFO: [ app_begin ] --END-- [ RunTime:0.001000s ]
SQL: SHOW COLUMNS FROM `hm_admin` [ RunTime:0.0150s ]
SQL: SELECT `admin_id`,`admin_name` FROM `hm_admin` WHERE `admin_name` = 'xiaomi' AND `password` = '0192023a7bbd73250516f069df18b500' AND `status` = 1 LIMIT 1   [ RunTime:0.0090s ]
INFO: [ view_parse ] --START--
INFO: [ template_filter ] --START--
INFO: Run Behavior\ContentReplaceBehavior [ RunTime:0.001000s ]
INFO: [ template_filter ] --END-- [ RunTime:0.001000s ]
INFO: Run Behavior\ParseTemplateBehavior [ RunTime:0.026000s ]
INFO: [ view_parse ] --END-- [ RunTime:0.026000s ]
INFO: [ view_filter ] --START--
INFO: Run Behavior\WriteHtmlCacheBehavior [ RunTime:0.000000s ]
INFO: [ view_filter ] --END-- [ RunTime:0.001000s ]
INFO: [ app_end ] --START--
INFO: Run Behavior\ShowPageTraceBehavior [ RunTime:0.001000s ]
INFO: [ app_end ] --END-- [ RunTime:0.001000s ]

[ 2015-11-03T09:26:05+08:00 ] ::1 /hmall/index.php/Admin/admin/index.html
INFO: [ app_init ] --START--
INFO: Run Behavior\BuildLiteBehavior [ RunTime:0.000000s ]
INFO: [ app_init ] --END-- [ RunTime:0.001000s ]
INFO: [ app_begin ] --START--
INFO: Run Behavior\ReadHtmlCacheBehavior [ RunTime:0.001000s ]
INFO: [ app_begin ] --END-- [ RunTime:0.001000s ]
INFO: [ view_parse ] --START--
INFO: [ template_filter ] --START--
INFO: Run Behavior\ContentReplaceBehavior [ RunTime:0.001000s ]
INFO: [ template_filter ] --END-- [ RunTime:0.001000s ]
INFO: Run Behavior\ParseTemplateBehavior [ RunTime:0.052000s ]
INFO: [ view_parse ] --END-- [ RunTime:0.052000s ]
INFO: [ view_filter ] --START--
INFO: Run Behavior\WriteHtmlCacheBehavior [ RunTime:0.000000s ]
INFO: [ view_filter ] --END-- [ RunTime:0.000000s ]
INFO: [ app_end ] --START--
INFO: Run Behavior\ShowPageTraceBehavior [ RunTime:0.001000s ]
INFO: [ app_end ] --END-- [ RunTime:0.002000s ]

[ 2015-11-03T09:26:14+08:00 ] ::1 /hmall/index.php/Admin/goods_class/index.html?_=1446513974195
INFO: [ app_init ] --START--
INFO: Run Behavior\BuildLiteBehavior [ RunTime:0.000000s ]
INFO: [ app_init ] --END-- [ RunTime:0.001000s ]
INFO: [ app_begin ] --START--
INFO: Run Behavior\ReadHtmlCacheBehavior [ RunTime:0.001000s ]
INFO: [ app_begin ] --END-- [ RunTime:0.001000s ]
SQL: SHOW COLUMNS FROM `hm_goods_class` [ RunTime:0.0280s ]
SQL: SELECT * FROM `hm_goods_class` ORDER BY gc_id ASC  [ RunTime:0.0000s ]
INFO: [ view_parse ] --START--
INFO: [ template_filter ] --START--
INFO: Run Behavior\ContentReplaceBehavior [ RunTime:0.000000s ]
INFO: [ template_filter ] --END-- [ RunTime:0.000000s ]
NOTIC: [8] Undefined variable: pagination F:\wamp\www\hmall\Application\Runtime\Cache\Admin\b01ffff825413c771ace94e6894132ba.php 第 5 行.
INFO: Run Behavior\ParseTemplateBehavior [ RunTime:0.022000s ]
INFO: [ view_parse ] --END-- [ RunTime:0.022000s ]
INFO: [ view_filter ] --START--
INFO: Run Behavior\WriteHtmlCacheBehavior [ RunTime:0.001000s ]
INFO: [ view_filter ] --END-- [ RunTime:0.001000s ]
INFO: [ app_end ] --START--
INFO: Run Behavior\ShowPageTraceBehavior [ RunTime:0.001000s ]
INFO: [ app_end ] --END-- [ RunTime:0.001000s ]

[ 2015-11-03T09:36:44+08:00 ] ::1 /hmall/index.php/Admin/admin/index.html
INFO: [ app_init ] --START--
INFO: Run Behavior\BuildLiteBehavior [ RunTime:0.000000s ]
INFO: [ app_init ] --END-- [ RunTime:0.001000s ]
INFO: [ app_begin ] --START--
INFO: Run Behavior\ReadHtmlCacheBehavior [ RunTime:0.002000s ]
INFO: [ app_begin ] --END-- [ RunTime:0.002000s ]
INFO: [ view_parse ] --START--
INFO: [ template_filter ] --START--
INFO: Run Behavior\ContentReplaceBehavior [ RunTime:0.000000s ]
INFO: [ template_filter ] --END-- [ RunTime:0.001000s ]
INFO: Run Behavior\ParseTemplateBehavior [ RunTime:0.040000s ]
INFO: [ view_parse ] --END-- [ RunTime:0.041000s ]
INFO: [ view_filter ] --START--
INFO: Run Behavior\WriteHtmlCacheBehavior [ RunTime:0.000000s ]
INFO: [ view_filter ] --END-- [ RunTime:0.001000s ]
INFO: [ app_end ] --START--
INFO: Run Behavior\ShowPageTraceBehavior [ RunTime:0.001000s ]
INFO: [ app_end ] --END-- [ RunTime:0.002000s ]

[ 2015-11-03T09:36:46+08:00 ] ::1 /hmall/index.php/Admin/admin/lists.html?_=1446514606219
INFO: [ app_init ] --START--
INFO: Run Behavior\BuildLiteBehavior [ RunTime:0.000000s ]
INFO: [ app_init ] --END-- [ RunTime:0.001000s ]
INFO: [ app_begin ] --START--
INFO: Run Behavior\ReadHtmlCacheBehavior [ RunTime:0.001000s ]
INFO: [ app_begin ] --END-- [ RunTime:0.001000s ]
SQL: SHOW COLUMNS FROM `hm_admin` [ RunTime:0.0030s ]
NOTIC: [8] Undefined variable: condition F:\wamp\www\hmall\Application\Admin\Controller\AdminController.class.php 第 27 行.
SQL: SELECT COUNT(*) AS tp_count FROM `hm_admin` LIMIT 1   [ RunTime:0.0000s ]
NOTIC: [8] Undefined variable: condition F:\wamp\www\hmall\Application\Admin\Controller\AdminController.class.php 第 33 行.
SQL: SELECT * FROM `hm_admin` ORDER BY admin_id ASC LIMIT 0,5   [ RunTime:0.0000s ]
SQL: SHOW COLUMNS FROM `hm_admin_style` [ RunTime:0.0440s ]
SQL: SELECT * FROM `hm_admin_style`  [ RunTime:0.0060s ]
INFO: [ view_parse ] --START--
INFO: [ template_filter ] --START--
INFO: Run Behavior\ContentReplaceBehavior [ RunTime:0.000000s ]
INFO: [ template_filter ] --END-- [ RunTime:0.001000s ]
NOTIC: [8] Undefined variable: admin_name F:\wamp\www\hmall\Application\Runtime\Cache\Admin\d05e5bb0a62739e4eadc7a9a24629cad.php 第 15 行.
NOTIC: [8] Undefined variable: add_time F:\wamp\www\hmall\Application\Runtime\Cache\Admin\d05e5bb0a62739e4eadc7a9a24629cad.php 第 24 行.
INFO: Run Behavior\ParseTemplateBehavior [ RunTime:0.029000s ]
INFO: [ view_parse ] --END-- [ RunTime:0.030000s ]
INFO: [ view_filter ] --START--
INFO: Run Behavior\WriteHtmlCacheBehavior [ RunTime:0.000000s ]
INFO: [ view_filter ] --END-- [ RunTime:0.000000s ]
INFO: [ app_end ] --START--
INFO: Run Behavior\ShowPageTraceBehavior [ RunTime:0.000000s ]
INFO: [ app_end ] --END-- [ RunTime:0.001000s ]

[ 2015-11-03T09:36:47+08:00 ] ::1 /hmall/index.php/Admin/admin/add.html?_=1446514607282
INFO: [ app_init ] --START--
INFO: Run Behavior\BuildLiteBehavior [ RunTime:0.000000s ]
INFO: [ app_init ] --END-- [ RunTime:0.001000s ]
INFO: [ app_begin ] --START--
INFO: Run Behavior\ReadHtmlCacheBehavior [ RunTime:0.001000s ]
INFO: [ app_begin ] --END-- [ RunTime:0.002000s ]
SQL: SHOW COLUMNS FROM `hm_admin` [ RunTime:0.0030s ]
SQL: SHOW COLUMNS FROM `hm_admin_style` [ RunTime:0.0040s ]
SQL: SELECT * FROM `hm_admin_style`  [ RunTime:0.0010s ]
INFO: [ view_parse ] --START--
INFO: [ template_filter ] --START--
INFO: Run Behavior\ContentReplaceBehavior [ RunTime:0.000000s ]
INFO: [ template_filter ] --END-- [ RunTime:0.000000s ]
INFO: Run Behavior\ParseTemplateBehavior [ RunTime:0.013000s ]
INFO: [ view_parse ] --END-- [ RunTime:0.013000s ]
INFO: [ view_filter ] --START--
INFO: Run Behavior\WriteHtmlCacheBehavior [ RunTime:0.001000s ]
INFO: [ view_filter ] --END-- [ RunTime:0.001000s ]
INFO: [ app_end ] --START--
INFO: Run Behavior\ShowPageTraceBehavior [ RunTime:0.001000s ]
INFO: [ app_end ] --END-- [ RunTime:0.001000s ]

[ 2015-11-03T09:36:48+08:00 ] ::1 /hmall/index.php/Admin/admin_style/index.html?_=1446514608111
INFO: [ app_init ] --START--
INFO: Run Behavior\BuildLiteBehavior [ RunTime:0.000000s ]
INFO: [ app_init ] --END-- [ RunTime:0.001000s ]
INFO: [ app_begin ] --START--
INFO: Run Behavior\ReadHtmlCacheBehavior [ RunTime:0.001000s ]
INFO: [ app_begin ] --END-- [ RunTime:0.001000s ]
SQL: SHOW COLUMNS FROM `hm_admin_style` [ RunTime:0.0030s ]
SQL: SELECT COUNT(*) AS tp_count FROM `hm_admin_style` LIMIT 1   [ RunTime:0.0000s ]
SQL: SELECT * FROM `hm_admin_style` ORDER BY style_id ASC LIMIT 0,5   [ RunTime:0.0000s ]
INFO: [ view_parse ] --START--
INFO: [ template_filter ] --START--
INFO: Run Behavior\ContentReplaceBehavior [ RunTime:0.000000s ]
INFO: [ template_filter ] --END-- [ RunTime:0.000000s ]
INFO: Run Behavior\ParseTemplateBehavior [ RunTime:0.024000s ]
INFO: [ view_parse ] --END-- [ RunTime:0.024000s ]
INFO: [ view_filter ] --START--
INFO: Run Behavior\WriteHtmlCacheBehavior [ RunTime:0.001000s ]
INFO: [ view_filter ] --END-- [ RunTime:0.001000s ]
INFO: [ app_end ] --START--
INFO: Run Behavior\ShowPageTraceBehavior [ RunTime:0.001000s ]
INFO: [ app_end ] --END-- [ RunTime:0.001000s ]

[ 2015-11-03T09:36:50+08:00 ] ::1 /hmall/index.php/Admin/article/index.html?_=1446514610552
INFO: [ app_init ] --START--
INFO: Run Behavior\BuildLiteBehavior [ RunTime:0.000000s ]
INFO: [ app_init ] --END-- [ RunTime:0.001000s ]
INFO: [ app_begin ] --START--
INFO: Run Behavior\ReadHtmlCacheBehavior [ RunTime:0.001000s ]
INFO: [ app_begin ] --END-- [ RunTime:0.001000s ]
SQL: SHOW COLUMNS FROM `hm_article` [ RunTime:0.0640s ]
SQL: SELECT COUNT(*) AS tp_count FROM `hm_article` LIMIT 1   [ RunTime:0.0000s ]
SQL: SELECT * FROM `hm_article` ORDER BY article_id ASC LIMIT 0,5   [ RunTime:0.0110s ]
INFO: [ view_parse ] --START--
INFO: [ template_filter ] --START--
INFO: Run Behavior\ContentReplaceBehavior [ RunTime:0.000000s ]
INFO: [ template_filter ] --END-- [ RunTime:0.001000s ]
INFO: Run Behavior\ParseTemplateBehavior [ RunTime:0.025000s ]
INFO: [ view_parse ] --END-- [ RunTime:0.025000s ]
INFO: [ view_filter ] --START--
INFO: Run Behavior\WriteHtmlCacheBehavior [ RunTime:0.000000s ]
INFO: [ view_filter ] --END-- [ RunTime:0.000000s ]
INFO: [ app_end ] --START--
INFO: Run Behavior\ShowPageTraceBehavior [ RunTime:0.000000s ]
INFO: [ app_end ] --END-- [ RunTime:0.001000s ]

[ 2015-11-03T09:36:51+08:00 ] ::1 /hmall/index.php/Admin/article/add.html?_=1446514611321
INFO: [ app_init ] --START--
INFO: Run Behavior\BuildLiteBehavior [ RunTime:0.000000s ]
INFO: [ app_init ] --END-- [ RunTime:0.001000s ]
INFO: [ app_begin ] --START--
INFO: Run Behavior\ReadHtmlCacheBehavior [ RunTime:0.001000s ]
INFO: [ app_begin ] --END-- [ RunTime:0.001000s ]
SQL: SHOW COLUMNS FROM `hm_article` [ RunTime:0.0050s ]
SQL: SHOW COLUMNS FROM `hm_article_class` [ RunTime:0.0360s ]
SQL: SELECT * FROM `hm_article_class`  [ RunTime:0.0010s ]
INFO: [ view_parse ] --START--
INFO: [ template_filter ] --START--
INFO: Run Behavior\ContentReplaceBehavior [ RunTime:0.000000s ]
INFO: [ template_filter ] --END-- [ RunTime:0.000000s ]
INFO: Run Behavior\ParseTemplateBehavior [ RunTime:0.011000s ]
INFO: [ view_parse ] --END-- [ RunTime:0.012000s ]
INFO: [ view_filter ] --START--
INFO: Run Behavior\WriteHtmlCacheBehavior [ RunTime:0.000000s ]
INFO: [ view_filter ] --END-- [ RunTime:0.000000s ]
INFO: [ app_end ] --START--
INFO: Run Behavior\ShowPageTraceBehavior [ RunTime:0.001000s ]
INFO: [ app_end ] --END-- [ RunTime:0.001000s ]

[ 2015-11-03T09:36:52+08:00 ] ::1 /hmall/index.php/Admin/article_class/index.html?_=1446514612124
INFO: [ app_init ] --START--
INFO: Run Behavior\BuildLiteBehavior [ RunTime:0.000000s ]
INFO: [ app_init ] --END-- [ RunTime:0.001000s ]
INFO: [ app_begin ] --START--
INFO: Run Behavior\ReadHtmlCacheBehavior [ RunTime:0.001000s ]
INFO: [ app_begin ] --END-- [ RunTime:0.001000s ]
SQL: SHOW COLUMNS FROM `hm_article_class` [ RunTime:0.0030s ]
SQL: SELECT COUNT(*) AS tp_count FROM `hm_article_class` LIMIT 1   [ RunTime:0.0000s ]
SQL: SELECT * FROM `hm_article_class` ORDER BY ac_id ASC LIMIT 0,5   [ RunTime:0.0000s ]
INFO: [ view_parse ] --START--
INFO: [ template_filter ] --START--
INFO: Run Behavior\ContentReplaceBehavior [ RunTime:0.000000s ]
INFO: [ template_filter ] --END-- [ RunTime:0.000000s ]
INFO: Run Behavior\ParseTemplateBehavior [ RunTime:0.025000s ]
INFO: [ view_parse ] --END-- [ RunTime:0.025000s ]
INFO: [ view_filter ] --START--
INFO: Run Behavior\WriteHtmlCacheBehavior [ RunTime:0.001000s ]
INFO: [ view_filter ] --END-- [ RunTime:0.001000s ]
INFO: [ app_end ] --START--
INFO: Run Behavior\ShowPageTraceBehavior [ RunTime:0.001000s ]
INFO: [ app_end ] --END-- [ RunTime:0.001000s ]

[ 2015-11-03T09:36:53+08:00 ] ::1 /hmall/index.php/Admin/article_class/add.html?_=1446514612945
INFO: [ app_init ] --START--
INFO: Run Behavior\BuildLiteBehavior [ RunTime:0.000000s ]
INFO: [ app_init ] --END-- [ RunTime:0.001000s ]
INFO: [ app_begin ] --START--
INFO: Run Behavior\ReadHtmlCacheBehavior [ RunTime:0.001000s ]
INFO: [ app_begin ] --END-- [ RunTime:0.001000s ]
SQL: SHOW COLUMNS FROM `hm_article_class` [ RunTime:0.0030s ]
SQL: SELECT * FROM `hm_article_class`  [ RunTime:0.0000s ]
INFO: [ view_parse ] --START--
INFO: [ template_filter ] --START--
INFO: Run Behavior\ContentReplaceBehavior [ RunTime:0.000000s ]
INFO: [ template_filter ] --END-- [ RunTime:0.000000s ]
INFO: Run Behavior\ParseTemplateBehavior [ RunTime:0.011000s ]
INFO: [ view_parse ] --END-- [ RunTime:0.011000s ]
INFO: [ view_filter ] --START--
INFO: Run Behavior\WriteHtmlCacheBehavior [ RunTime:0.001000s ]
INFO: [ view_filter ] --END-- [ RunTime:0.001000s ]
INFO: [ app_end ] --START--
INFO: Run Behavior\ShowPageTraceBehavior [ RunTime:0.002000s ]
INFO: [ app_end ] --END-- [ RunTime:0.002000s ]

[ 2015-11-03T09:36:55+08:00 ] ::1 /hmall/index.php/Admin/member/index.html?_=1446514615724
INFO: [ app_init ] --START--
INFO: Run Behavior\BuildLiteBehavior [ RunTime:0.000000s ]
INFO: [ app_init ] --END-- [ RunTime:0.001000s ]
INFO: [ app_begin ] --START--
INFO: Run Behavior\ReadHtmlCacheBehavior [ RunTime:0.001000s ]
INFO: [ app_begin ] --END-- [ RunTime:0.002000s ]
SQL: SHOW COLUMNS FROM `hm_member` [ RunTime:0.0460s ]
NOTIC: [8] Undefined variable: condition F:\wamp\www\hmall\Application\Admin\Controller\MemberController.class.php 第 22 行.
SQL: SELECT COUNT(*) AS tp_count FROM `hm_member` LIMIT 1   [ RunTime:0.0010s ]
NOTIC: [8] Undefined variable: condition F:\wamp\www\hmall\Application\Admin\Controller\MemberController.class.php 第 28 行.
SQL: SELECT * FROM `hm_member` ORDER BY member_id ASC LIMIT 0,5   [ RunTime:0.0010s ]
INFO: [ view_parse ] --START--
INFO: [ template_filter ] --START--
INFO: Run Behavior\ContentReplaceBehavior [ RunTime:0.000000s ]
INFO: [ template_filter ] --END-- [ RunTime:0.000000s ]
INFO: Run Behavior\ParseTemplateBehavior [ RunTime:0.024000s ]
INFO: [ view_parse ] --END-- [ RunTime:0.024000s ]
INFO: [ view_filter ] --START--
INFO: Run Behavior\WriteHtmlCacheBehavior [ RunTime:0.000000s ]
INFO: [ view_filter ] --END-- [ RunTime:0.001000s ]
INFO: [ app_end ] --START--
INFO: Run Behavior\ShowPageTraceBehavior [ RunTime:0.000000s ]
INFO: [ app_end ] --END-- [ RunTime:0.001000s ]

[ 2015-11-03T09:36:56+08:00 ] ::1 /hmall/index.php/Admin/member/index/s/vip.html?_=1446514616367
INFO: [ app_init ] --START--
INFO: Run Behavior\BuildLiteBehavior [ RunTime:0.000000s ]
INFO: [ app_init ] --END-- [ RunTime:0.001000s ]
INFO: [ app_begin ] --START--
INFO: Run Behavior\ReadHtmlCacheBehavior [ RunTime:0.000000s ]
INFO: [ app_begin ] --END-- [ RunTime:0.000000s ]
SQL: SHOW COLUMNS FROM `hm_member` [ RunTime:0.0040s ]
SQL: SELECT COUNT(*) AS tp_count FROM `hm_member` WHERE `member_vip` = 1 LIMIT 1   [ RunTime:0.0010s ]
SQL: SELECT * FROM `hm_member` WHERE `member_vip` = 1 ORDER BY member_id ASC LIMIT 0,5   [ RunTime:0.0000s ]
INFO: [ view_parse ] --START--
INFO: [ template_filter ] --START--
INFO: Run Behavior\ContentReplaceBehavior [ RunTime:0.000000s ]
INFO: [ template_filter ] --END-- [ RunTime:0.000000s ]
INFO: Run Behavior\ParseTemplateBehavior [ RunTime:0.021000s ]
INFO: [ view_parse ] --END-- [ RunTime:0.021000s ]
INFO: [ view_filter ] --START--
INFO: Run Behavior\WriteHtmlCacheBehavior [ RunTime:0.001000s ]
INFO: [ view_filter ] --END-- [ RunTime:0.001000s ]
INFO: [ app_end ] --START--
INFO: Run Behavior\ShowPageTraceBehavior [ RunTime:0.001000s ]
INFO: [ app_end ] --END-- [ RunTime:0.001000s ]

[ 2015-11-03T09:36:57+08:00 ] ::1 /hmall/index.php/Admin/member/index/s/block.html?_=1446514616943
INFO: [ app_init ] --START--
INFO: Run Behavior\BuildLiteBehavior [ RunTime:0.000000s ]
INFO: [ app_init ] --END-- [ RunTime:0.001000s ]
INFO: [ app_begin ] --START--
INFO: Run Behavior\ReadHtmlCacheBehavior [ RunTime:0.001000s ]
INFO: [ app_begin ] --END-- [ RunTime:0.001000s ]
SQL: SHOW COLUMNS FROM `hm_member` [ RunTime:0.0030s ]
SQL: SELECT COUNT(*) AS tp_count FROM `hm_member` WHERE `member_state` = 0 LIMIT 1   [ RunTime:0.0010s ]
SQL: SELECT * FROM `hm_member` WHERE `member_state` = 0 ORDER BY member_id ASC LIMIT 0,5   [ RunTime:0.0000s ]
INFO: [ view_parse ] --START--
INFO: [ template_filter ] --START--
INFO: Run Behavior\ContentReplaceBehavior [ RunTime:0.000000s ]
INFO: [ template_filter ] --END-- [ RunTime:0.000000s ]
INFO: Run Behavior\ParseTemplateBehavior [ RunTime:0.022000s ]
INFO: [ view_parse ] --END-- [ RunTime:0.023000s ]
INFO: [ view_filter ] --START--
INFO: Run Behavior\WriteHtmlCacheBehavior [ RunTime:0.000000s ]
INFO: [ view_filter ] --END-- [ RunTime:0.000000s ]
INFO: [ app_end ] --START--
INFO: Run Behavior\ShowPageTraceBehavior [ RunTime:0.001000s ]
INFO: [ app_end ] --END-- [ RunTime:0.001000s ]

[ 2015-11-03T09:36:57+08:00 ] ::1 /hmall/index.php/Admin/member/add.html?_=1446514617450
INFO: [ app_init ] --START--
INFO: Run Behavior\BuildLiteBehavior [ RunTime:0.000000s ]
INFO: [ app_init ] --END-- [ RunTime:0.000000s ]
INFO: [ app_begin ] --START--
INFO: Run Behavior\ReadHtmlCacheBehavior [ RunTime:0.001000s ]
INFO: [ app_begin ] --END-- [ RunTime:0.001000s ]
SQL: SHOW COLUMNS FROM `hm_member` [ RunTime:0.0030s ]
INFO: [ view_parse ] --START--
INFO: [ template_filter ] --START--
INFO: Run Behavior\ContentReplaceBehavior [ RunTime:0.000000s ]
INFO: [ template_filter ] --END-- [ RunTime:0.001000s ]
INFO: Run Behavior\ParseTemplateBehavior [ RunTime:0.010000s ]
INFO: [ view_parse ] --END-- [ RunTime:0.010000s ]
INFO: [ view_filter ] --START--
INFO: Run Behavior\WriteHtmlCacheBehavior [ RunTime:0.000000s ]
INFO: [ view_filter ] --END-- [ RunTime:0.000000s ]
INFO: [ app_end ] --START--
INFO: Run Behavior\ShowPageTraceBehavior [ RunTime:0.000000s ]
INFO: [ app_end ] --END-- [ RunTime:0.001000s ]

[ 2015-11-03T09:37:30+08:00 ] ::1 /hmall/index.php/Admin/index/logout.html
INFO: [ app_init ] --START--
INFO: Run Behavior\BuildLiteBehavior [ RunTime:0.000000s ]
INFO: [ app_init ] --END-- [ RunTime:0.001000s ]
INFO: [ app_begin ] --START--
INFO: Run Behavior\ReadHtmlCacheBehavior [ RunTime:0.001000s ]
INFO: [ app_begin ] --END-- [ RunTime:0.002000s ]
INFO: [ view_parse ] --START--
INFO: [ template_filter ] --START--
INFO: Run Behavior\ContentReplaceBehavior [ RunTime:0.000000s ]
INFO: [ template_filter ] --END-- [ RunTime:0.000000s ]
INFO: Run Behavior\ParseTemplateBehavior [ RunTime:0.010000s ]
INFO: [ view_parse ] --END-- [ RunTime:0.011000s ]
INFO: [ view_filter ] --START--
INFO: Run Behavior\WriteHtmlCacheBehavior [ RunTime:0.000000s ]
INFO: [ view_filter ] --END-- [ RunTime:0.000000s ]
INFO: [ app_end ] --START--
INFO: Run Behavior\ShowPageTraceBehavior [ RunTime:0.001000s ]
INFO: [ app_end ] --END-- [ RunTime:0.001000s ]

[ 2015-11-03T09:37:32+08:00 ] ::1 /hmall/index.php/Admin/index/login.html
INFO: [ app_init ] --START--
INFO: Run Behavior\BuildLiteBehavior [ RunTime:0.000000s ]
INFO: [ app_init ] --END-- [ RunTime:0.001000s ]
INFO: [ app_begin ] --START--
INFO: Run Behavior\ReadHtmlCacheBehavior [ RunTime:0.001000s ]
INFO: [ app_begin ] --END-- [ RunTime:0.002000s ]
INFO: [ view_parse ] --START--
INFO: [ template_filter ] --START--
INFO: Run Behavior\ContentReplaceBehavior [ RunTime:0.000000s ]
INFO: [ template_filter ] --END-- [ RunTime:0.000000s ]
INFO: Run Behavior\ParseTemplateBehavior [ RunTime:0.011000s ]
INFO: [ view_parse ] --END-- [ RunTime:0.013000s ]
INFO: [ view_filter ] --START--
INFO: Run Behavior\WriteHtmlCacheBehavior [ RunTime:0.000000s ]
INFO: [ view_filter ] --END-- [ RunTime:0.001000s ]
INFO: [ app_end ] --START--
INFO: Run Behavior\ShowPageTraceBehavior [ RunTime:0.000000s ]
INFO: [ app_end ] --END-- [ RunTime:0.001000s ]

[ 2015-11-03T09:37:32+08:00 ] ::1 /hmall/index.php/Admin/index/verify.html
INFO: [ app_init ] --START--
INFO: Run Behavior\BuildLiteBehavior [ RunTime:0.000000s ]
INFO: [ app_init ] --END-- [ RunTime:0.001000s ]
INFO: [ app_begin ] --START--
INFO: Run Behavior\ReadHtmlCacheBehavior [ RunTime:0.001000s ]
INFO: [ app_begin ] --END-- [ RunTime:0.001000s ]
INFO: [ app_end ] --START--
INFO: Run Behavior\ShowPageTraceBehavior [ RunTime:0.001000s ]
INFO: [ app_end ] --END-- [ RunTime:0.001000s ]

[ 2015-11-03T09:37:38+08:00 ] ::1 /hmall/index.php/Admin/index/login.html
INFO: [ app_init ] --START--
INFO: Run Behavior\BuildLiteBehavior [ RunTime:0.000000s ]
INFO: [ app_init ] --END-- [ RunTime:0.002000s ]
INFO: [ app_begin ] --START--
INFO: Run Behavior\ReadHtmlCacheBehavior [ RunTime:0.000000s ]
INFO: [ app_begin ] --END-- [ RunTime:0.002000s ]
SQL: SHOW COLUMNS FROM `hm_admin` [ RunTime:0.0040s ]
SQL: SELECT `admin_id`,`admin_name` FROM `hm_admin` WHERE `admin_name` = 'xiaomi' AND `password` = '0192023a7bbd73250516f069df18b500' AND `status` = 1 LIMIT 1   [ RunTime:0.0010s ]
INFO: [ view_parse ] --START--
INFO: [ template_filter ] --START--
INFO: Run Behavior\ContentReplaceBehavior [ RunTime:0.000000s ]
INFO: [ template_filter ] --END-- [ RunTime:0.001000s ]
INFO: Run Behavior\ParseTemplateBehavior [ RunTime:0.010000s ]
INFO: [ view_parse ] --END-- [ RunTime:0.010000s ]
INFO: [ view_filter ] --START--
INFO: Run Behavior\WriteHtmlCacheBehavior [ RunTime:0.001000s ]
INFO: [ view_filter ] --END-- [ RunTime:0.001000s ]
INFO: [ app_end ] --START--
INFO: Run Behavior\ShowPageTraceBehavior [ RunTime:0.001000s ]
INFO: [ app_end ] --END-- [ RunTime:0.001000s ]

[ 2015-11-03T09:37:39+08:00 ] ::1 /hmall/index.php/Admin/admin/index.html
INFO: [ app_init ] --START--
INFO: Run Behavior\BuildLiteBehavior [ RunTime:0.000000s ]
INFO: [ app_init ] --END-- [ RunTime:0.001000s ]
INFO: [ app_begin ] --START--
INFO: Run Behavior\ReadHtmlCacheBehavior [ RunTime:0.001000s ]
INFO: [ app_begin ] --END-- [ RunTime:0.001000s ]
INFO: [ view_parse ] --START--
INFO: [ template_filter ] --START--
INFO: Run Behavior\ContentReplaceBehavior [ RunTime:0.000000s ]
INFO: [ template_filter ] --END-- [ RunTime:0.001000s ]
INFO: Run Behavior\ParseTemplateBehavior [ RunTime:0.031000s ]
INFO: [ view_parse ] --END-- [ RunTime:0.031000s ]
INFO: [ view_filter ] --START--
INFO: Run Behavior\WriteHtmlCacheBehavior [ RunTime:0.000000s ]
INFO: [ view_filter ] --END-- [ RunTime:0.000000s ]
INFO: [ app_end ] --START--
INFO: Run Behavior\ShowPageTraceBehavior [ RunTime:0.001000s ]
INFO: [ app_end ] --END-- [ RunTime:0.001000s ]

[ 2015-11-03T09:37:42+08:00 ] ::1 /hmall/index.php/Admin/store/add.html?_=1446514662169
INFO: [ app_init ] --START--
INFO: Run Behavior\BuildLiteBehavior [ RunTime:0.001000s ]
INFO: [ app_init ] --END-- [ RunTime:0.001000s ]
INFO: [ app_begin ] --START--
INFO: Run Behavior\ReadHtmlCacheBehavior [ RunTime:0.001000s ]
INFO: [ app_begin ] --END-- [ RunTime:0.002000s ]
SQL: SHOW COLUMNS FROM `hm_store` [ RunTime:0.0710s ]
SQL: SHOW COLUMNS FROM `hm_store_grade` [ RunTime:0.0040s ]
SQL: SELECT * FROM `hm_store_grade` ORDER BY sg_sort DESC  [ RunTime:0.0090s ]
INFO: [ view_parse ] --START--
INFO: [ template_filter ] --START--
INFO: Run Behavior\ContentReplaceBehavior [ RunTime:0.000000s ]
INFO: [ template_filter ] --END-- [ RunTime:0.000000s ]
INFO: Run Behavior\ParseTemplateBehavior [ RunTime:0.012000s ]
INFO: [ view_parse ] --END-- [ RunTime:0.012000s ]
INFO: [ view_filter ] --START--
INFO: Run Behavior\WriteHtmlCacheBehavior [ RunTime:0.000000s ]
INFO: [ view_filter ] --END-- [ RunTime:0.000000s ]
INFO: [ app_end ] --START--
INFO: Run Behavior\ShowPageTraceBehavior [ RunTime:0.001000s ]
INFO: [ app_end ] --END-- [ RunTime:0.001000s ]

[ 2015-11-03T09:37:43+08:00 ] ::1 /hmall/index.php/Admin/store/index/s/close.html?_=1446514662996
INFO: [ app_init ] --START--
INFO: Run Behavior\BuildLiteBehavior [ RunTime:0.000000s ]
INFO: [ app_init ] --END-- [ RunTime:0.001000s ]
INFO: [ app_begin ] --START--
INFO: Run Behavior\ReadHtmlCacheBehavior [ RunTime:0.001000s ]
INFO: [ app_begin ] --END-- [ RunTime:0.002000s ]
SQL: SHOW COLUMNS FROM `hm_store` [ RunTime:0.0040s ]
SQL: SELECT COUNT(*) AS tp_count FROM `hm_store` WHERE `store_state` = 0 LIMIT 1   [ RunTime:0.0000s ]
SQL: SELECT * FROM `hm_store` WHERE `store_state` = 0 ORDER BY store_id ASC LIMIT 0,5   [ RunTime:0.0010s ]
INFO: [ view_parse ] --START--
INFO: [ template_filter ] --START--
INFO: Run Behavior\ContentReplaceBehavior [ RunTime:0.000000s ]
INFO: [ template_filter ] --END-- [ RunTime:0.001000s ]
INFO: Run Behavior\ParseTemplateBehavior [ RunTime:0.021000s ]
INFO: [ view_parse ] --END-- [ RunTime:0.022000s ]
INFO: [ view_filter ] --START--
INFO: Run Behavior\WriteHtmlCacheBehavior [ RunTime:0.000000s ]
INFO: [ view_filter ] --END-- [ RunTime:0.000000s ]
INFO: [ app_end ] --START--
INFO: Run Behavior\ShowPageTraceBehavior [ RunTime:0.001000s ]
INFO: [ app_end ] --END-- [ RunTime:0.001000s ]

[ 2015-11-03T09:54:45+08:00 ] ::1 /hmall/index.php/Admin/store/index/s/close.html?_=1446515685860
INFO: [ app_init ] --START--
INFO: Run Behavior\BuildLiteBehavior [ RunTime:0.000000s ]
INFO: [ app_init ] --END-- [ RunTime:0.000000s ]
INFO: [ app_begin ] --START--
INFO: Run Behavior\ReadHtmlCacheBehavior [ RunTime:0.001000s ]
INFO: [ app_begin ] --END-- [ RunTime:0.001000s ]
SQL: SHOW COLUMNS FROM `hm_store` [ RunTime:0.0030s ]
SQL: SELECT COUNT(*) AS tp_count FROM `hm_store` WHERE `store_state` = 0 LIMIT 1   [ RunTime:0.0010s ]
SQL: SELECT * FROM `hm_store` WHERE `store_state` = 0 ORDER BY store_id ASC LIMIT 0,5   [ RunTime:0.0000s ]
INFO: [ view_parse ] --START--
INFO: [ template_filter ] --START--
INFO: Run Behavior\ContentReplaceBehavior [ RunTime:0.000000s ]
INFO: [ template_filter ] --END-- [ RunTime:0.000000s ]
INFO: Run Behavior\ParseTemplateBehavior [ RunTime:0.020000s ]
INFO: [ view_parse ] --END-- [ RunTime:0.020000s ]
INFO: [ view_filter ] --START--
INFO: Run Behavior\WriteHtmlCacheBehavior [ RunTime:0.000000s ]
INFO: [ view_filter ] --END-- [ RunTime:0.000000s ]
INFO: [ app_end ] --START--
INFO: Run Behavior\ShowPageTraceBehavior [ RunTime:0.000000s ]
INFO: [ app_end ] --END-- [ RunTime:0.000000s ]

[ 2015-11-03T09:54:46+08:00 ] ::1 /hmall/index.php/Admin/store/add.html?_=1446515686906
INFO: [ app_init ] --START--
INFO: Run Behavior\BuildLiteBehavior [ RunTime:0.001000s ]
INFO: [ app_init ] --END-- [ RunTime:0.001000s ]
INFO: [ app_begin ] --START--
INFO: Run Behavior\ReadHtmlCacheBehavior [ RunTime:0.001000s ]
INFO: [ app_begin ] --END-- [ RunTime:0.001000s ]
SQL: SHOW COLUMNS FROM `hm_store` [ RunTime:0.0040s ]
SQL: SHOW COLUMNS FROM `hm_store_grade` [ RunTime:0.0030s ]
SQL: SELECT * FROM `hm_store_grade` ORDER BY sg_sort DESC  [ RunTime:0.0010s ]
INFO: [ view_parse ] --START--
INFO: [ template_filter ] --START--
INFO: Run Behavior\ContentReplaceBehavior [ RunTime:0.000000s ]
INFO: [ template_filter ] --END-- [ RunTime:0.000000s ]
INFO: Run Behavior\ParseTemplateBehavior [ RunTime:0.012000s ]
INFO: [ view_parse ] --END-- [ RunTime:0.012000s ]
INFO: [ view_filter ] --START--
INFO: Run Behavior\WriteHtmlCacheBehavior [ RunTime:0.001000s ]
INFO: [ view_filter ] --END-- [ RunTime:0.001000s ]
INFO: [ app_end ] --START--
INFO: Run Behavior\ShowPageTraceBehavior [ RunTime:0.001000s ]
INFO: [ app_end ] --END-- [ RunTime:0.001000s ]

[ 2015-11-03T09:54:47+08:00 ] ::1 /hmall/index.php/Admin/store/index/s/close.html?_=1446515687930
INFO: [ app_init ] --START--
INFO: Run Behavior\BuildLiteBehavior [ RunTime:0.000000s ]
INFO: [ app_init ] --END-- [ RunTime:0.001000s ]
INFO: [ app_begin ] --START--
INFO: Run Behavior\ReadHtmlCacheBehavior [ RunTime:0.001000s ]
INFO: [ app_begin ] --END-- [ RunTime:0.001000s ]
SQL: SHOW COLUMNS FROM `hm_store` [ RunTime:0.0030s ]
SQL: SELECT COUNT(*) AS tp_count FROM `hm_store` WHERE `store_state` = 0 LIMIT 1   [ RunTime:0.0000s ]
SQL: SELECT * FROM `hm_store` WHERE `store_state` = 0 ORDER BY store_id ASC LIMIT 0,5   [ RunTime:0.0000s ]
INFO: [ view_parse ] --START--
INFO: [ template_filter ] --START--
INFO: Run Behavior\ContentReplaceBehavior [ RunTime:0.000000s ]
INFO: [ template_filter ] --END-- [ RunTime:0.000000s ]
INFO: Run Behavior\ParseTemplateBehavior [ RunTime:0.025000s ]
INFO: [ view_parse ] --END-- [ RunTime:0.025000s ]
INFO: [ view_filter ] --START--
INFO: Run Behavior\WriteHtmlCacheBehavior [ RunTime:0.000000s ]
INFO: [ view_filter ] --END-- [ RunTime:0.001000s ]
INFO: [ app_end ] --START--
INFO: Run Behavior\ShowPageTraceBehavior [ RunTime:0.001000s ]
INFO: [ app_end ] --END-- [ RunTime:0.001000s ]

[ 2015-11-03T09:54:48+08:00 ] ::1 /hmall/index.php/Admin/store/index.html?_=1446515688383
INFO: [ app_init ] --START--
INFO: Run Behavior\BuildLiteBehavior [ RunTime:0.000000s ]
INFO: [ app_init ] --END-- [ RunTime:0.000000s ]
INFO: [ app_begin ] --START--
INFO: Run Behavior\ReadHtmlCacheBehavior [ RunTime:0.001000s ]
INFO: [ app_begin ] --END-- [ RunTime:0.001000s ]
SQL: SHOW COLUMNS FROM `hm_store` [ RunTime:0.0040s ]
NOTIC: [8] Undefined variable: condition F:\wamp\www\hmall\Application\Admin\Controller\StoreController.class.php 第 16 行.
SQL: SELECT COUNT(*) AS tp_count FROM `hm_store` LIMIT 1   [ RunTime:0.0000s ]
NOTIC: [8] Undefined variable: condition F:\wamp\www\hmall\Application\Admin\Controller\StoreController.class.php 第 22 行.
SQL: SELECT * FROM `hm_store` ORDER BY store_id ASC LIMIT 0,5   [ RunTime:0.0000s ]
INFO: [ view_parse ] --START--
INFO: [ template_filter ] --START--
INFO: Run Behavior\ContentReplaceBehavior [ RunTime:0.000000s ]
INFO: [ template_filter ] --END-- [ RunTime:0.000000s ]
INFO: Run Behavior\ParseTemplateBehavior [ RunTime:0.024000s ]
INFO: [ view_parse ] --END-- [ RunTime:0.024000s ]
INFO: [ view_filter ] --START--
INFO: Run Behavior\WriteHtmlCacheBehavior [ RunTime:0.000000s ]
INFO: [ view_filter ] --END-- [ RunTime:0.001000s ]
INFO: [ app_end ] --START--
INFO: Run Behavior\ShowPageTraceBehavior [ RunTime:0.000000s ]
INFO: [ app_end ] --END-- [ RunTime:0.000000s ]

[ 2015-11-03T11:05:46+08:00 ] ::1 /hmall/index.php/Admin/goods_class/index.html?_=1446519946255
INFO: [ app_init ] --START--
INFO: Run Behavior\BuildLiteBehavior [ RunTime:0.001000s ]
INFO: [ app_init ] --END-- [ RunTime:0.005000s ]
INFO: [ app_begin ] --START--
INFO: Run Behavior\ReadHtmlCacheBehavior [ RunTime:0.001000s ]
INFO: [ app_begin ] --END-- [ RunTime:0.001000s ]

[ 2015-11-03T11:05:47+08:00 ] ::1 /hmall/index.php/Admin/index/login.html
INFO: [ app_init ] --START--
INFO: Run Behavior\BuildLiteBehavior [ RunTime:0.000000s ]
INFO: [ app_init ] --END-- [ RunTime:0.001000s ]
INFO: [ app_begin ] --START--
INFO: Run Behavior\ReadHtmlCacheBehavior [ RunTime:0.001000s ]
INFO: [ app_begin ] --END-- [ RunTime:0.001000s ]
INFO: [ view_parse ] --START--
INFO: [ template_filter ] --START--
INFO: Run Behavior\ContentReplaceBehavior [ RunTime:0.000000s ]
INFO: [ template_filter ] --END-- [ RunTime:0.000000s ]
INFO: Run Behavior\ParseTemplateBehavior [ RunTime:0.011000s ]
INFO: [ view_parse ] --END-- [ RunTime:0.011000s ]
INFO: [ view_filter ] --START--
INFO: Run Behavior\WriteHtmlCacheBehavior [ RunTime:0.001000s ]
INFO: [ view_filter ] --END-- [ RunTime:0.001000s ]
INFO: [ app_end ] --START--
INFO: Run Behavior\ShowPageTraceBehavior [ RunTime:0.001000s ]
INFO: [ app_end ] --END-- [ RunTime:0.001000s ]

[ 2015-11-03T11:05:47+08:00 ] ::1 /hmall/index.php/Admin/index/verify.html
INFO: [ app_init ] --START--
INFO: Run Behavior\BuildLiteBehavior [ RunTime:0.000000s ]
INFO: [ app_init ] --END-- [ RunTime:0.001000s ]
INFO: [ app_begin ] --START--
INFO: Run Behavior\ReadHtmlCacheBehavior [ RunTime:0.001000s ]
INFO: [ app_begin ] --END-- [ RunTime:0.001000s ]
INFO: [ app_end ] --START--
INFO: Run Behavior\ShowPageTraceBehavior [ RunTime:0.001000s ]
INFO: [ app_end ] --END-- [ RunTime:0.001000s ]

[ 2015-11-03T11:05:51+08:00 ] ::1 /hmall/index.php/Admin/index/login.html
INFO: [ app_init ] --START--
INFO: Run Behavior\BuildLiteBehavior [ RunTime:0.000000s ]
INFO: [ app_init ] --END-- [ RunTime:0.000000s ]
INFO: [ app_begin ] --START--
INFO: Run Behavior\ReadHtmlCacheBehavior [ RunTime:0.001000s ]
INFO: [ app_begin ] --END-- [ RunTime:0.001000s ]
SQL: SHOW COLUMNS FROM `hm_admin` [ RunTime:0.0040s ]
SQL: SELECT `admin_id`,`admin_name` FROM `hm_admin` WHERE `admin_name` = 'xiaomi' AND `password` = '0192023a7bbd73250516f069df18b500' AND `status` = 1 LIMIT 1   [ RunTime:0.0000s ]
INFO: [ view_parse ] --START--
INFO: [ template_filter ] --START--
INFO: Run Behavior\ContentReplaceBehavior [ RunTime:0.000000s ]
INFO: [ template_filter ] --END-- [ RunTime:0.000000s ]
INFO: Run Behavior\ParseTemplateBehavior [ RunTime:0.010000s ]
INFO: [ view_parse ] --END-- [ RunTime:0.010000s ]
INFO: [ view_filter ] --START--
INFO: Run Behavior\WriteHtmlCacheBehavior [ RunTime:0.000000s ]
INFO: [ view_filter ] --END-- [ RunTime:0.001000s ]
INFO: [ app_end ] --START--
INFO: Run Behavior\ShowPageTraceBehavior [ RunTime:0.000000s ]
INFO: [ app_end ] --END-- [ RunTime:0.001000s ]

[ 2015-11-03T11:05:52+08:00 ] ::1 /hmall/index.php/Admin/admin/index.html
INFO: [ app_init ] --START--
INFO: Run Behavior\BuildLiteBehavior [ RunTime:0.000000s ]
INFO: [ app_init ] --END-- [ RunTime:0.001000s ]
INFO: [ app_begin ] --START--
INFO: Run Behavior\ReadHtmlCacheBehavior [ RunTime:0.002000s ]
INFO: [ app_begin ] --END-- [ RunTime:0.002000s ]
INFO: [ view_parse ] --START--
INFO: [ template_filter ] --START--
INFO: Run Behavior\ContentReplaceBehavior [ RunTime:0.000000s ]
INFO: [ template_filter ] --END-- [ RunTime:0.000000s ]
INFO: Run Behavior\ParseTemplateBehavior [ RunTime:0.033000s ]
INFO: [ view_parse ] --END-- [ RunTime:0.034000s ]
INFO: [ view_filter ] --START--
INFO: Run Behavior\WriteHtmlCacheBehavior [ RunTime:0.001000s ]
INFO: [ view_filter ] --END-- [ RunTime:0.001000s ]
INFO: [ app_end ] --START--
INFO: Run Behavior\ShowPageTraceBehavior [ RunTime:0.001000s ]
INFO: [ app_end ] --END-- [ RunTime:0.003000s ]

[ 2015-11-03T11:05:58+08:00 ] ::1 /hmall/index.php/Admin/goods_class/index.html?_=1446519958106
INFO: [ app_init ] --START--
INFO: Run Behavior\BuildLiteBehavior [ RunTime:0.000000s ]
INFO: [ app_init ] --END-- [ RunTime:0.004000s ]
INFO: [ app_begin ] --START--
INFO: Run Behavior\ReadHtmlCacheBehavior [ RunTime:0.000000s ]
INFO: [ app_begin ] --END-- [ RunTime:0.001000s ]
SQL: SHOW COLUMNS FROM `hm_goods_class` [ RunTime:0.0030s ]
SQL: SELECT * FROM `hm_goods_class` ORDER BY gc_id ASC  [ RunTime:0.0010s ]
INFO: [ view_parse ] --START--
INFO: [ template_filter ] --START--
INFO: Run Behavior\ContentReplaceBehavior [ RunTime:0.000000s ]
INFO: [ template_filter ] --END-- [ RunTime:0.000000s ]
NOTIC: [8] Undefined variable: pagination F:\wamp\www\hmall\Application\Runtime\Cache\Admin\b01ffff825413c771ace94e6894132ba.php 第 5 行.
INFO: Run Behavior\ParseTemplateBehavior [ RunTime:0.023000s ]
INFO: [ view_parse ] --END-- [ RunTime:0.023000s ]
INFO: [ view_filter ] --START--
INFO: Run Behavior\WriteHtmlCacheBehavior [ RunTime:0.000000s ]
INFO: [ view_filter ] --END-- [ RunTime:0.001000s ]
INFO: [ app_end ] --START--
INFO: Run Behavior\ShowPageTraceBehavior [ RunTime:0.001000s ]
INFO: [ app_end ] --END-- [ RunTime:0.001000s ]

[ 2015-11-03T16:15:00+08:00 ] ::1 /hmall/admin
INFO: [ app_init ] --START--
INFO: Run Behavior\BuildLiteBehavior [ RunTime:0.000000s ]
INFO: [ app_init ] --END-- [ RunTime:0.002000s ]
INFO: [ app_begin ] --START--
INFO: Run Behavior\ReadHtmlCacheBehavior [ RunTime:0.001000s ]
INFO: [ app_begin ] --END-- [ RunTime:0.002000s ]

[ 2015-11-03T16:15:00+08:00 ] ::1 /hmall/index.php/Admin/index/login.html
INFO: [ app_init ] --START--
INFO: Run Behavior\BuildLiteBehavior [ RunTime:0.000000s ]
INFO: [ app_init ] --END-- [ RunTime:0.000000s ]
INFO: [ app_begin ] --START--
INFO: Run Behavior\ReadHtmlCacheBehavior [ RunTime:0.001000s ]
INFO: [ app_begin ] --END-- [ RunTime:0.001000s ]
INFO: [ view_parse ] --START--
INFO: [ template_filter ] --START--
INFO: Run Behavior\ContentReplaceBehavior [ RunTime:0.000000s ]
INFO: [ template_filter ] --END-- [ RunTime:0.001000s ]
INFO: Run Behavior\ParseTemplateBehavior [ RunTime:0.132000s ]
INFO: [ view_parse ] --END-- [ RunTime:0.133000s ]
INFO: [ view_filter ] --START--
INFO: Run Behavior\WriteHtmlCacheBehavior [ RunTime:0.002000s ]
INFO: [ view_filter ] --END-- [ RunTime:0.002000s ]

[ 2015-11-03T16:15:04+08:00 ] ::1 /hmall/index.php/Admin/index/login.html
INFO: [ app_init ] --START--
INFO: Run Behavior\BuildLiteBehavior [ RunTime:0.000000s ]
INFO: [ app_init ] --END-- [ RunTime:0.001000s ]
INFO: [ app_begin ] --START--
INFO: Run Behavior\ReadHtmlCacheBehavior [ RunTime:0.001000s ]
INFO: [ app_begin ] --END-- [ RunTime:0.001000s ]
INFO: [ view_parse ] --START--
INFO: [ template_filter ] --START--
INFO: Run Behavior\ContentReplaceBehavior [ RunTime:0.001000s ]
INFO: [ template_filter ] --END-- [ RunTime:0.001000s ]
INFO: Run Behavior\ParseTemplateBehavior [ RunTime:0.021000s ]
INFO: [ view_parse ] --END-- [ RunTime:0.022000s ]
INFO: [ view_filter ] --START--
INFO: Run Behavior\WriteHtmlCacheBehavior [ RunTime:0.000000s ]
INFO: [ view_filter ] --END-- [ RunTime:0.000000s ]
INFO: [ app_end ] --START--
INFO: Run Behavior\ShowPageTraceBehavior [ RunTime:0.007000s ]
INFO: [ app_end ] --END-- [ RunTime:0.008000s ]

[ 2015-11-03T16:15:04+08:00 ] ::1 /hmall/index.php/Admin/index/verify.html
INFO: [ app_init ] --START--
INFO: Run Behavior\BuildLiteBehavior [ RunTime:0.000000s ]
INFO: [ app_init ] --END-- [ RunTime:0.001000s ]
INFO: [ app_begin ] --START--
INFO: Run Behavior\ReadHtmlCacheBehavior [ RunTime:0.001000s ]
INFO: [ app_begin ] --END-- [ RunTime:0.001000s ]
INFO: [ app_end ] --START--
INFO: Run Behavior\ShowPageTraceBehavior [ RunTime:0.003000s ]
INFO: [ app_end ] --END-- [ RunTime:0.003000s ]

[ 2015-11-03T16:15:09+08:00 ] ::1 /hmall/index.php/Admin/index/login.html
INFO: [ app_init ] --START--
INFO: Run Behavior\BuildLiteBehavior [ RunTime:0.000000s ]
INFO: [ app_init ] --END-- [ RunTime:0.001000s ]
INFO: [ app_begin ] --START--
INFO: Run Behavior\ReadHtmlCacheBehavior [ RunTime:0.002000s ]
INFO: [ app_begin ] --END-- [ RunTime:0.003000s ]
SQL: SHOW COLUMNS FROM `hm_admin` [ RunTime:0.0060s ]
SQL: SELECT `admin_id`,`admin_name` FROM `hm_admin` WHERE `admin_name` = 'xiaomi' AND `password` = '0192023a7bbd73250516f069df18b500' AND `status` = 1 LIMIT 1   [ RunTime:0.0130s ]
INFO: [ view_parse ] --START--
INFO: [ template_filter ] --START--
INFO: Run Behavior\ContentReplaceBehavior [ RunTime:0.001000s ]
INFO: [ template_filter ] --END-- [ RunTime:0.001000s ]
INFO: Run Behavior\ParseTemplateBehavior [ RunTime:0.007000s ]
INFO: [ view_parse ] --END-- [ RunTime:0.008000s ]
INFO: [ view_filter ] --START--
INFO: Run Behavior\WriteHtmlCacheBehavior [ RunTime:0.000000s ]
INFO: [ view_filter ] --END-- [ RunTime:0.000000s ]
INFO: [ app_end ] --START--
INFO: Run Behavior\ShowPageTraceBehavior [ RunTime:0.001000s ]
INFO: [ app_end ] --END-- [ RunTime:0.001000s ]

[ 2015-11-03T16:15:10+08:00 ] ::1 /hmall/index.php/Admin/admin/index.html
INFO: [ app_init ] --START--
INFO: Run Behavior\BuildLiteBehavior [ RunTime:0.001000s ]
INFO: [ app_init ] --END-- [ RunTime:0.001000s ]
INFO: [ app_begin ] --START--
INFO: Run Behavior\ReadHtmlCacheBehavior [ RunTime:0.001000s ]
INFO: [ app_begin ] --END-- [ RunTime:0.001000s ]
INFO: [ view_parse ] --START--
INFO: [ template_filter ] --START--
INFO: Run Behavior\ContentReplaceBehavior [ RunTime:0.001000s ]
INFO: [ template_filter ] --END-- [ RunTime:0.001000s ]
INFO: Run Behavior\ParseTemplateBehavior [ RunTime:0.495000s ]
INFO: [ view_parse ] --END-- [ RunTime:0.495000s ]
INFO: [ view_filter ] --START--
INFO: Run Behavior\WriteHtmlCacheBehavior [ RunTime:0.001000s ]
INFO: [ view_filter ] --END-- [ RunTime:0.001000s ]
INFO: [ app_end ] --START--
INFO: Run Behavior\ShowPageTraceBehavior [ RunTime:0.007000s ]
INFO: [ app_end ] --END-- [ RunTime:0.007000s ]

[ 2015-11-03T16:15:31+08:00 ] ::1 /hmall/index.php/Admin/goods_spec/add.html?_=1446538531449
INFO: [ app_init ] --START--
INFO: Run Behavior\BuildLiteBehavior [ RunTime:0.000000s ]
INFO: [ app_init ] --END-- [ RunTime:0.001000s ]
INFO: [ app_begin ] --START--
INFO: Run Behavior\ReadHtmlCacheBehavior [ RunTime:0.001000s ]
INFO: [ app_begin ] --END-- [ RunTime:0.002000s ]
SQL: SHOW COLUMNS FROM `hm_goods_spec` [ RunTime:0.0170s ]
INFO: [ view_parse ] --START--
INFO: [ template_filter ] --START--
INFO: Run Behavior\ContentReplaceBehavior [ RunTime:0.000000s ]
INFO: [ template_filter ] --END-- [ RunTime:0.000000s ]
INFO: Run Behavior\ParseTemplateBehavior [ RunTime:0.051000s ]
INFO: [ view_parse ] --END-- [ RunTime:0.051000s ]
INFO: [ view_filter ] --START--
INFO: Run Behavior\WriteHtmlCacheBehavior [ RunTime:0.001000s ]
INFO: [ view_filter ] --END-- [ RunTime:0.001000s ]
INFO: [ app_end ] --START--
INFO: Run Behavior\ShowPageTraceBehavior [ RunTime:0.001000s ]
INFO: [ app_end ] --END-- [ RunTime:0.001000s ]

[ 2015-11-03T16:15:34+08:00 ] ::1 /hmall/index.php/Admin/goods/index.html?_=1446538534553
INFO: [ app_init ] --START--
INFO: Run Behavior\BuildLiteBehavior [ RunTime:0.000000s ]
INFO: [ app_init ] --END-- [ RunTime:0.001000s ]
INFO: [ app_begin ] --START--
INFO: Run Behavior\ReadHtmlCacheBehavior [ RunTime:0.001000s ]
INFO: [ app_begin ] --END-- [ RunTime:0.001000s ]
SQL: SHOW COLUMNS FROM `hm_goods` [ RunTime:0.0280s ]
SQL: SELECT COUNT(*) AS tp_count FROM `hm_goods` LIMIT 1   [ RunTime:0.0000s ]
SQL: SELECT * FROM `hm_goods` ORDER BY goods_id ASC LIMIT 0,5   [ RunTime:0.0010s ]
INFO: [ view_parse ] --START--
INFO: [ template_filter ] --START--
INFO: Run Behavior\ContentReplaceBehavior [ RunTime:0.001000s ]
INFO: [ template_filter ] --END-- [ RunTime:0.001000s ]
NOTIC: [8] Undefined index: gc_name F:\wamp\www\hmall\Application\Runtime\Cache\Admin\be76b01b172771da708e23523e315e7c.php 第 70 行.
NOTIC: [8] Undefined index: gc_name F:\wamp\www\hmall\Application\Runtime\Cache\Admin\be76b01b172771da708e23523e315e7c.php 第 70 行.
NOTIC: [8] Undefined index: gc_name F:\wamp\www\hmall\Application\Runtime\Cache\Admin\be76b01b172771da708e23523e315e7c.php 第 70 行.
NOTIC: [8] Undefined index: gc_name F:\wamp\www\hmall\Application\Runtime\Cache\Admin\be76b01b172771da708e23523e315e7c.php 第 70 行.
INFO: Run Behavior\ParseTemplateBehavior [ RunTime:0.042000s ]
INFO: [ view_parse ] --END-- [ RunTime:0.042000s ]
INFO: [ view_filter ] --START--
INFO: Run Behavior\WriteHtmlCacheBehavior [ RunTime:0.000000s ]
INFO: [ view_filter ] --END-- [ RunTime:0.001000s ]
INFO: [ app_end ] --START--
INFO: Run Behavior\ShowPageTraceBehavior [ RunTime:0.001000s ]
INFO: [ app_end ] --END-- [ RunTime:0.001000s ]

[ 2015-11-03T16:15:39+08:00 ] ::1 /hmall/index.php/Admin/goods/edit/uid/19.html?_=1446538539419
INFO: [ app_init ] --START--
INFO: Run Behavior\BuildLiteBehavior [ RunTime:0.000000s ]
INFO: [ app_init ] --END-- [ RunTime:0.001000s ]
INFO: [ app_begin ] --START--
INFO: Run Behavior\ReadHtmlCacheBehavior [ RunTime:0.001000s ]
INFO: [ app_begin ] --END-- [ RunTime:0.001000s ]
SQL: SHOW COLUMNS FROM `hm_goods` [ RunTime:0.0030s ]
SQL: SELECT * FROM `hm_goods` WHERE `goods_id` = 19 LIMIT 1   [ RunTime:0.0020s ]
SQL: SHOW COLUMNS FROM `hm_attachment` [ RunTime:0.0210s ]
SQL: SELECT * FROM `hm_attachment` WHERE `related_id` = 19  [ RunTime:0.0010s ]
SQL: SHOW COLUMNS FROM `hm_goods_attr_value` [ RunTime:0.0090s ]
SQL: SELECT * FROM `hm_goods_attr_value` WHERE `goods_id` = 19  [ RunTime:0.0000s ]
SQL: SHOW COLUMNS FROM `hm_goods_spec_value` [ RunTime:0.0130s ]
SQL: SELECT * FROM `hm_goods_spec_value` WHERE `goods_id` = 19  [ RunTime:0.0010s ]
SQL: SHOW COLUMNS FROM `hm_goods_class` [ RunTime:0.0050s ]
SQL: SELECT `type_id` FROM `hm_goods_class` WHERE `gc_id` = 1 LIMIT 1   [ RunTime:0.0010s ]
SQL: SHOW COLUMNS FROM `hm_goods_type` [ RunTime:0.0200s ]
SQL: SELECT * FROM `hm_goods_type` WHERE `type_id` = 1 LIMIT 1   [ RunTime:0.0010s ]
SQL: SHOW COLUMNS FROM `hm_goods_attr` [ RunTime:0.0220s ]
SQL: SELECT * FROM `hm_goods_attr` WHERE `attr_id` IN ('2','5')  [ RunTime:0.0610s ]
SQL: SHOW COLUMNS FROM `hm_goods_spec` [ RunTime:0.0030s ]
SQL: SELECT * FROM `hm_goods_spec` WHERE `spec_id` IN ('1','6','7')  [ RunTime:0.0270s ]
SQL: SHOW COLUMNS FROM `hm_goods_brand` [ RunTime:0.0050s ]
SQL: SELECT * FROM `hm_goods_brand` WHERE `brand_id` IN ('4','5','6')  [ RunTime:0.0000s ]
INFO: [ view_parse ] --START--
INFO: [ template_filter ] --START--
INFO: Run Behavior\ContentReplaceBehavior [ RunTime:0.000000s ]
INFO: [ template_filter ] --END-- [ RunTime:0.000000s ]
INFO: Run Behavior\ParseTemplateBehavior [ RunTime:0.054000s ]
INFO: [ view_parse ] --END-- [ RunTime:0.054000s ]
INFO: [ view_filter ] --START--
INFO: Run Behavior\WriteHtmlCacheBehavior [ RunTime:0.000000s ]
INFO: [ view_filter ] --END-- [ RunTime:0.000000s ]
INFO: [ app_end ] --START--
INFO: Run Behavior\ShowPageTraceBehavior [ RunTime:0.001000s ]
INFO: [ app_end ] --END-- [ RunTime:0.001000s ]

[ 2015-11-03T16:15:40+08:00 ] ::1 /hmall/index.php/Admin/admin/
INFO: [ app_init ] --START--
INFO: Run Behavior\BuildLiteBehavior [ RunTime:0.000000s ]
INFO: [ app_init ] --END-- [ RunTime:0.000000s ]
INFO: [ app_begin ] --START--
INFO: Run Behavior\ReadHtmlCacheBehavior [ RunTime:0.001000s ]
INFO: [ app_begin ] --END-- [ RunTime:0.001000s ]
INFO: [ view_parse ] --START--
INFO: [ template_filter ] --START--
INFO: Run Behavior\ContentReplaceBehavior [ RunTime:0.000000s ]
INFO: [ template_filter ] --END-- [ RunTime:0.000000s ]
INFO: Run Behavior\ParseTemplateBehavior [ RunTime:0.032000s ]
INFO: [ view_parse ] --END-- [ RunTime:0.032000s ]
INFO: [ view_filter ] --START--
INFO: Run Behavior\WriteHtmlCacheBehavior [ RunTime:0.000000s ]
INFO: [ view_filter ] --END-- [ RunTime:0.001000s ]
INFO: [ app_end ] --START--
INFO: Run Behavior\ShowPageTraceBehavior [ RunTime:0.001000s ]
INFO: [ app_end ] --END-- [ RunTime:0.001000s ]

[ 2015-11-03T16:15:48+08:00 ] ::1 /hmall/index.php/Admin/goods/upload.html
INFO: [ app_init ] --START--
INFO: Run Behavior\BuildLiteBehavior [ RunTime:0.000000s ]
INFO: [ app_init ] --END-- [ RunTime:0.001000s ]
INFO: [ app_begin ] --START--
INFO: Run Behavior\ReadHtmlCacheBehavior [ RunTime:0.000000s ]
INFO: [ app_begin ] --END-- [ RunTime:0.001000s ]
NOTIC: [2] call_user_func() expects parameter 1 to be a valid callback, no array or string given F:\wamp\www\hmall\ThinkPHP\Library\Think\Upload.class.php 第 170 行.
INFO: [ app_end ] --START--
INFO: Run Behavior\ShowPageTraceBehavior [ RunTime:0.003000s ]
INFO: [ app_end ] --END-- [ RunTime:0.003000s ]

[ 2015-11-03T16:15:51+08:00 ] ::1 /hmall/index.php/Admin/goods/upload.html
INFO: [ app_init ] --START--
INFO: Run Behavior\BuildLiteBehavior [ RunTime:0.000000s ]
INFO: [ app_init ] --END-- [ RunTime:0.000000s ]
INFO: [ app_begin ] --START--
INFO: Run Behavior\ReadHtmlCacheBehavior [ RunTime:0.001000s ]
INFO: [ app_begin ] --END-- [ RunTime:0.002000s ]
NOTIC: [2] call_user_func() expects parameter 1 to be a valid callback, no array or string given F:\wamp\www\hmall\ThinkPHP\Library\Think\Upload.class.php 第 170 行.
INFO: [ app_end ] --START--
INFO: Run Behavior\ShowPageTraceBehavior [ RunTime:0.002000s ]
INFO: [ app_end ] --END-- [ RunTime:0.002000s ]

[ 2015-11-03T16:15:55+08:00 ] ::1 /hmall/index.php/Admin/goods/edit/uid/19.html
INFO: [ app_init ] --START--
INFO: Run Behavior\BuildLiteBehavior [ RunTime:0.000000s ]
INFO: [ app_init ] --END-- [ RunTime:0.001000s ]
INFO: [ app_begin ] --START--
INFO: Run Behavior\ReadHtmlCacheBehavior [ RunTime:0.001000s ]
INFO: [ app_begin ] --END-- [ RunTime:0.002000s ]
SQL: SHOW COLUMNS FROM `hm_goods` [ RunTime:0.0030s ]
SQL: SELECT COUNT(*) AS tp_count FROM `hm_goods` WHERE `goods_id` <> '19' AND `goods_name` = '儿童服装' LIMIT 1   [ RunTime:0.0650s ]
SQL: UPDATE `hm_goods` SET `gc_id`='1',`goods_name`='儿童服装',`goods_num`='36000004',`goods_price`='54.00',`goods_storage`='20',`goods_show`='0',`goods_recommend`='0',`goods_max_price`='55.00',`goods_min_price`='54.00',`goods_image`='2015-11-03/56386d34a8368.jpg',`spec_open`='1',`attr_open`='1' WHERE `goods_id` = 19 [ RunTime:0.0180s ]
SQL: SHOW COLUMNS FROM `hm_attachment` [ RunTime:0.0030s ]
SQL: DELETE FROM `hm_attachment` WHERE `related_id` = 19 [ RunTime:0.0040s ]
SQL: SELECT * FROM `hm_attachment` WHERE `atta_name` = '2015-11-03/56386d34a8368.jpg' LIMIT 1   [ RunTime:0.0010s ]
SQL: INSERT INTO `hm_attachment` (`related_id`,`atta_name`,`atta_type`,`add_time`) VALUES ('19','2015-11-03/56386d34a8368.jpg','goods','1446538554') [ RunTime:0.0010s ]
SQL: SELECT * FROM `hm_attachment` WHERE `atta_name` = '2015-11-03/56386d37eb5a0.jpg' LIMIT 1   [ RunTime:0.0000s ]
SQL: INSERT INTO `hm_attachment` (`related_id`,`atta_name`,`atta_type`,`add_time`) VALUES ('19','2015-11-03/56386d37eb5a0.jpg','goods','1446538554') [ RunTime:0.0010s ]
SQL: SHOW COLUMNS FROM `hm_goods_spec_value` [ RunTime:0.0030s ]
SQL: DELETE FROM `hm_goods_spec_value` WHERE `goods_id` = 19 [ RunTime:0.0000s ]
SQL: INSERT INTO `hm_goods_spec_value` (`goods_id`,`spec_goods_seri`,`spec_goods_price`,`spec_goods_storage`) VALUES ('19','a:2:{i:0;s:38:\"{implode($svalue[\'spec_goods_seri\'], \'\";i:1;s:3:\"\')}\";}','54.00','10') [ RunTime:0.0020s ]
SQL: INSERT INTO `hm_goods_spec_value` (`goods_id`,`spec_goods_seri`,`spec_goods_price`,`spec_goods_storage`) VALUES ('19','a:2:{i:0;s:38:\"{implode($svalue[\'spec_goods_seri\'], \'\";i:1;s:3:\"\')}\";}','55.00','10') [ RunTime:0.0000s ]
SQL: SHOW COLUMNS FROM `hm_goods_attr_value` [ RunTime:0.0040s ]
SQL: DELETE FROM `hm_goods_attr_value` WHERE `goods_id` = 19 [ RunTime:0.0000s ]
SQL: INSERT INTO `hm_goods_attr_value` (`goods_id`,`attr_id`,`attr_value`) VALUES ('19','2','1') [ RunTime:0.0020s ]
SQL: INSERT INTO `hm_goods_attr_value` (`goods_id`,`attr_id`,`attr_value`) VALUES ('19','5','0') [ RunTime:0.0000s ]

[ 2015-11-03T16:15:58+08:00 ] ::1 /hmall/index.php/Admin/goods/index.html?_=1446538558614
INFO: [ app_init ] --START--
INFO: Run Behavior\BuildLiteBehavior [ RunTime:0.000000s ]
INFO: [ app_init ] --END-- [ RunTime:0.001000s ]
INFO: [ app_begin ] --START--
INFO: Run Behavior\ReadHtmlCacheBehavior [ RunTime:0.001000s ]
INFO: [ app_begin ] --END-- [ RunTime:0.002000s ]
SQL: SHOW COLUMNS FROM `hm_goods` [ RunTime:0.0030s ]
SQL: SELECT COUNT(*) AS tp_count FROM `hm_goods` LIMIT 1   [ RunTime:0.0010s ]
SQL: SELECT * FROM `hm_goods` ORDER BY goods_id ASC LIMIT 0,5   [ RunTime:0.0010s ]
INFO: [ view_parse ] --START--
INFO: [ template_filter ] --START--
INFO: Run Behavior\ContentReplaceBehavior [ RunTime:0.000000s ]
INFO: [ template_filter ] --END-- [ RunTime:0.000000s ]
NOTIC: [8] Undefined index: gc_name F:\wamp\www\hmall\Application\Runtime\Cache\Admin\be76b01b172771da708e23523e315e7c.php 第 70 行.
NOTIC: [8] Undefined index: gc_name F:\wamp\www\hmall\Application\Runtime\Cache\Admin\be76b01b172771da708e23523e315e7c.php 第 70 行.
NOTIC: [8] Undefined index: gc_name F:\wamp\www\hmall\Application\Runtime\Cache\Admin\be76b01b172771da708e23523e315e7c.php 第 70 行.
NOTIC: [8] Undefined index: gc_name F:\wamp\www\hmall\Application\Runtime\Cache\Admin\be76b01b172771da708e23523e315e7c.php 第 70 行.
INFO: Run Behavior\ParseTemplateBehavior [ RunTime:0.032000s ]
INFO: [ view_parse ] --END-- [ RunTime:0.032000s ]
INFO: [ view_filter ] --START--
INFO: Run Behavior\WriteHtmlCacheBehavior [ RunTime:0.001000s ]
INFO: [ view_filter ] --END-- [ RunTime:0.001000s ]
INFO: [ app_end ] --START--
INFO: Run Behavior\ShowPageTraceBehavior [ RunTime:0.001000s ]
INFO: [ app_end ] --END-- [ RunTime:0.001000s ]

[ 2015-11-03T16:16:01+08:00 ] ::1 /hmall/index.php/Admin/goods/edit/uid/18.html?_=1446538561588
INFO: [ app_init ] --START--
INFO: Run Behavior\BuildLiteBehavior [ RunTime:0.000000s ]
INFO: [ app_init ] --END-- [ RunTime:0.001000s ]
INFO: [ app_begin ] --START--
INFO: Run Behavior\ReadHtmlCacheBehavior [ RunTime:0.003000s ]
INFO: [ app_begin ] --END-- [ RunTime:0.004000s ]
SQL: SHOW COLUMNS FROM `hm_goods` [ RunTime:0.0030s ]
SQL: SELECT * FROM `hm_goods` WHERE `goods_id` = 18 LIMIT 1   [ RunTime:0.0010s ]
SQL: SHOW COLUMNS FROM `hm_attachment` [ RunTime:0.0030s ]
SQL: SELECT * FROM `hm_attachment` WHERE `related_id` = 18  [ RunTime:0.0010s ]
SQL: SHOW COLUMNS FROM `hm_goods_attr_value` [ RunTime:0.0030s ]
SQL: SELECT * FROM `hm_goods_attr_value` WHERE `goods_id` = 18  [ RunTime:0.0000s ]
SQL: SHOW COLUMNS FROM `hm_goods_spec_value` [ RunTime:0.0030s ]
SQL: SELECT * FROM `hm_goods_spec_value` WHERE `goods_id` = 18  [ RunTime:0.0010s ]
SQL: SHOW COLUMNS FROM `hm_goods_class` [ RunTime:0.0030s ]
SQL: SELECT `type_id` FROM `hm_goods_class` WHERE `gc_id` = 1 LIMIT 1   [ RunTime:0.0010s ]
SQL: SHOW COLUMNS FROM `hm_goods_type` [ RunTime:0.0030s ]
SQL: SELECT * FROM `hm_goods_type` WHERE `type_id` = 1 LIMIT 1   [ RunTime:0.0000s ]
SQL: SHOW COLUMNS FROM `hm_goods_attr` [ RunTime:0.0030s ]
SQL: SELECT * FROM `hm_goods_attr` WHERE `attr_id` IN ('2','5')  [ RunTime:0.0010s ]
SQL: SHOW COLUMNS FROM `hm_goods_spec` [ RunTime:0.0030s ]
SQL: SELECT * FROM `hm_goods_spec` WHERE `spec_id` IN ('1','6','7')  [ RunTime:0.0010s ]
SQL: SHOW COLUMNS FROM `hm_goods_brand` [ RunTime:0.0030s ]
SQL: SELECT * FROM `hm_goods_brand` WHERE `brand_id` IN ('4','5','6')  [ RunTime:0.0010s ]
INFO: [ view_parse ] --START--
INFO: [ template_filter ] --START--
INFO: Run Behavior\ContentReplaceBehavior [ RunTime:0.000000s ]
INFO: [ template_filter ] --END-- [ RunTime:0.001000s ]
INFO: Run Behavior\ParseTemplateBehavior [ RunTime:0.055000s ]
INFO: [ view_parse ] --END-- [ RunTime:0.055000s ]
INFO: [ view_filter ] --START--
INFO: Run Behavior\WriteHtmlCacheBehavior [ RunTime:0.001000s ]
INFO: [ view_filter ] --END-- [ RunTime:0.002000s ]
INFO: [ app_end ] --START--
INFO: Run Behavior\ShowPageTraceBehavior [ RunTime:0.002000s ]
INFO: [ app_end ] --END-- [ RunTime:0.002000s ]

[ 2015-11-03T16:16:02+08:00 ] ::1 /hmall/index.php/Admin/admin/
INFO: [ app_init ] --START--
INFO: Run Behavior\BuildLiteBehavior [ RunTime:0.000000s ]
INFO: [ app_init ] --END-- [ RunTime:0.001000s ]
INFO: [ app_begin ] --START--
INFO: Run Behavior\ReadHtmlCacheBehavior [ RunTime:0.001000s ]
INFO: [ app_begin ] --END-- [ RunTime:0.002000s ]
INFO: [ view_parse ] --START--
INFO: [ template_filter ] --START--
INFO: Run Behavior\ContentReplaceBehavior [ RunTime:0.000000s ]
INFO: [ template_filter ] --END-- [ RunTime:0.000000s ]
INFO: Run Behavior\ParseTemplateBehavior [ RunTime:0.033000s ]
INFO: [ view_parse ] --END-- [ RunTime:0.034000s ]
INFO: [ view_filter ] --START--
INFO: Run Behavior\WriteHtmlCacheBehavior [ RunTime:0.001000s ]
INFO: [ view_filter ] --END-- [ RunTime:0.001000s ]
INFO: [ app_end ] --START--
INFO: Run Behavior\ShowPageTraceBehavior [ RunTime:0.002000s ]
INFO: [ app_end ] --END-- [ RunTime:0.002000s ]

[ 2015-11-03T16:16:11+08:00 ] ::1 /hmall/index.php/Admin/goods/upload.html
INFO: [ app_init ] --START--
INFO: Run Behavior\BuildLiteBehavior [ RunTime:0.000000s ]
INFO: [ app_init ] --END-- [ RunTime:0.001000s ]
INFO: [ app_begin ] --START--
INFO: Run Behavior\ReadHtmlCacheBehavior [ RunTime:0.001000s ]
INFO: [ app_begin ] --END-- [ RunTime:0.001000s ]
NOTIC: [2] call_user_func() expects parameter 1 to be a valid callback, no array or string given F:\wamp\www\hmall\ThinkPHP\Library\Think\Upload.class.php 第 170 行.
INFO: [ app_end ] --START--
INFO: Run Behavior\ShowPageTraceBehavior [ RunTime:0.001000s ]
INFO: [ app_end ] --END-- [ RunTime:0.001000s ]

[ 2015-11-03T16:16:14+08:00 ] ::1 /hmall/index.php/Admin/goods/upload.html
INFO: [ app_init ] --START--
INFO: Run Behavior\BuildLiteBehavior [ RunTime:0.000000s ]
INFO: [ app_init ] --END-- [ RunTime:0.001000s ]
INFO: [ app_begin ] --START--
INFO: Run Behavior\ReadHtmlCacheBehavior [ RunTime:0.003000s ]
INFO: [ app_begin ] --END-- [ RunTime:0.003000s ]
NOTIC: [2] call_user_func() expects parameter 1 to be a valid callback, no array or string given F:\wamp\www\hmall\ThinkPHP\Library\Think\Upload.class.php 第 170 行.
INFO: [ app_end ] --START--
INFO: Run Behavior\ShowPageTraceBehavior [ RunTime:0.003000s ]
INFO: [ app_end ] --END-- [ RunTime:0.003000s ]

[ 2015-11-03T16:16:16+08:00 ] ::1 /hmall/index.php/Admin/goods/edit/uid/18.html
INFO: [ app_init ] --START--
INFO: Run Behavior\BuildLiteBehavior [ RunTime:0.000000s ]
INFO: [ app_init ] --END-- [ RunTime:0.000000s ]
INFO: [ app_begin ] --START--
INFO: Run Behavior\ReadHtmlCacheBehavior [ RunTime:0.002000s ]
INFO: [ app_begin ] --END-- [ RunTime:0.002000s ]
SQL: SHOW COLUMNS FROM `hm_goods` [ RunTime:0.0040s ]
SQL: SELECT COUNT(*) AS tp_count FROM `hm_goods` WHERE `goods_id` <> '18' AND `goods_name` = '男士T恤衫' LIMIT 1   [ RunTime:0.0010s ]
SQL: UPDATE `hm_goods` SET `gc_id`='1',`goods_name`='男士T恤衫',`goods_num`='3600012',`goods_price`='150.00',`goods_storage`='78',`goods_show`='1',`goods_recommend`='0',`goods_max_price`='245.00',`goods_min_price`='150.00',`goods_image`='2015-11-03/56386d4b25990.jpg',`spec_open`='1',`attr_open`='1' WHERE `goods_id` = 18 [ RunTime:0.0010s ]
SQL: SHOW COLUMNS FROM `hm_attachment` [ RunTime:0.0040s ]
SQL: DELETE FROM `hm_attachment` WHERE `related_id` = 18 [ RunTime:0.0010s ]
SQL: SELECT * FROM `hm_attachment` WHERE `atta_name` = '2015-11-03/56386d4b25990.jpg' LIMIT 1   [ RunTime:0.0010s ]
SQL: INSERT INTO `hm_attachment` (`related_id`,`atta_name`,`atta_type`,`add_time`) VALUES ('18','2015-11-03/56386d4b25990.jpg','goods','1446538576') [ RunTime:0.0000s ]
SQL: SELECT * FROM `hm_attachment` WHERE `atta_name` = '2015-11-03/56386d4e343f0.jpg' LIMIT 1   [ RunTime:0.0010s ]
SQL: INSERT INTO `hm_attachment` (`related_id`,`atta_name`,`atta_type`,`add_time`) VALUES ('18','2015-11-03/56386d4e343f0.jpg','goods','1446538576') [ RunTime:0.0000s ]
SQL: SHOW COLUMNS FROM `hm_goods_spec_value` [ RunTime:0.0030s ]
SQL: DELETE FROM `hm_goods_spec_value` WHERE `goods_id` = 18 [ RunTime:0.0010s ]
SQL: INSERT INTO `hm_goods_spec_value` (`goods_id`,`spec_goods_seri`,`spec_goods_price`,`spec_goods_storage`) VALUES ('18','a:2:{i:0;s:38:\"{implode($svalue[\'spec_goods_seri\'], \'\";i:1;s:3:\"\')}\";}','150.00','13') [ RunTime:0.0000s ]
SQL: INSERT INTO `hm_goods_spec_value` (`goods_id`,`spec_goods_seri`,`spec_goods_price`,`spec_goods_storage`) VALUES ('18','a:2:{i:0;s:38:\"{implode($svalue[\'spec_goods_seri\'], \'\";i:1;s:3:\"\')}\";}','168.00','12') [ RunTime:0.0010s ]
SQL: INSERT INTO `hm_goods_spec_value` (`goods_id`,`spec_goods_seri`,`spec_goods_price`,`spec_goods_storage`) VALUES ('18','a:2:{i:0;s:38:\"{implode($svalue[\'spec_goods_seri\'], \'\";i:1;s:3:\"\')}\";}','178.00','10') [ RunTime:0.0000s ]
SQL: INSERT INTO `hm_goods_spec_value` (`goods_id`,`spec_goods_seri`,`spec_goods_price`,`spec_goods_storage`) VALUES ('18','a:2:{i:0;s:38:\"{implode($svalue[\'spec_goods_seri\'], \'\";i:1;s:3:\"\')}\";}','222.00','15') [ RunTime:0.0000s ]
SQL: INSERT INTO `hm_goods_spec_value` (`goods_id`,`spec_goods_seri`,`spec_goods_price`,`spec_goods_storage`) VALUES ('18','a:2:{i:0;s:38:\"{implode($svalue[\'spec_goods_seri\'], \'\";i:1;s:3:\"\')}\";}','230.00','12') [ RunTime:0.0010s ]
SQL: INSERT INTO `hm_goods_spec_value` (`goods_id`,`spec_goods_seri`,`spec_goods_price`,`spec_goods_storage`) VALUES ('18','a:2:{i:0;s:38:\"{implode($svalue[\'spec_goods_seri\'], \'\";i:1;s:3:\"\')}\";}','245.00','16') [ RunTime:0.0000s ]
SQL: SHOW COLUMNS FROM `hm_goods_attr_value` [ RunTime:0.0030s ]
SQL: DELETE FROM `hm_goods_attr_value` WHERE `goods_id` = 18 [ RunTime:0.0000s ]
SQL: INSERT INTO `hm_goods_attr_value` (`goods_id`,`attr_id`,`attr_value`) VALUES ('18','2','0') [ RunTime:0.0000s ]
SQL: INSERT INTO `hm_goods_attr_value` (`goods_id`,`attr_id`,`attr_value`) VALUES ('18','5','0') [ RunTime:0.0000s ]

[ 2015-11-03T16:16:19+08:00 ] ::1 /hmall/index.php/Admin/goods/index.html?_=1446538579349
INFO: [ app_init ] --START--
INFO: Run Behavior\BuildLiteBehavior [ RunTime:0.000000s ]
INFO: [ app_init ] --END-- [ RunTime:0.001000s ]
INFO: [ app_begin ] --START--
INFO: Run Behavior\ReadHtmlCacheBehavior [ RunTime:0.001000s ]
INFO: [ app_begin ] --END-- [ RunTime:0.002000s ]
SQL: SHOW COLUMNS FROM `hm_goods` [ RunTime:0.0040s ]
SQL: SELECT COUNT(*) AS tp_count FROM `hm_goods` LIMIT 1   [ RunTime:0.0000s ]
SQL: SELECT * FROM `hm_goods` ORDER BY goods_id ASC LIMIT 0,5   [ RunTime:0.0010s ]
INFO: [ view_parse ] --START--
INFO: [ template_filter ] --START--
INFO: Run Behavior\ContentReplaceBehavior [ RunTime:0.000000s ]
INFO: [ template_filter ] --END-- [ RunTime:0.001000s ]
NOTIC: [8] Undefined index: gc_name F:\wamp\www\hmall\Application\Runtime\Cache\Admin\be76b01b172771da708e23523e315e7c.php 第 70 行.
NOTIC: [8] Undefined index: gc_name F:\wamp\www\hmall\Application\Runtime\Cache\Admin\be76b01b172771da708e23523e315e7c.php 第 70 行.
NOTIC: [8] Undefined index: gc_name F:\wamp\www\hmall\Application\Runtime\Cache\Admin\be76b01b172771da708e23523e315e7c.php 第 70 行.
NOTIC: [8] Undefined index: gc_name F:\wamp\www\hmall\Application\Runtime\Cache\Admin\be76b01b172771da708e23523e315e7c.php 第 70 行.
INFO: Run Behavior\ParseTemplateBehavior [ RunTime:0.026000s ]
INFO: [ view_parse ] --END-- [ RunTime:0.026000s ]
INFO: [ view_filter ] --START--
INFO: Run Behavior\WriteHtmlCacheBehavior [ RunTime:0.001000s ]
INFO: [ view_filter ] --END-- [ RunTime:0.002000s ]
INFO: [ app_end ] --START--
INFO: Run Behavior\ShowPageTraceBehavior [ RunTime:0.001000s ]
INFO: [ app_end ] --END-- [ RunTime:0.001000s ]

[ 2015-11-03T16:16:24+08:00 ] ::1 /hmall/index.php/Admin/goods/edit/uid/19.html?_=1446538584495
INFO: [ app_init ] --START--
INFO: Run Behavior\BuildLiteBehavior [ RunTime:0.000000s ]
INFO: [ app_init ] --END-- [ RunTime:0.001000s ]
INFO: [ app_begin ] --START--
INFO: Run Behavior\ReadHtmlCacheBehavior [ RunTime:0.001000s ]
INFO: [ app_begin ] --END-- [ RunTime:0.002000s ]
SQL: SHOW COLUMNS FROM `hm_goods` [ RunTime:0.0040s ]
SQL: SELECT * FROM `hm_goods` WHERE `goods_id` = 19 LIMIT 1   [ RunTime:0.0000s ]
SQL: SHOW COLUMNS FROM `hm_attachment` [ RunTime:0.0030s ]
SQL: SELECT * FROM `hm_attachment` WHERE `related_id` = 19  [ RunTime:0.0010s ]
SQL: SHOW COLUMNS FROM `hm_goods_attr_value` [ RunTime:0.0030s ]
SQL: SELECT * FROM `hm_goods_attr_value` WHERE `goods_id` = 19  [ RunTime:0.0010s ]
SQL: SHOW COLUMNS FROM `hm_goods_spec_value` [ RunTime:0.0030s ]
SQL: SELECT * FROM `hm_goods_spec_value` WHERE `goods_id` = 19  [ RunTime:0.0000s ]
SQL: SHOW COLUMNS FROM `hm_goods_class` [ RunTime:0.0030s ]
SQL: SELECT `type_id` FROM `hm_goods_class` WHERE `gc_id` = 1 LIMIT 1   [ RunTime:0.0010s ]
SQL: SHOW COLUMNS FROM `hm_goods_type` [ RunTime:0.0030s ]
SQL: SELECT * FROM `hm_goods_type` WHERE `type_id` = 1 LIMIT 1   [ RunTime:0.0010s ]
SQL: SHOW COLUMNS FROM `hm_goods_attr` [ RunTime:0.0030s ]
SQL: SELECT * FROM `hm_goods_attr` WHERE `attr_id` IN ('2','5')  [ RunTime:0.0000s ]
SQL: SHOW COLUMNS FROM `hm_goods_spec` [ RunTime:0.0030s ]
SQL: SELECT * FROM `hm_goods_spec` WHERE `spec_id` IN ('1','6','7')  [ RunTime:0.0010s ]
SQL: SHOW COLUMNS FROM `hm_goods_brand` [ RunTime:0.0030s ]
SQL: SELECT * FROM `hm_goods_brand` WHERE `brand_id` IN ('4','5','6')  [ RunTime:0.0000s ]
INFO: [ view_parse ] --START--
INFO: [ template_filter ] --START--
INFO: Run Behavior\ContentReplaceBehavior [ RunTime:0.000000s ]
INFO: [ template_filter ] --END-- [ RunTime:0.001000s ]
NOTIC: [8] Undefined index: {implode($svalue['spec_goods_seri'], ' F:\wamp\www\hmall\Application\Runtime\Cache\Admin\4c9ab59bdfc18f8358137dd4c4ca6530.php 第 55 行.
NOTIC: [8] Undefined offset: 1 F:\wamp\www\hmall\Application\Runtime\Cache\Admin\4c9ab59bdfc18f8358137dd4c4ca6530.php 第 55 行.
NOTIC: [8] Undefined index: ')} F:\wamp\www\hmall\Application\Runtime\Cache\Admin\4c9ab59bdfc18f8358137dd4c4ca6530.php 第 55 行.
NOTIC: [8] Undefined offset: 1 F:\wamp\www\hmall\Application\Runtime\Cache\Admin\4c9ab59bdfc18f8358137dd4c4ca6530.php 第 55 行.
NOTIC: [8] Undefined index: {implode($svalue['spec_goods_seri'], ' F:\wamp\www\hmall\Application\Runtime\Cache\Admin\4c9ab59bdfc18f8358137dd4c4ca6530.php 第 55 行.
NOTIC: [8] Undefined offset: 1 F:\wamp\www\hmall\Application\Runtime\Cache\Admin\4c9ab59bdfc18f8358137dd4c4ca6530.php 第 55 行.
NOTIC: [8] Undefined index: ')} F:\wamp\www\hmall\Application\Runtime\Cache\Admin\4c9ab59bdfc18f8358137dd4c4ca6530.php 第 55 行.
NOTIC: [8] Undefined offset: 1 F:\wamp\www\hmall\Application\Runtime\Cache\Admin\4c9ab59bdfc18f8358137dd4c4ca6530.php 第 55 行.
INFO: Run Behavior\ParseTemplateBehavior [ RunTime:0.056000s ]
INFO: [ view_parse ] --END-- [ RunTime:0.056000s ]
INFO: [ view_filter ] --START--
INFO: Run Behavior\WriteHtmlCacheBehavior [ RunTime:0.002000s ]
INFO: [ view_filter ] --END-- [ RunTime:0.002000s ]
INFO: [ app_end ] --START--
INFO: Run Behavior\ShowPageTraceBehavior [ RunTime:0.001000s ]
INFO: [ app_end ] --END-- [ RunTime:0.002000s ]

[ 2015-11-03T16:16:24+08:00 ] ::1 /hmall/index.php/Admin/admin/
INFO: [ app_init ] --START--
INFO: Run Behavior\BuildLiteBehavior [ RunTime:0.000000s ]
INFO: [ app_init ] --END-- [ RunTime:0.000000s ]
INFO: [ app_begin ] --START--
INFO: Run Behavior\ReadHtmlCacheBehavior [ RunTime:0.001000s ]
INFO: [ app_begin ] --END-- [ RunTime:0.001000s ]
INFO: [ view_parse ] --START--
INFO: [ template_filter ] --START--
INFO: Run Behavior\ContentReplaceBehavior [ RunTime:0.001000s ]
INFO: [ template_filter ] --END-- [ RunTime:0.001000s ]
INFO: Run Behavior\ParseTemplateBehavior [ RunTime:0.036000s ]
INFO: [ view_parse ] --END-- [ RunTime:0.036000s ]
INFO: [ view_filter ] --START--
INFO: Run Behavior\WriteHtmlCacheBehavior [ RunTime:0.001000s ]
INFO: [ view_filter ] --END-- [ RunTime:0.001000s ]
INFO: [ app_end ] --START--
INFO: Run Behavior\ShowPageTraceBehavior [ RunTime:0.002000s ]
INFO: [ app_end ] --END-- [ RunTime:0.002000s ]

[ 2015-11-03T16:16:26+08:00 ] ::1 /hmall/index.php/Admin/goods/index.html?_=1446538586784
INFO: [ app_init ] --START--
INFO: Run Behavior\BuildLiteBehavior [ RunTime:0.000000s ]
INFO: [ app_init ] --END-- [ RunTime:0.001000s ]
INFO: [ app_begin ] --START--
INFO: Run Behavior\ReadHtmlCacheBehavior [ RunTime:0.002000s ]
INFO: [ app_begin ] --END-- [ RunTime:0.002000s ]
SQL: SHOW COLUMNS FROM `hm_goods` [ RunTime:0.0040s ]
SQL: SELECT COUNT(*) AS tp_count FROM `hm_goods` LIMIT 1   [ RunTime:0.0000s ]
SQL: SELECT * FROM `hm_goods` ORDER BY goods_id ASC LIMIT 0,5   [ RunTime:0.0010s ]
INFO: [ view_parse ] --START--
INFO: [ template_filter ] --START--
INFO: Run Behavior\ContentReplaceBehavior [ RunTime:0.000000s ]
INFO: [ template_filter ] --END-- [ RunTime:0.001000s ]
NOTIC: [8] Undefined index: gc_name F:\wamp\www\hmall\Application\Runtime\Cache\Admin\be76b01b172771da708e23523e315e7c.php 第 70 行.
NOTIC: [8] Undefined index: gc_name F:\wamp\www\hmall\Application\Runtime\Cache\Admin\be76b01b172771da708e23523e315e7c.php 第 70 行.
NOTIC: [8] Undefined index: gc_name F:\wamp\www\hmall\Application\Runtime\Cache\Admin\be76b01b172771da708e23523e315e7c.php 第 70 行.
NOTIC: [8] Undefined index: gc_name F:\wamp\www\hmall\Application\Runtime\Cache\Admin\be76b01b172771da708e23523e315e7c.php 第 70 行.
INFO: Run Behavior\ParseTemplateBehavior [ RunTime:0.027000s ]
INFO: [ view_parse ] --END-- [ RunTime:0.027000s ]
INFO: [ view_filter ] --START--
INFO: Run Behavior\WriteHtmlCacheBehavior [ RunTime:0.001000s ]
INFO: [ view_filter ] --END-- [ RunTime:0.002000s ]
INFO: [ app_end ] --START--
INFO: Run Behavior\ShowPageTraceBehavior [ RunTime:0.002000s ]
INFO: [ app_end ] --END-- [ RunTime:0.002000s ]

[ 2015-11-03T16:16:28+08:00 ] ::1 /hmall/index.php/Admin/goods/edit/uid/17.html?_=1446538588298
INFO: [ app_init ] --START--
INFO: Run Behavior\BuildLiteBehavior [ RunTime:0.000000s ]
INFO: [ app_init ] --END-- [ RunTime:0.001000s ]
INFO: [ app_begin ] --START--
INFO: Run Behavior\ReadHtmlCacheBehavior [ RunTime:0.006000s ]
INFO: [ app_begin ] --END-- [ RunTime:0.006000s ]
SQL: SHOW COLUMNS FROM `hm_goods` [ RunTime:0.0040s ]
SQL: SELECT * FROM `hm_goods` WHERE `goods_id` = 17 LIMIT 1   [ RunTime:0.0010s ]
SQL: SHOW COLUMNS FROM `hm_attachment` [ RunTime:0.0030s ]
SQL: SELECT * FROM `hm_attachment` WHERE `related_id` = 17  [ RunTime:0.0000s ]
SQL: SHOW COLUMNS FROM `hm_goods_attr_value` [ RunTime:0.0030s ]
SQL: SELECT * FROM `hm_goods_attr_value` WHERE `goods_id` = 17  [ RunTime:0.0010s ]
SQL: SHOW COLUMNS FROM `hm_goods_spec_value` [ RunTime:0.0030s ]
SQL: SELECT * FROM `hm_goods_spec_value` WHERE `goods_id` = 17  [ RunTime:0.0010s ]
SQL: SHOW COLUMNS FROM `hm_goods_class` [ RunTime:0.0030s ]
SQL: SELECT `type_id` FROM `hm_goods_class` WHERE `gc_id` = 4 LIMIT 1   [ RunTime:0.0000s ]
SQL: SHOW COLUMNS FROM `hm_goods_type` [ RunTime:0.0030s ]
SQL: SELECT * FROM `hm_goods_type` WHERE `type_id` = 1 LIMIT 1   [ RunTime:0.0010s ]
SQL: SHOW COLUMNS FROM `hm_goods_attr` [ RunTime:0.0040s ]
SQL: SELECT * FROM `hm_goods_attr` WHERE `attr_id` IN ('2','5')  [ RunTime:0.0000s ]
SQL: SHOW COLUMNS FROM `hm_goods_spec` [ RunTime:0.0030s ]
SQL: SELECT * FROM `hm_goods_spec` WHERE `spec_id` IN ('1','6','7')  [ RunTime:0.0000s ]
SQL: SHOW COLUMNS FROM `hm_goods_brand` [ RunTime:0.0030s ]
SQL: SELECT * FROM `hm_goods_brand` WHERE `brand_id` IN ('4','5','6')  [ RunTime:0.0010s ]
INFO: [ view_parse ] --START--
INFO: [ template_filter ] --START--
INFO: Run Behavior\ContentReplaceBehavior [ RunTime:0.000000s ]
INFO: [ template_filter ] --END-- [ RunTime:0.001000s ]
INFO: Run Behavior\ParseTemplateBehavior [ RunTime:0.054000s ]
INFO: [ view_parse ] --END-- [ RunTime:0.054000s ]
INFO: [ view_filter ] --START--
INFO: Run Behavior\WriteHtmlCacheBehavior [ RunTime:0.001000s ]
INFO: [ view_filter ] --END-- [ RunTime:0.002000s ]
INFO: [ app_end ] --START--
INFO: Run Behavior\ShowPageTraceBehavior [ RunTime:0.003000s ]
INFO: [ app_end ] --END-- [ RunTime:0.003000s ]

[ 2015-11-03T16:16:28+08:00 ] ::1 /hmall/index.php/Admin/admin/
INFO: [ app_init ] --START--
INFO: Run Behavior\BuildLiteBehavior [ RunTime:0.000000s ]
INFO: [ app_init ] --END-- [ RunTime:0.001000s ]
INFO: [ app_begin ] --START--
INFO: Run Behavior\ReadHtmlCacheBehavior [ RunTime:0.002000s ]
INFO: [ app_begin ] --END-- [ RunTime:0.002000s ]
INFO: [ view_parse ] --START--
INFO: [ template_filter ] --START--
INFO: Run Behavior\ContentReplaceBehavior [ RunTime:0.001000s ]
INFO: [ template_filter ] --END-- [ RunTime:0.001000s ]
INFO: Run Behavior\ParseTemplateBehavior [ RunTime:0.035000s ]
INFO: [ view_parse ] --END-- [ RunTime:0.036000s ]
INFO: [ view_filter ] --START--
INFO: Run Behavior\WriteHtmlCacheBehavior [ RunTime:0.001000s ]
INFO: [ view_filter ] --END-- [ RunTime:0.001000s ]
INFO: [ app_end ] --START--
INFO: Run Behavior\ShowPageTraceBehavior [ RunTime:0.002000s ]
INFO: [ app_end ] --END-- [ RunTime:0.003000s ]

[ 2015-11-03T16:16:32+08:00 ] ::1 /hmall/index.php/Admin/goods/upload.html
INFO: [ app_init ] --START--
INFO: Run Behavior\BuildLiteBehavior [ RunTime:0.000000s ]
INFO: [ app_init ] --END-- [ RunTime:0.001000s ]
INFO: [ app_begin ] --START--
INFO: Run Behavior\ReadHtmlCacheBehavior [ RunTime:0.002000s ]
INFO: [ app_begin ] --END-- [ RunTime:0.002000s ]
NOTIC: [2] call_user_func() expects parameter 1 to be a valid callback, no array or string given F:\wamp\www\hmall\ThinkPHP\Library\Think\Upload.class.php 第 170 行.
INFO: [ app_end ] --START--
INFO: Run Behavior\ShowPageTraceBehavior [ RunTime:0.001000s ]
INFO: [ app_end ] --END-- [ RunTime:0.001000s ]

[ 2015-11-03T16:16:34+08:00 ] ::1 /hmall/index.php/Admin/goods/edit/uid/17.html
INFO: [ app_init ] --START--
INFO: Run Behavior\BuildLiteBehavior [ RunTime:0.000000s ]
INFO: [ app_init ] --END-- [ RunTime:0.000000s ]
INFO: [ app_begin ] --START--
INFO: Run Behavior\ReadHtmlCacheBehavior [ RunTime:0.001000s ]
INFO: [ app_begin ] --END-- [ RunTime:0.001000s ]
SQL: SHOW COLUMNS FROM `hm_goods` [ RunTime:0.0030s ]
SQL: SELECT COUNT(*) AS tp_count FROM `hm_goods` WHERE `goods_id` <> '17' AND `goods_name` = '女士裙子2' LIMIT 1   [ RunTime:0.0010s ]
SQL: UPDATE `hm_goods` SET `gc_id`='4',`goods_name`='女士裙子2',`goods_num`='36000005',`goods_price`='34.00',`goods_storage`='138',`goods_show`='1',`goods_recommend`='1',`goods_max_price`='48.00',`goods_min_price`='34.00',`goods_image`='2015-11-03/56386d60b4aa0.jpg',`spec_open`='1',`attr_open`='1' WHERE `goods_id` = 17 [ RunTime:0.0000s ]
SQL: SHOW COLUMNS FROM `hm_attachment` [ RunTime:0.0030s ]
SQL: DELETE FROM `hm_attachment` WHERE `related_id` = 17 [ RunTime:0.0010s ]
SQL: SELECT * FROM `hm_attachment` WHERE `atta_name` = '2015-11-03/56386d60b4aa0.jpg' LIMIT 1   [ RunTime:0.0000s ]
SQL: INSERT INTO `hm_attachment` (`related_id`,`atta_name`,`atta_type`,`add_time`) VALUES ('17','2015-11-03/56386d60b4aa0.jpg','goods','1446538594') [ RunTime:0.0000s ]
SQL: SHOW COLUMNS FROM `hm_goods_spec_value` [ RunTime:0.0030s ]
SQL: DELETE FROM `hm_goods_spec_value` WHERE `goods_id` = 17 [ RunTime:0.0000s ]
SQL: INSERT INTO `hm_goods_spec_value` (`goods_id`,`spec_goods_seri`,`spec_goods_price`,`spec_goods_storage`) VALUES ('17','a:2:{i:0;s:38:\"{implode($svalue[\'spec_goods_seri\'], \'\";i:1;s:3:\"\')}\";}','34.00','46') [ RunTime:0.0010s ]
SQL: INSERT INTO `hm_goods_spec_value` (`goods_id`,`spec_goods_seri`,`spec_goods_price`,`spec_goods_storage`) VALUES ('17','a:2:{i:0;s:38:\"{implode($svalue[\'spec_goods_seri\'], \'\";i:1;s:3:\"\')}\";}','36.00','46') [ RunTime:0.0000s ]
SQL: INSERT INTO `hm_goods_spec_value` (`goods_id`,`spec_goods_seri`,`spec_goods_price`,`spec_goods_storage`) VALUES ('17','a:2:{i:0;s:38:\"{implode($svalue[\'spec_goods_seri\'], \'\";i:1;s:3:\"\')}\";}','48.00','46') [ RunTime:0.0010s ]
SQL: SHOW COLUMNS FROM `hm_goods_attr_value` [ RunTime:0.0040s ]
SQL: DELETE FROM `hm_goods_attr_value` WHERE `goods_id` = 17 [ RunTime:0.0010s ]
SQL: INSERT INTO `hm_goods_attr_value` (`goods_id`,`attr_id`,`attr_value`) VALUES ('17','5','0') [ RunTime:0.0010s ]

[ 2015-11-03T16:17:11+08:00 ] ::1 /hmall/index.php/Admin/goods/edit/uid/17.html
INFO: [ app_init ] --START--
INFO: Run Behavior\BuildLiteBehavior [ RunTime:0.000000s ]
INFO: [ app_init ] --END-- [ RunTime:0.000000s ]
INFO: [ app_begin ] --START--
INFO: Run Behavior\ReadHtmlCacheBehavior [ RunTime:0.001000s ]
INFO: [ app_begin ] --END-- [ RunTime:0.001000s ]
SQL: SHOW COLUMNS FROM `hm_goods` [ RunTime:0.0030s ]
SQL: SELECT COUNT(*) AS tp_count FROM `hm_goods` WHERE `goods_id` <> '17' AND `goods_name` = '女士裙子2' LIMIT 1   [ RunTime:0.0000s ]
SQL: UPDATE `hm_goods` SET `gc_id`='4',`goods_name`='女士裙子2',`goods_num`='36000005',`goods_price`='34.00',`goods_storage`='138',`goods_show`='1',`goods_recommend`='1',`goods_max_price`='48.00',`goods_min_price`='34.00',`goods_image`='2015-11-03/56386d60b4aa0.jpg',`spec_open`='1',`attr_open`='1' WHERE `goods_id` = 17 [ RunTime:0.0010s ]

[ 2015-11-03T16:17:13+08:00 ] ::1 /hmall/index.php/Admin/goods/index.html?_=1446538633816
INFO: [ app_init ] --START--
INFO: Run Behavior\BuildLiteBehavior [ RunTime:0.000000s ]
INFO: [ app_init ] --END-- [ RunTime:0.001000s ]
INFO: [ app_begin ] --START--
INFO: Run Behavior\ReadHtmlCacheBehavior [ RunTime:0.001000s ]
INFO: [ app_begin ] --END-- [ RunTime:0.002000s ]
SQL: SHOW COLUMNS FROM `hm_goods` [ RunTime:0.0030s ]
SQL: SELECT COUNT(*) AS tp_count FROM `hm_goods` LIMIT 1   [ RunTime:0.0000s ]
SQL: SELECT * FROM `hm_goods` ORDER BY goods_id ASC LIMIT 0,5   [ RunTime:0.0010s ]
INFO: [ view_parse ] --START--
INFO: [ template_filter ] --START--
INFO: Run Behavior\ContentReplaceBehavior [ RunTime:0.000000s ]
INFO: [ template_filter ] --END-- [ RunTime:0.000000s ]
NOTIC: [8] Undefined index: gc_name F:\wamp\www\hmall\Application\Runtime\Cache\Admin\be76b01b172771da708e23523e315e7c.php 第 70 行.
NOTIC: [8] Undefined index: gc_name F:\wamp\www\hmall\Application\Runtime\Cache\Admin\be76b01b172771da708e23523e315e7c.php 第 70 行.
NOTIC: [8] Undefined index: gc_name F:\wamp\www\hmall\Application\Runtime\Cache\Admin\be76b01b172771da708e23523e315e7c.php 第 70 行.
NOTIC: [8] Undefined index: gc_name F:\wamp\www\hmall\Application\Runtime\Cache\Admin\be76b01b172771da708e23523e315e7c.php 第 70 行.
INFO: Run Behavior\ParseTemplateBehavior [ RunTime:0.026000s ]
INFO: [ view_parse ] --END-- [ RunTime:0.026000s ]
INFO: [ view_filter ] --START--
INFO: Run Behavior\WriteHtmlCacheBehavior [ RunTime:0.001000s ]
INFO: [ view_filter ] --END-- [ RunTime:0.001000s ]
INFO: [ app_end ] --START--
INFO: Run Behavior\ShowPageTraceBehavior [ RunTime:0.001000s ]
INFO: [ app_end ] --END-- [ RunTime:0.001000s ]

